2023-12-13 14:26:03,102 [INFO] Activator:176 - 


2023-12-13 14:26:03,107 [INFO] Activator:177 - !SESSION log4j initialized
2023-12-13 14:26:15,673 [INFO] LogOutputStream:77 - [STDOUT_REDIRECT] 
2023-12-13 14:26:16,877 [ERROR] ConfigurationRetriever:142 - IOException on connection: sw-center.st.com
2023-12-13 14:26:16,879 [ERROR] ConfigurationRetriever:142 - IOException on connection: sw-center.st.com
2023-12-13 14:26:16,880 [ERROR] ConfigurationRetriever:142 - IOException on connection: sw-center.st.com
2023-12-13 14:26:21,958 [INFO] ApplicationProperties:184 - Using Application install path: C:\ST\STM32CubeIDE_1.13.0\STM32CubeIDE\plugins\com.st.stm32cube.common.mx_6.9.0.202307051724
2023-12-13 14:26:22,012 [INFO] DbMcusXml:78 - Set database path to: C:\ST\STM32CubeIDE_1.13.0\STM32CubeIDE\plugins\com.st.stm32cube.common.mx_6.9.0.202307051724\\db\/mcu/
2023-12-13 14:26:22,012 [INFO] ApiDb:274 - Set plugin database path to: C:\ST\STM32CubeIDE_1.13.0\STM32CubeIDE\plugins\com.st.stm32cube.common.mx_6.9.0.202307051724\\db\/plugins/boardmanager/
2023-12-13 14:26:22,013 [WARN] ApiDb:259 - Overriding images path with different value:  => C:\ST\STM32CubeIDE_1.13.0\STM32CubeIDE\plugins\com.st.stm32cube.common.mx_6.9.0.202307051724\\db\/plugins/mcufinder/images/
2023-12-13 14:26:22,197 [INFO] ApiDb:250 - Set database path to: C:\Users\irsha\.stmcufinder\plugins\mcufinder//mcu/
2023-12-13 14:26:22,200 [INFO] DbMcusAds:125 - Set database path to: C:\Users\irsha\.stmcufinder\plugins\mcufinder//mcu/
2023-12-13 14:26:22,210 [INFO] CrossReferenceDbSqlite:203 - Set database path to: C:\Users\irsha\.stmcufinder\plugins\mcufinder//mcu/cs/
2023-12-13 14:26:22,581 [INFO] RulesReader:64 - Compatibility file has been processed (293 Rules)
2023-12-13 14:26:23,070 [INFO] DbMcusXml:78 - Set database path to: C:\ST\STM32CubeIDE_1.13.0\STM32CubeIDE\plugins\com.st.stm32cube.common.mx_6.9.0.202307051724\\db\/mcu/
2023-12-13 14:26:23,071 [INFO] ApiDb:274 - Set plugin database path to: C:\ST\STM32CubeIDE_1.13.0\STM32CubeIDE\plugins\com.st.stm32cube.common.mx_6.9.0.202307051724\\db\/plugins/boardmanager/
2023-12-13 14:26:23,071 [INFO] ApiDb:261 - Set plugin images path to: C:\ST\STM32CubeIDE_1.13.0\STM32CubeIDE\plugins\com.st.stm32cube.common.mx_6.9.0.202307051724\\db\/plugins/mcufinder/images/
2023-12-13 14:26:23,072 [WARN] DbFile:41 - Overriding database path with different value: C:\Users\irsha\.stmcufinder\plugins\mcufinder/ => C:\Users\irsha\.stmcufinder\plugins\mcufinder
2023-12-13 14:26:23,072 [INFO] ApiDb:250 - Set database path to: C:\Users\irsha\.stmcufinder\plugins\mcufinder//mcu/
2023-12-13 14:26:23,072 [WARN] DbFile:41 - Overriding database path with different value: C:\Users\irsha\.stmcufinder\plugins\mcufinder/ => C:\Users\irsha\.stmcufinder\plugins\mcufinder
2023-12-13 14:26:23,072 [INFO] DbMcusAds:125 - Set database path to: C:\Users\irsha\.stmcufinder\plugins\mcufinder//mcu/
2023-12-13 14:26:23,073 [WARN] DbFile:41 - Overriding database path with different value: C:\Users\irsha\.stmcufinder\plugins\mcufinder/ => C:\Users\irsha\.stmcufinder\plugins\mcufinder
2023-12-13 14:26:23,073 [WARN] DbFile:41 - Overriding database path with different value: C:\Users\irsha\.stmcufinder\plugins\mcufinder/ => C:\Users\irsha\.stmcufinder\plugins\mcufinder
2023-12-13 14:26:23,073 [INFO] CrossReferenceDbSqlite:203 - Set database path to: C:\Users\irsha\.stmcufinder\plugins\mcufinder//mcu/cs/
2023-12-13 14:26:23,526 [INFO] MainPanel:262 - HeapMemory: 268435456
2023-12-13 14:26:24,328 [INFO] DbMcusXml:78 - Set database path to: C:\ST\STM32CubeIDE_1.13.0\STM32CubeIDE\plugins\com.st.stm32cube.common.mx_6.9.0.202307051724\\db\/mcu/
2023-12-13 14:26:24,329 [INFO] ApiDb:274 - Set plugin database path to: C:\ST\STM32CubeIDE_1.13.0\STM32CubeIDE\plugins\com.st.stm32cube.common.mx_6.9.0.202307051724\\db\/plugins/boardmanager/
2023-12-13 14:26:24,329 [INFO] ApiDb:261 - Set plugin images path to: C:\ST\STM32CubeIDE_1.13.0\STM32CubeIDE\plugins\com.st.stm32cube.common.mx_6.9.0.202307051724\\db\/plugins/mcufinder/images/
2023-12-13 14:26:24,342 [WARN] DbFile:41 - Overriding database path with different value: C:\Users\irsha\.stmcufinder\plugins\mcufinder/ => C:\Users\irsha\.stmcufinder\plugins\mcufinder
2023-12-13 14:26:24,343 [INFO] ApiDb:250 - Set database path to: C:\Users\irsha\.stmcufinder\plugins\mcufinder//mcu/
2023-12-13 14:26:24,343 [WARN] DbFile:41 - Overriding database path with different value: C:\Users\irsha\.stmcufinder\plugins\mcufinder/ => C:\Users\irsha\.stmcufinder\plugins\mcufinder
2023-12-13 14:26:24,344 [INFO] DbMcusAds:125 - Set database path to: C:\Users\irsha\.stmcufinder\plugins\mcufinder//mcu/
2023-12-13 14:26:24,344 [WARN] DbFile:41 - Overriding database path with different value: C:\Users\irsha\.stmcufinder\plugins\mcufinder/ => C:\Users\irsha\.stmcufinder\plugins\mcufinder
2023-12-13 14:26:24,344 [WARN] DbFile:41 - Overriding database path with different value: C:\Users\irsha\.stmcufinder\plugins\mcufinder/ => C:\Users\irsha\.stmcufinder\plugins\mcufinder
2023-12-13 14:26:24,344 [INFO] CrossReferenceDbSqlite:203 - Set database path to: C:\Users\irsha\.stmcufinder\plugins\mcufinder//mcu/cs/
2023-12-13 14:26:24,468 [INFO] ApplicationProperties:184 - Using Application install path: C:\ST\STM32CubeIDE_1.13.0\STM32CubeIDE\plugins\com.st.stm32cube.common.mx_6.9.0.202307051724
2023-12-13 14:26:24,471 [INFO] PluginManage:196 - Search for loadable plugins [exclusion list=, ]
2023-12-13 14:26:24,498 [INFO] PluginManage:310 - Check plugin analytics
2023-12-13 14:26:25,168 [INFO] AnalyticsPlugin:253 - Accepted Software Licenses: 
2023-12-13 14:26:25,169 [INFO] AnalyticsPlugin:255 - Accepted CMSIS Pack Licenses: 
2023-12-13 14:26:25,170 [INFO] AnalyticsPlugin:257 - Accepted Firmware Licenses: FW.L4.1.18.0
2023-12-13 14:26:25,177 [INFO] PluginManage:359 - Loaded plugin analytics (category:tool,tabindex:-1)
2023-12-13 14:26:25,177 [INFO] PluginManage:310 - Check plugin cadmodel
2023-12-13 14:26:25,190 [ERROR] ConfigurationRetriever:142 - IOException on connection: sw-center.st.com
2023-12-13 14:26:25,194 [ERROR] ConfigurationRetriever:142 - IOException on connection: sw-center.st.com
2023-12-13 14:26:25,199 [ERROR] ConfigurationRetriever:142 - IOException on connection: sw-center.st.com
2023-12-13 14:26:25,297 [INFO] CADModel:105 - Init CAD model plugin
2023-12-13 14:26:25,298 [INFO] PluginManage:359 - Loaded plugin cadmodel (category:power,tabindex:5)
2023-12-13 14:26:25,298 [INFO] PluginManage:310 - Check plugin clock
2023-12-13 14:26:25,370 [INFO] PluginManage:359 - Loaded plugin clock (category:base,tabindex:2)
2023-12-13 14:26:25,371 [INFO] PluginManage:310 - Check plugin ddr
2023-12-13 14:26:25,396 [INFO] PluginManage:359 - Loaded plugin ddr (category:tool,tabindex:6)
2023-12-13 14:26:25,396 [INFO] PluginManage:310 - Check plugin filemanager
2023-12-13 14:26:25,939 [INFO] PluginManage:359 - Loaded plugin filemanager (category:base,tabindex:10)
2023-12-13 14:26:25,939 [INFO] PluginManage:310 - Check plugin ipmanager
2023-12-13 14:26:25,957 [INFO] PluginManage:359 - Loaded plugin ipmanager (category:base,tabindex:5)
2023-12-13 14:26:25,957 [INFO] PluginManage:310 - Check plugin lpbam
2023-12-13 14:26:26,039 [INFO] PluginManage:359 - Loaded plugin lpbam (category:base,tabindex:0)
2023-12-13 14:26:26,039 [INFO] PluginManage:310 - Check plugin memorymap
2023-12-13 14:26:26,103 [INFO] PluginManage:359 - Loaded plugin memorymap (category:base,tabindex:4)
2023-12-13 14:26:26,104 [INFO] PluginManage:310 - Check plugin pinoutandconfiguration
2023-12-13 14:26:26,162 [INFO] PluginManage:359 - Loaded plugin pinoutandconfiguration (category:base,tabindex:1)
2023-12-13 14:26:26,163 [INFO] PluginManage:310 - Check plugin pinoutconfig
2023-12-13 14:26:26,461 [WARN] SupportedApi:132 - Cannot load RTOS API schema: s4s-elt-must-match.1: The content of 'definitions' must match (annotation?, (simpleType | complexType)?, (unique | key | keyref)*)). A problem was found starting at: attribute.
2023-12-13 14:26:26,842 [INFO] PluginManage:359 - Loaded plugin pinoutconfig (category:base,tabindex:0)
2023-12-13 14:26:26,842 [INFO] PluginManage:310 - Check plugin power
2023-12-13 14:26:26,936 [INFO] PluginManage:359 - Loaded plugin power (category:power,tabindex:4)
2023-12-13 14:26:26,937 [INFO] PluginManage:310 - Check plugin projectmanager
2023-12-13 14:26:27,024 [INFO] PluginManage:359 - Loaded plugin projectmanager (category:projectmanager,tabindex:3)
2023-12-13 14:26:27,024 [INFO] PluginManage:310 - Check plugin thirdparty
2023-12-13 14:26:28,003 [INFO] PluginManage:359 - Loaded plugin thirdparty (category:base,tabindex:-1)
2023-12-13 14:26:28,003 [WARN] IntegrityCheckThread:84 - waiting for thirdparty lock release [integrity check]
2023-12-13 14:26:28,003 [INFO] PluginManage:310 - Check plugin tools
2023-12-13 14:26:28,003 [INFO] IntegrityCheckThread:86 - entering critical section [integrity check]
2023-12-13 14:26:28,004 [INFO] ThirdPartyUpdaterWithRetryManager:70 - Updater plugin not ready yet. [1/15]
2023-12-13 14:26:28,096 [INFO] PluginManage:359 - Loaded plugin tools (category:base,tabindex:7)
2023-12-13 14:26:28,096 [INFO] PluginManage:310 - Check plugin tutovideos
2023-12-13 14:26:28,544 [INFO] PluginManage:359 - Loaded plugin tutovideos (category:base,tabindex:-1)
2023-12-13 14:26:28,545 [INFO] PluginManage:310 - Check plugin updater
2023-12-13 14:26:28,583 [INFO] PluginManage:359 - Loaded plugin updater (category:base,tabindex:12)
2023-12-13 14:26:28,583 [INFO] PluginManage:310 - Check plugin userauth
2023-12-13 14:26:28,607 [INFO] UserAuth:113 - Init User Auth plugin
2023-12-13 14:26:28,608 [INFO] PluginManage:359 - Loaded plugin userauth (category:base,tabindex:14)
2023-12-13 14:26:28,609 [INFO] PluginManage:283 - PluginManage : Loaded plugins [17]
2023-12-13 14:26:29,767 [INFO] PinOutPanel:1499 - setPackage(No Configuration,No Configuration)
2023-12-13 14:26:30,430 [INFO] McuFinderGlobals:63 - Set McuFinder mode to 2 (CubeIDE integrated)
2023-12-13 14:26:30,497 [INFO] CADModel:165 - CPN selected for project level
2023-12-13 14:26:30,497 [INFO] CADModel:114 - Register for checkConnection events
2023-12-13 14:26:30,739 [INFO] IPUIPlugin:80 - create IPUIPlugin
2023-12-13 14:26:30,739 [INFO] PluginManager:220 - loadIPPluginJar : add adc
2023-12-13 14:26:30,918 [INFO] IPUIPlugin:80 - create IPUIPlugin
2023-12-13 14:26:30,918 [INFO] PluginManager:220 - loadIPPluginJar : add aes
2023-12-13 14:26:31,005 [INFO] ThirdPartyUpdaterWithRetryManager:70 - Updater plugin not ready yet. [2/15]
2023-12-13 14:26:31,033 [INFO] IPUIPlugin:80 - create IPUIPlugin
2023-12-13 14:26:31,033 [INFO] PluginManager:220 - loadIPPluginJar : add can
2023-12-13 14:26:31,080 [INFO] IPUIPlugin:80 - create IPUIPlugin
2023-12-13 14:26:31,080 [INFO] PluginManager:220 - loadIPPluginJar : add comp
2023-12-13 14:26:31,219 [INFO] IPUIPlugin:80 - create IPUIPlugin
2023-12-13 14:26:31,219 [INFO] PluginManager:220 - loadIPPluginJar : add cryp
2023-12-13 14:26:31,292 [INFO] IPUIPlugin:80 - create IPUIPlugin
2023-12-13 14:26:31,292 [INFO] PluginManager:220 - loadIPPluginJar : add dfsdm
2023-12-13 14:26:31,325 [INFO] IPUIPlugin:80 - create IPUIPlugin
2023-12-13 14:26:31,336 [INFO] PluginManager:220 - loadIPPluginJar : add dma
2023-12-13 14:26:31,429 [INFO] IPUIPlugin:80 - create IPUIPlugin
2023-12-13 14:26:31,429 [INFO] PluginManager:220 - loadIPPluginJar : add dma3
2023-12-13 14:26:31,480 [INFO] IPUIPlugin:80 - create IPUIPlugin
2023-12-13 14:26:31,480 [INFO] PluginManager:220 - loadIPPluginJar : add fatfs
2023-12-13 14:26:31,576 [INFO] IPUIPlugin:80 - create IPUIPlugin
2023-12-13 14:26:31,576 [INFO] PluginManager:220 - loadIPPluginJar : add fmc
2023-12-13 14:26:31,636 [INFO] IPUIPlugin:80 - create IPUIPlugin
2023-12-13 14:26:31,637 [INFO] PluginManager:220 - loadIPPluginJar : add freertos
2023-12-13 14:26:31,692 [INFO] IPUIPlugin:80 - create IPUIPlugin
2023-12-13 14:26:31,693 [INFO] PluginManager:220 - loadIPPluginJar : add genericplugin
2023-12-13 14:26:31,908 [INFO] IPUIPlugin:80 - create IPUIPlugin
2023-12-13 14:26:31,908 [INFO] PluginManager:220 - loadIPPluginJar : add gfxmmu
2023-12-13 14:26:32,189 [INFO] IPUIPlugin:80 - create IPUIPlugin
2023-12-13 14:26:32,189 [INFO] PluginManager:220 - loadIPPluginJar : add gic
2023-12-13 14:26:32,229 [INFO] IPUIPlugin:80 - create IPUIPlugin
2023-12-13 14:26:32,229 [INFO] PluginManager:220 - loadIPPluginJar : add gpio
2023-12-13 14:26:32,401 [INFO] IPUIPlugin:80 - create IPUIPlugin
2023-12-13 14:26:32,402 [INFO] PluginManager:220 - loadIPPluginJar : add gtzc
2023-12-13 14:26:32,484 [INFO] IPUIPlugin:80 - create IPUIPlugin
2023-12-13 14:26:32,484 [INFO] PluginManager:220 - loadIPPluginJar : add hash
2023-12-13 14:26:32,590 [INFO] IPUIPlugin:80 - create IPUIPlugin
2023-12-13 14:26:32,590 [INFO] PluginManager:220 - loadIPPluginJar : add i2c
2023-12-13 14:26:32,669 [INFO] IPUIPlugin:80 - create IPUIPlugin
2023-12-13 14:26:32,670 [INFO] PluginManager:220 - loadIPPluginJar : add i2s
2023-12-13 14:26:32,757 [INFO] IPUIPlugin:80 - create IPUIPlugin
2023-12-13 14:26:32,757 [INFO] PluginManager:220 - loadIPPluginJar : add i3c
2023-12-13 14:26:33,033 [INFO] IPUIPlugin:80 - create IPUIPlugin
2023-12-13 14:26:33,033 [INFO] PluginManager:220 - loadIPPluginJar : add ipddr
2023-12-13 14:26:33,232 [INFO] IPUIPlugin:80 - create IPUIPlugin
2023-12-13 14:26:33,232 [INFO] PluginManager:220 - loadIPPluginJar : add linkedlist
2023-12-13 14:26:33,325 [INFO] IPUIPlugin:80 - create IPUIPlugin
2023-12-13 14:26:33,325 [INFO] PluginManager:220 - loadIPPluginJar : add lorawan
2023-12-13 14:26:33,408 [INFO] IPUIPlugin:80 - create IPUIPlugin
2023-12-13 14:26:33,408 [INFO] PluginManager:220 - loadIPPluginJar : add ltdc
2023-12-13 14:26:33,457 [INFO] IPUIPlugin:80 - create IPUIPlugin
2023-12-13 14:26:33,457 [INFO] PluginManager:220 - loadIPPluginJar : add mdma
2023-12-13 14:26:33,490 [INFO] IPUIPlugin:80 - create IPUIPlugin
2023-12-13 14:26:33,490 [INFO] PluginManager:220 - loadIPPluginJar : add nvic
2023-12-13 14:26:33,558 [INFO] IPUIPlugin:80 - create IPUIPlugin
2023-12-13 14:26:33,558 [INFO] PluginManager:220 - loadIPPluginJar : add opamp
2023-12-13 14:26:33,682 [INFO] IPUIPlugin:80 - create IPUIPlugin
2023-12-13 14:26:33,682 [INFO] PluginManager:220 - loadIPPluginJar : add openamp
2023-12-13 14:26:33,864 [INFO] IPUIPlugin:80 - create IPUIPlugin
2023-12-13 14:26:33,865 [INFO] PluginManager:220 - loadIPPluginJar : add pdm2pcm
2023-12-13 14:26:33,939 [INFO] IPUIPlugin:80 - create IPUIPlugin
2023-12-13 14:26:33,949 [INFO] PluginManager:220 - loadIPPluginJar : add plateformsettings
2023-12-13 14:26:33,996 [INFO] IPUIPlugin:80 - create IPUIPlugin
2023-12-13 14:26:33,997 [INFO] PluginManager:220 - loadIPPluginJar : add quadspi
2023-12-13 14:26:34,006 [INFO] ThirdPartyUpdaterWithRetryManager:70 - Updater plugin not ready yet. [3/15]
2023-12-13 14:26:34,033 [INFO] IPUIPlugin:80 - create IPUIPlugin
2023-12-13 14:26:34,033 [INFO] PluginManager:220 - loadIPPluginJar : add resmgrutility
2023-12-13 14:26:34,157 [INFO] IPUIPlugin:80 - create IPUIPlugin
2023-12-13 14:26:34,157 [INFO] PluginManager:220 - loadIPPluginJar : add sai
2023-12-13 14:26:34,284 [INFO] IPUIPlugin:80 - create IPUIPlugin
2023-12-13 14:26:34,284 [INFO] PluginManager:220 - loadIPPluginJar : add spi
2023-12-13 14:26:34,404 [INFO] IPUIPlugin:80 - create IPUIPlugin
2023-12-13 14:26:34,404 [INFO] PluginManager:220 - loadIPPluginJar : add stm32_wpan
2023-12-13 14:26:34,504 [INFO] IPUIPlugin:80 - create IPUIPlugin
2023-12-13 14:26:34,504 [INFO] PluginManager:220 - loadIPPluginJar : add tim
2023-12-13 14:26:34,922 [INFO] IPUIPlugin:80 - create IPUIPlugin
2023-12-13 14:26:34,922 [INFO] PluginManager:220 - loadIPPluginJar : add touchsensing
2023-12-13 14:26:35,017 [INFO] IPUIPlugin:80 - create IPUIPlugin
2023-12-13 14:26:35,017 [INFO] PluginManager:220 - loadIPPluginJar : add tracer_emb
2023-12-13 14:26:35,100 [INFO] IPUIPlugin:80 - create IPUIPlugin
2023-12-13 14:26:35,100 [INFO] PluginManager:220 - loadIPPluginJar : add ts
2023-12-13 14:26:35,191 [INFO] IPUIPlugin:80 - create IPUIPlugin
2023-12-13 14:26:35,192 [INFO] PluginManager:220 - loadIPPluginJar : add tsc
2023-12-13 14:26:35,258 [INFO] IPUIPlugin:80 - create IPUIPlugin
2023-12-13 14:26:35,259 [INFO] PluginManager:220 - loadIPPluginJar : add ucpd
2023-12-13 14:26:35,367 [INFO] IPUIPlugin:80 - create IPUIPlugin
2023-12-13 14:26:35,367 [INFO] PluginManager:220 - loadIPPluginJar : add usart
2023-12-13 14:26:35,456 [INFO] IPUIPlugin:80 - create IPUIPlugin
2023-12-13 14:26:35,456 [INFO] PluginManager:220 - loadIPPluginJar : add usbx
2023-12-13 14:26:35,740 [INFO] CADModel:165 - CPN selected for project level
2023-12-13 14:26:35,740 [INFO] CADModel:114 - Register for checkConnection events
2023-12-13 14:26:35,741 [FATAL] Updater:308 - Updater called before beeing initialized
2023-12-13 14:26:35,741 [ERROR] CADModel:125 - Updater not yet initialized, retry later 
2023-12-13 14:26:36,488 [INFO] CADModel:165 - CPN selected for project level
2023-12-13 14:26:36,488 [INFO] CADModel:114 - Register for checkConnection events
2023-12-13 14:26:36,488 [FATAL] Updater:308 - Updater called before beeing initialized
2023-12-13 14:26:36,488 [ERROR] CADModel:125 - Updater not yet initialized, retry later 
2023-12-13 14:26:36,510 [FATAL] Updater:308 - Updater called before beeing initialized
2023-12-13 14:26:36,908 [FATAL] Updater:308 - Updater called before beeing initialized
2023-12-13 14:26:36,965 [INFO] DbMcusAds:53 - JSON generation date=Tue Mar 07 14:20:55 IST 2023 (1678179055335)
2023-12-13 14:26:36,966 [FATAL] Updater:308 - Updater called before beeing initialized
2023-12-13 14:26:37,009 [INFO] ThirdPartyUpdaterWithRetryManager:70 - Updater plugin not ready yet. [4/15]
2023-12-13 14:26:37,393 [WARN] DetailPanel:346 - Failed to get advertising image, set to default
2023-12-13 14:26:37,643 [FATAL] Updater:308 - Updater called before beeing initialized
2023-12-13 14:26:37,663 [FATAL] Updater:308 - Updater called before beeing initialized
2023-12-13 14:26:37,663 [FATAL] Updater:308 - Updater called before beeing initialized
2023-12-13 14:26:37,664 [WARN] DetailPanel:346 - Failed to get advertising image, set to default
2023-12-13 14:26:37,665 [FATAL] Updater:308 - Updater called before beeing initialized
2023-12-13 14:26:37,960 [ERROR] Updater:1120 - MainUpdater not yet initialized. External WinMGr cannot be set.
2023-12-13 14:26:38,004 [INFO] Updater:1056 - Updater Version found : 6.9.0
2023-12-13 14:26:38,063 [INFO] ApplicationProperties:184 - Using Application install path: C:\ST\STM32CubeIDE_1.13.0\STM32CubeIDE\plugins\com.st.stm32cube.common.mx_6.9.0.202307051724
2023-12-13 14:26:38,511 [ERROR] ServerAccessManage:1146 - Warning during Server Connection :  Unknown host sw-center.st.com
2023-12-13 14:26:38,518 [INFO] MainUpdater:2868 - connection check result : 22
2023-12-13 14:26:38,519 [INFO] MainUpdater:285 - Updater Check For Update Now.
2023-12-13 14:26:38,519 [INFO] MicroXplorer:498 - Change Database Version : DB.6.0.90
2023-12-13 14:26:38,606 [INFO] McuFinderGlobals:63 - Set McuFinder mode to 2 (CubeIDE integrated)
2023-12-13 14:26:39,188 [INFO] CheckServerUpdateThread:120 - End of CheckServer Thread
2023-12-13 14:26:39,356 [ERROR] ServerAccessManage:1146 - Warning during Server Connection :  Unknown host sw-center.st.com
2023-12-13 14:26:39,363 [INFO] MainUpdater:2868 - connection check result : 22
2023-12-13 14:26:41,398 [WARN] PackLoader:240 - Cannot read IP mode file for STMicroelectronics.X-CUBE-SMBUS.2.1.0
2023-12-13 14:26:41,708 [WARN] PackLoader:240 - Cannot read IP mode file for STMicroelectronics.X-CUBE-AZRTOS-F7.1.1.0
2023-12-13 14:26:41,871 [WARN] PackLoader:240 - Cannot read IP mode file for STMicroelectronics.FP-SNS-MOTENV1.4.3.2
2023-12-13 14:26:41,946 [WARN] PackLoader:240 - Cannot read IP mode file for STMicroelectronics.X-CUBE-BLE1.6.2.4
2023-12-13 14:26:42,112 [WARN] PackLoader:240 - Cannot read IP mode file for STMicroelectronics.FP-SNS-FLIGHT1.5.0.2
2023-12-13 14:26:42,285 [WARN] PackLoader:240 - Cannot read IP mode file for STMicroelectronics.X-CUBE-DISPLAY.3.0.0
2023-12-13 14:26:42,513 [WARN] PackLoader:240 - Cannot read IP mode file for STMicroelectronics.X-CUBE-BLE1.7.0.0
2023-12-13 14:26:42,582 [WARN] PackLoader:240 - Cannot read IP mode file for emotas.I-CUBE-CANOPEN.1.3.0
2023-12-13 14:26:42,652 [WARN] PackLoader:240 - Cannot read IP mode file for STMicroelectronics.X-CUBE-TOUCHGFX.4.22.0
2023-12-13 14:26:42,695 [WARN] PackLoader:240 - Cannot read IP mode file for STMicroelectronics.X-CUBE-TOUCHGFX.4.22.1
2023-12-13 14:26:42,735 [WARN] PackLoader:240 - Cannot read IP mode file for STMicroelectronics.FP-SNS-SMARTAG2.1.2.0
2023-12-13 14:26:42,797 [INFO] LogOutputStream:77 - [STDOUT_REDIRECT] 1 : Invalid condition id : UX_CORESTACK_Condition cause : null
2023-12-13 14:26:42,800 [INFO] LogOutputStream:77 - [STDOUT_REDIRECT] 1 : Invalid condition id : UX_CORESTACK_Condition cause : null
2023-12-13 14:26:42,802 [INFO] LogOutputStream:77 - [STDOUT_REDIRECT] 1 : Invalid condition id : UX_CORESTACK_Condition cause : null
2023-12-13 14:26:42,805 [INFO] LogOutputStream:77 - [STDOUT_REDIRECT] 1 : Invalid condition id : UX_CORESTACK_Condition cause : null
2023-12-13 14:26:42,810 [INFO] LogOutputStream:77 - [STDOUT_REDIRECT] 1 : Invalid condition id : UX_CORESTACK_Condition cause : null
2023-12-13 14:26:42,820 [WARN] PackLoader:240 - Cannot read IP mode file for STMicroelectronics.X-CUBE-AZRTOS-WL.2.0.0
2023-12-13 14:26:42,899 [WARN] PackLoader:240 - Cannot read IP mode file for WES.I-CUBE-Cesium.1.3.0
2023-12-13 14:26:42,949 [WARN] PackLoader:240 - Cannot read IP mode file for STMicroelectronics.X-CUBE-BLE2.3.3.0
2023-12-13 14:26:43,003 [WARN] PackLoader:240 - Cannot read IP mode file for STMicroelectronics.X-CUBE-ALGOBUILD.1.3.0
2023-12-13 14:26:43,129 [WARN] PackLoader:240 - Cannot read IP mode file for STMicroelectronics.X-CUBE-AZRTOS-G0.1.1.0
2023-12-13 14:26:43,180 [WARN] PackLoader:240 - Cannot read IP mode file for STMicroelectronics.X-CUBE-NFC4.3.0.0
2023-12-13 14:26:43,238 [WARN] PackLoader:240 - Cannot read IP mode file for STMicroelectronics.X-CUBE-BLEMGR.3.0.0
2023-12-13 14:26:43,276 [WARN] PackLoader:240 - Cannot read IP mode file for STMicroelectronics.FP-ATR-SIGFOX1.3.2.0
2023-12-13 14:26:43,355 [WARN] PackLoader:240 - Cannot read IP mode file for SEGGER.I-CUBE-embOS.1.3.1
2023-12-13 14:26:43,483 [WARN] PackLoader:240 - Cannot read IP mode file for STMicroelectronics.X-CUBE-GNSS1.6.0.0
2023-12-13 14:26:43,565 [WARN] PackLoader:240 - Cannot read IP mode file for STMicroelectronics.X-CUBE-AZRTOS-F4.1.1.0
2023-12-13 14:26:43,605 [WARN] PackLoader:240 - Cannot read IP mode file for wolfSSL.I-CUBE-wolfSSL.5.6.3
2023-12-13 14:26:43,687 [WARN] PackLoader:240 - Cannot read IP mode file for STMicroelectronics.X-CUBE-AZRTOS-L5.2.0.0
2023-12-13 14:26:43,838 [WARN] PackLoader:240 - Cannot read IP mode file for STMicroelectronics.X-CUBE-MEMS1.9.6.0
2023-12-13 14:26:44,306 [WARN] PackLoader:240 - Cannot read IP mode file for STMicroelectronics.X-CUBE-EEPRMA1.4.2.0
2023-12-13 14:26:44,350 [WARN] PackLoader:240 - Cannot read IP mode file for ITTIA_DB.I-CUBE-ITTIADB.8.8.0
2023-12-13 14:26:44,401 [WARN] PackLoader:240 - Cannot read IP mode file for STMicroelectronics.X-CUBE-BLEMGR.2.0.0
2023-12-13 14:26:44,490 [WARN] ConditionMgr:438 - getConditionDescription Invalid condition id : UX DEVICE CLASS RTOS Condition cause : null
2023-12-13 14:26:44,491 [WARN] ConditionMgr:438 - getConditionDescription Invalid condition id : UX DEVICE CLASS RTOS Condition cause : null
2023-12-13 14:26:44,499 [WARN] PackLoader:240 - Cannot read IP mode file for STMicroelectronics.X-CUBE-AZRTOS-H7.3.1.0
2023-12-13 14:26:44,501 [WARN] ConditionMgr:1039 - genDependencies : Invalid condition id : UX DEVICE CLASS RTOS Condition cause : null
2023-12-13 14:26:44,501 [WARN] ConditionMgr:1039 - genDependencies : Invalid condition id : UX DEVICE CLASS RTOS Condition cause : null
2023-12-13 14:26:44,502 [WARN] ConditionMgr:1039 - genDependencies : Invalid condition id : UX DEVICE CLASS RTOS Condition cause : null
2023-12-13 14:26:44,503 [WARN] ConditionMgr:1039 - genDependencies : Invalid condition id : UX DEVICE CLASS RTOS Condition cause : null
2023-12-13 14:26:44,504 [WARN] ConditionMgr:1039 - genDependencies : Invalid condition id : UX DEVICE CLASS RTOS Condition cause : null
2023-12-13 14:26:44,552 [WARN] PackLoader:240 - Cannot read IP mode file for STMicroelectronics.X-CUBE-NFC7.1.0.1
2023-12-13 14:26:44,597 [WARN] PackLoader:240 - Cannot read IP mode file for STMicroelectronics.X-CUBE-NFC6.3.0.0
2023-12-13 14:26:44,639 [WARN] PackLoader:240 - Cannot read IP mode file for STMicroelectronics.X-CUBE-EEPRMA1.4.1.0
2023-12-13 14:26:44,671 [WARN] PackLoader:240 - Cannot read IP mode file for STMicroelectronics.X-CUBE-AI.8.1.0
2023-12-13 14:26:44,749 [WARN] ConditionMgr:438 - getConditionDescription Invalid condition id : LAN8742 Phy interface Condition cause : null
2023-12-13 14:26:44,750 [WARN] PackLoader:240 - Cannot read IP mode file for STMicroelectronics.X-CUBE-AZRTOS-L4.2.0.0
2023-12-13 14:26:44,752 [WARN] ConditionMgr:1039 - genDependencies : Invalid condition id : LAN8742 Phy interface Condition cause : null
2023-12-13 14:26:44,752 [WARN] ConditionMgr:1039 - genDependencies : Invalid condition id : LAN8742 Phy interface Condition cause : null
2023-12-13 14:26:44,754 [WARN] ConditionMgr:1039 - genDependencies : Invalid condition id : LAN8742 Phy interface Condition cause : null
2023-12-13 14:26:44,789 [WARN] PackLoader:240 - Cannot read IP mode file for STMicroelectronics.X-CUBE-SFXS2LP1.4.0.0
2023-12-13 14:26:44,830 [WARN] PackLoader:240 - Cannot read IP mode file for STMicroelectronics.X-CUBE-ISPU.1.1.0
2023-12-13 14:26:44,908 [WARN] ConditionMgr:438 - getConditionDescription Invalid condition id : UX DEVICE CLASS RTOS Condition cause : null
2023-12-13 14:26:44,908 [WARN] ConditionMgr:438 - getConditionDescription Invalid condition id : UX DEVICE CLASS RTOS Condition cause : null
2023-12-13 14:26:44,911 [WARN] PackLoader:240 - Cannot read IP mode file for STMicroelectronics.X-CUBE-AZRTOS-WB.2.0.0
2023-12-13 14:26:44,913 [WARN] ConditionMgr:1039 - genDependencies : Invalid condition id : UX DEVICE CLASS RTOS Condition cause : null
2023-12-13 14:26:44,913 [WARN] ConditionMgr:1039 - genDependencies : Invalid condition id : UX DEVICE CLASS RTOS Condition cause : null
2023-12-13 14:26:44,914 [WARN] ConditionMgr:1039 - genDependencies : Invalid condition id : UX DEVICE CLASS RTOS Condition cause : null
2023-12-13 14:26:44,914 [WARN] ConditionMgr:1039 - genDependencies : Invalid condition id : UX DEVICE CLASS RTOS Condition cause : null
2023-12-13 14:26:44,914 [WARN] ConditionMgr:1039 - genDependencies : Invalid condition id : UX DEVICE CLASS RTOS Condition cause : null
2023-12-13 14:26:44,949 [WARN] PackLoader:240 - Cannot read IP mode file for STMicroelectronics.X-CUBE-FREERTOS.1.0.1
2023-12-13 14:26:45,016 [WARN] PackLoader:240 - Cannot read IP mode file for STMicroelectronics.X-CUBE-AZRTOS-L5.1.1.0
2023-12-13 14:26:45,074 [WARN] PackLoader:240 - Cannot read IP mode file for STMicroelectronics.X-CUBE-AI.8.0.1
2023-12-13 14:26:45,131 [WARN] PackLoader:240 - Cannot read IP mode file for STMicroelectronics.X-CUBE-SUBG2.5.0.0
2023-12-13 14:26:45,216 [WARN] PackLoader:240 - Cannot read IP mode file for STMicroelectronics.X-CUBE-TOF1.3.3.1
2023-12-13 14:26:45,286 [WARN] PackLoader:240 - Cannot read IP mode file for STMicroelectronics.X-CUBE-AZRTOS-G4.2.0.0
2023-12-13 14:26:45,344 [WARN] PackLoader:240 - Cannot read IP mode file for STMicroelectronics.FP-SNS-MOTENVWB1.1.3.0
2023-12-13 14:26:45,380 [WARN] PackLoader:240 - Cannot read IP mode file for STMicroelectronics.FP-SNS-MOTENVWB1.1.3.1
2023-12-13 14:26:45,434 [WARN] PackLoader:240 - Cannot read IP mode file for STMicroelectronics.X-CUBE-ISPU.2.0.0
2023-12-13 14:26:45,603 [WARN] PackLoader:240 - Cannot read IP mode file for STMicroelectronics.X-CUBE-MEMS1.10.0.0
2023-12-13 14:26:45,929 [WARN] PackLoader:240 - Cannot read IP mode file for STMicroelectronics.X-CUBE-FREERTOS.1.1.0
2023-12-13 14:26:45,970 [WARN] PackLoader:240 - Cannot read IP mode file for portGmbH.I-Cube-SoM-uGOAL.1.1.0
2023-12-13 14:26:46,003 [WARN] PackLoader:240 - Cannot read IP mode file for STMicroelectronics.X-CUBE-ALS.1.0.1
2023-12-13 14:26:46,096 [WARN] PackLoader:240 - Cannot read IP mode file for STMicroelectronics.X-CUBE-AZRTOS-WB.1.1.0
2023-12-13 14:26:46,132 [WARN] PackLoader:240 - Cannot read IP mode file for STMicroelectronics.FP-ATR-ASTRA1.2.0.0
2023-12-13 14:26:46,186 [WARN] PackLoader:240 - Cannot read IP mode file for STMicroelectronics.X-CUBE-TOF1.3.4.0
2023-12-13 14:26:46,299 [WARN] PackLoader:240 - Cannot read IP mode file for STMicroelectronics.X-CUBE-AZRTOS-H7.3.2.0
2023-12-13 14:26:46,304 [INFO] ThirdParty:978 - Integrity check success = true
2023-12-13 14:26:46,305 [INFO] IntegrityCheckThread:100 - exiting critical section [integrity check]
2023-12-13 14:26:46,305 [INFO] IntegrityCheckThread:103 - End integrity checks thread
2023-12-13 14:27:00,910 [ERROR] ServerAccessManage:1146 - Warning during Server Connection :  Unknown host sw-center.st.com
2023-12-13 14:27:00,912 [INFO] MainUpdater:2868 - connection check result : 22
2023-12-13 14:27:02,070 [ERROR] LogOutputStream:75 - [STDERR_REDIRECT] SLF4J: Failed to load class "org.slf4j.impl.StaticLoggerBinder".
2023-12-13 14:27:02,072 [ERROR] LogOutputStream:75 - [STDERR_REDIRECT] SLF4J: Defaulting to no-operation (NOP) logger implementation
2023-12-13 14:27:02,076 [ERROR] LogOutputStream:75 - [STDERR_REDIRECT] SLF4J: See http://www.slf4j.org/codes.html#StaticLoggerBinder for further details.
2023-12-13 14:27:05,810 [ERROR] ServerAccessManage:1146 - Warning during Server Connection :  Unknown host sw-center.st.com
2023-12-13 14:27:05,812 [INFO] MainUpdater:2868 - connection check result : 22
2023-12-13 14:27:21,787 [INFO] MainUpdater:2868 - connection check result : 10
2023-12-13 14:27:36,718 [INFO] MainUpdater:2868 - connection check result : 10
2023-12-13 14:27:36,834 [INFO] McuFinderGlobals:76 - Set McuFinderConnectedMode to true
2023-12-13 14:27:37,167 [INFO] ServerAccessManage:473 - Download File mcusAds.json._tmp_
2023-12-13 14:27:37,335 [INFO] LoadUrlFilesThread:156 - End of LoadUrlFiles Thread
2023-12-13 14:27:37,499 [INFO] ServerAccessManage:473 - Download File cube-finder-db.zip
2023-12-13 14:27:47,224 [INFO] FileExtend:240 - Unzip File : cube-finder-db.zip
2023-12-13 14:27:47,226 [INFO] FileExtend:255 - Standard Zip Deflate
2023-12-13 14:27:49,436 [INFO] LoadUrlFilesThread:156 - End of LoadUrlFiles Thread
2023-12-13 14:27:49,993 [ERROR] ServerAccessManage:1146 - Warning during Server Connection :  Unknown host xsel.stmcufinder.com
2023-12-13 14:27:49,994 [ERROR] ServerAccessManage:651 - Unknown host server name. : crdb.zip.
2023-12-13 14:28:15,225 [INFO] LoadUrlFilesThread:156 - End of LoadUrlFiles Thread
2023-12-13 14:28:17,602 [INFO] DbMcusAds:53 - JSON generation date=Wed Nov 29 16:22:27 IST 2023 (1701255147349)
2023-12-13 14:28:17,661 [ERROR] TargetSelectorAdapter:267 - Unable to refresh data
2023-12-13 14:28:19,165 [INFO] ApiDb:581 - Connected to CubeFinder SQLite database (C:\Users\irsha\.stmcufinder\plugins\mcufinder\mcu\cube-finder-db.db)
2023-12-13 14:28:19,445 [INFO] ApiDb:668 - CubeFinder database Data Model version=2.1
2023-12-13 14:28:19,446 [INFO] ApiDb:669 - CubeFinder database Configuration version=3.0.39
2023-12-13 14:28:19,446 [INFO] ApiDb:670 - CubeFinder database generation date=2023-11-06 (1699269565)
2023-12-13 14:28:19,446 [INFO] ApiDb:671 - CubeFinder database FW Pack versions=[FP-ATR-ASTRA1_V2.0.0, FP-SNS-FLIGHT1_V5.0.1, FP-SNS-FLIGHT1_V5.0.2, FP-SNS-MOTENV1_V4.3.1, FP-SNS-MOTENV1_V4.3.2, FP-SNS-MOTENVWB1_V1.3.0, FP-SNS-SMARTAG2_V1.2.0, STM32Cube_FW_C0_V1.1.0, STM32Cube_FW_F4_V1.28.0, STM32Cube_FW_F7_V1.17.0, STM32Cube_FW_G0_V1.6.1, STM32Cube_FW_G4_V1.5.1, STM32Cube_FW_H5_V0.5.1, STM32Cube_FW_H5_V1.1.1, STM32Cube_FW_H5_V1.2.0RC2, STM32Cube_FW_H7_V1.11.0, STM32Cube_FW_L0_V1.12.2, STM32Cube_FW_L5_V1.5.0, STM32Cube_FW_U5_V1.3.0RC4, STM32Cube_FW_U5_V1.4.0, STM32Cube_FW_WBA_V1.0.0RC1, STM32Cube_FW_WBA_V1.1.0RC1, STM32Cube_FW_WBA_V1.2.0, STM32Cube_FW_WBA_V1.2.0RC2, STM32Cube_FW_WB_V1.15.0RC1, STM32Cube_FW_WB_V1.16.0, STM32Cube_FW_WB_V1.16.0RC2, STM32Cube_FW_WB_V1.18.0, STM32Cube_FW_WL_V1.3.0, X-CUBE-ALGOBUILD_V1.3.0, X-CUBE-ALS_V1.0.1, X-CUBE-AZRTOS-F4_V1.1.0, X-CUBE-AZRTOS-F7_V1.1.0, X-CUBE-AZRTOS-G0_V1.1.0, X-CUBE-AZRTOS-G4_V2.0.0, X-CUBE-AZRTOS-H7_V3.1.0, X-CUBE-AZRTOS-L4_V1.0.0, X-CUBE-AZRTOS-L4_V2.0.0, X-CUBE-AZRTOS-L5_V1.1.0, X-CUBE-AZRTOS-WB_V2.0.0, X-CUBE-AZRTOS-WL_V2.0.0, X-CUBE-BLE1_V7.0.0, X-CUBE-BLE2_V3.3.0, X-CUBE-BLEMGR_V2.0.0, X-CUBE-EEPRMA1_V4.1.0, X-CUBE-EEPRMA1_V4.2.0, X-CUBE-FREERTOS_V1.1.0, X-CUBE-GNSS1_V6.0.0, X-CUBE-MEMS1_V10.0.0, X-CUBE-MEMS1_V9.1.0, X-CUBE-MEMS1_V9.4.0, X-CUBE-MEMS1_V9.6.0, X-CUBE-NFC4_V3.0.0, X-CUBE-NFC7_V1.0.1, X-CUBE-SFXS2LP1_V4.0.0, X-CUBE-SUBG2_V5.0.0, X-CUBE-TOF1_V3.3.1]
2023-12-13 14:28:19,698 [INFO] DbBoardsSqlite:226 - include board P-NUCLEO-WB55-NUCLEO as a kit item of type 'Nucleo-64'
2023-12-13 14:28:19,698 [INFO] DbBoardsSqlite:226 - include board P-NUCLEO-WB55-USBDONGLE as a kit item of type 'Nucleo USB Dongle'
2023-12-13 14:28:19,699 [INFO] DbBoardsSqlite:226 - include board STEVAL-IDP005V1 as a kit item of type 'Evaluation Board'
2023-12-13 14:28:19,700 [INFO] DbBoardsSqlite:226 - include board STEVAL-IDP005V2 as a kit item of type 'Evaluation Board'
2023-12-13 14:28:20,072 [INFO] ApiDb:240 - Found 323 in-development CPN: [B-G473E-ZEST1S, B-WB1M-WPAN1, B-WL5M-SUBG1, NUCLEO-C031C6, NUCLEO-H503RB, NUCLEO-H563ZI, NUCLEO-U545RE-Q, NUCLEO-U5A5ZJ-Q, NUCLEO-WBA52CG, STEVAL-PROTEUS1, STEVAL-SMARTAG2, STEVAL-STWINBX1, STM320518-EVAL, STM32C0116-DK, STM32C011D6Y3TR, STM32C011D6Y6TR, STM32C011F4P3, STM32C011F4P6, STM32C011F4U3, STM32C011F4U6TR, STM32C011F6P3, STM32C011F6P6, STM32C011F6U3, STM32C011F6U6TR, STM32C011J4M3, STM32C011J4M6, STM32C011J6M3, STM32C011J6M6, STM32C0316-DK, STM32C031C4T3, STM32C031C4T6, STM32C031C4U3, STM32C031C4U6, STM32C031C6T3, STM32C031C6T6, STM32C031C6U3, STM32C031C6U6, STM32C031F4P3, STM32C031F4P6, STM32C031F6P3, STM32C031F6P6, STM32C031G4U3, STM32C031G4U6, STM32C031G6U3, STM32C031G6U6, STM32C031K4T3, STM32C031K4T6, STM32C031K4U3, STM32C031K4U6, STM32C031K6T3, STM32C031K6T6, STM32C031K6U3, STM32C031K6U6, STM32G071K8TXN, STM32G071K8UXN, STM32G081GBU6N, STM32G081KBT6N, STM32G081KBUXN, STM32G0B1CCT6N, STM32G0B1KCT6, STM32G0B1NEY6TR, STM32G0B1RCT6N, STM32G0C1CCT6, STM32G0C1CCT6N, STM32G0C1CCU6N, STM32G0C1CET6N, STM32G0C1CEU6N, STM32G0C1KCT6, STM32G0C1NEY6TR, STM32G0C1RCI6N, STM32G0C1RCT6N, STM32G0C1REI6N, STM32G0C1RET6N, STM32G0C1VCI6, STM32G0C1VEI6, STM32G471CCT6, STM32G471CCU6, STM32G471CET3, STM32G471CET6, STM32G471CEU3, STM32G471CEU6, STM32G471MCT6, STM32G471MET3, STM32G471MET6, STM32G471MEY6TR, STM32G471QCT6, STM32G471QET3, STM32G471RCT6, STM32G471RET3, STM32G471RET6, STM32G471VCH6, STM32G471VCI6, STM32G471VCT6, STM32G471VEH3, STM32G471VEH6, STM32G471VEI3, STM32G471VEI6, STM32G471VET3, STM32G471VET6, STM32G474CCT6, STM32H503CBT6, STM32H503CBU6, STM32H503EBY6TR, STM32H503KBU6, STM32H503RBT6, STM32H562AGI6, STM32H562AII6, STM32H562IGK6, STM32H562IGT6, STM32H562IIK6, STM32H562IIT6, STM32H562RGT6, STM32H562RGV6, STM32H562RIT6, STM32H562RIV6, STM32H562VGT6, STM32H562VIT6, STM32H562ZGT6, STM32H562ZIT6, STM32H563AGI6, STM32H563AII3Q, STM32H563AII6, STM32H563IGK6, STM32H563IGT6, STM32H563IIK3Q, STM32H563IIK6, STM32H563IIT3Q, STM32H563IIT6, STM32H563MIY3QTR, STM32H563RGT6, STM32H563RGV6, STM32H563RIT6, STM32H563RIV6, STM32H563VGT6, STM32H563VIT3Q, STM32H563VIT6, STM32H563ZGT6, STM32H563ZIT3Q, STM32H563ZIT6, STM32H573AII3Q, STM32H573AII6, STM32H573I-DK, STM32H573IIK3Q, STM32H573IIK6, STM32H573IIT3Q, STM32H573IIT6, STM32H573MIY3QTR, STM32H573RIT6, STM32H573RIV6, STM32H573VIT3Q, STM32H573VIT6, STM32H573ZIT3Q, STM32H573ZIT6, STM32L4R5QGI6STR, STM32MP131AAE3, STM32MP131AAF3, STM32MP131AAG3, STM32MP131CAE3, STM32MP131CAF3, STM32MP131CAG3, STM32MP131DAE7, STM32MP131DAF7, STM32MP131DAG7, STM32MP131FAE7, STM32MP131FAF7, STM32MP131FAG7, STM32MP133AAE3, STM32MP133AAF3, STM32MP133AAG3, STM32MP133CAE3, STM32MP133CAF3, STM32MP133CAG3, STM32MP133DAE7, STM32MP133DAF7, STM32MP133DAG7, STM32MP133FAE7, STM32MP133FAF7, STM32MP133FAG7, STM32MP135AAE3, STM32MP135AAF3, STM32MP135AAG3, STM32MP135CAE3, STM32MP135CAF3, STM32MP135CAG3, STM32MP135DAE7, STM32MP135DAF7, STM32MP135DAG7, STM32MP135F-DK, STM32MP135FAE7, STM32MP135FAF7, STM32MP135FAF7T, STM32MP135FAF7U, STM32MP135FAG7, STM32U535CBT6, STM32U535CBT6Q, STM32U535CBU6, STM32U535CBU6Q, STM32U535CCT6, STM32U535CCT6Q, STM32U535CCU6, STM32U535CCU6Q, STM32U535CET6, STM32U535CET6Q, STM32U535CEU6, STM32U535CEU6Q, STM32U535JEY6QTR, STM32U535NCY6QTR, STM32U535NEY6QTR, STM32U535RBI6, STM32U535RBI6Q, STM32U535RBT6, STM32U535RBT6Q, STM32U535RCI6, STM32U535RCI6Q, STM32U535RCT6, STM32U535RCT6Q, STM32U535REI6, STM32U535REI6Q, STM32U535RET6, STM32U535RET6Q, STM32U535VCI6, STM32U535VCI6Q, STM32U535VCT6, STM32U535VCT6Q, STM32U535VEI6, STM32U535VEI6Q, STM32U535VET6, STM32U535VET6Q, STM32U545CET6, STM32U545CET6Q, STM32U545CEU6, STM32U545CEU6Q, STM32U545JEY6QTR, STM32U545NEY6QTR, STM32U545REI6, STM32U545REI6Q, STM32U545RET6, STM32U545RET6Q, STM32U545VEI6, STM32U545VEI6Q, STM32U545VET6, STM32U545VET6Q, STM32U595AIH6, STM32U595AIH6Q, STM32U595AJH6, STM32U595AJH6Q, STM32U595QII6, STM32U595QII6Q, STM32U595QJI6, STM32U595QJI6Q, STM32U595RIT6, STM32U595RIT6Q, STM32U595RJT6, STM32U595RJT6Q, STM32U595VIT6, STM32U595VIT6Q, STM32U595VJT6, STM32U595VJT6Q, STM32U595ZIT6, STM32U595ZIT6Q, STM32U595ZIY6QTR, STM32U595ZJT6, STM32U595ZJT6Q, STM32U595ZJY6QTR, STM32U599BJY6QTR, STM32U599NIH6Q, STM32U599NJH6Q, STM32U599VIT6Q, STM32U599VJT6, STM32U599VJT6Q, STM32U599ZIT6Q, STM32U599ZIY6QTR, STM32U599ZJT6Q, STM32U599ZJY6QTR, STM32U5A5AJH6, STM32U5A5AJH6Q, STM32U5A5QJI6, STM32U5A5QJI6Q, STM32U5A5RJT6, STM32U5A5RJT6Q, STM32U5A5VJT6, STM32U5A5VJT6Q, STM32U5A5ZJT6, STM32U5A5ZJT6Q, STM32U5A5ZJY6QTR, STM32U5A9BJY6QTR, STM32U5A9J-DK, STM32U5A9NJH6Q, STM32U5A9VJT6Q, STM32U5A9ZJT6Q, STM32U5A9ZJY6QTR, STM32U5F7VIT6, STM32U5F7VIT6Q, STM32U5F7VJT6, STM32U5F7VJT6Q, STM32U5F9BJY6QTR, STM32U5F9NJH6Q, STM32U5F9VIT6Q, STM32U5F9VJT6Q, STM32U5F9ZIJ6QTR, STM32U5F9ZIT6Q, STM32U5F9ZJJ6QTR, STM32U5F9ZJT6Q, STM32U5G7VJT6, STM32U5G7VJT6Q, STM32U5G9BJY6QTR, STM32U5G9J-DK1, STM32U5G9J-DK2, STM32U5G9NJH6Q, STM32U5G9VJT6Q, STM32U5G9ZJJ6QTR, STM32U5G9ZJT6Q, STM32WB1MMCH6, STM32WBA52CEU6, STM32WBA52CEU6T, STM32WBA52CGU6, STM32WBA52CGU6T, STM32WBA52KEU6, STM32WBA52KEU6T, STM32WBA52KGU6, STM32WBA52KGU6T, STM32WL5MOCH6, STM32WL5MOCH6TR]
2023-12-13 14:28:20,078 [INFO] ApiDb:668 - CubeFinder database Data Model version=2.1
2023-12-13 14:28:20,078 [INFO] ApiDb:669 - CubeFinder database Configuration version=3.0.39
2023-12-13 14:28:20,079 [INFO] ApiDb:670 - CubeFinder database generation date=2023-11-06 (1699269565)
2023-12-13 14:28:20,079 [INFO] ApiDb:671 - CubeFinder database FW Pack versions=[FP-ATR-ASTRA1_V2.0.0, FP-SNS-FLIGHT1_V5.0.1, FP-SNS-FLIGHT1_V5.0.2, FP-SNS-MOTENV1_V4.3.1, FP-SNS-MOTENV1_V4.3.2, FP-SNS-MOTENVWB1_V1.3.0, FP-SNS-SMARTAG2_V1.2.0, STM32Cube_FW_C0_V1.1.0, STM32Cube_FW_F4_V1.28.0, STM32Cube_FW_F7_V1.17.0, STM32Cube_FW_G0_V1.6.1, STM32Cube_FW_G4_V1.5.1, STM32Cube_FW_H5_V0.5.1, STM32Cube_FW_H5_V1.1.1, STM32Cube_FW_H5_V1.2.0RC2, STM32Cube_FW_H7_V1.11.0, STM32Cube_FW_L0_V1.12.2, STM32Cube_FW_L5_V1.5.0, STM32Cube_FW_U5_V1.3.0RC4, STM32Cube_FW_U5_V1.4.0, STM32Cube_FW_WBA_V1.0.0RC1, STM32Cube_FW_WBA_V1.1.0RC1, STM32Cube_FW_WBA_V1.2.0, STM32Cube_FW_WBA_V1.2.0RC2, STM32Cube_FW_WB_V1.15.0RC1, STM32Cube_FW_WB_V1.16.0, STM32Cube_FW_WB_V1.16.0RC2, STM32Cube_FW_WB_V1.18.0, STM32Cube_FW_WL_V1.3.0, X-CUBE-ALGOBUILD_V1.3.0, X-CUBE-ALS_V1.0.1, X-CUBE-AZRTOS-F4_V1.1.0, X-CUBE-AZRTOS-F7_V1.1.0, X-CUBE-AZRTOS-G0_V1.1.0, X-CUBE-AZRTOS-G4_V2.0.0, X-CUBE-AZRTOS-H7_V3.1.0, X-CUBE-AZRTOS-L4_V1.0.0, X-CUBE-AZRTOS-L4_V2.0.0, X-CUBE-AZRTOS-L5_V1.1.0, X-CUBE-AZRTOS-WB_V2.0.0, X-CUBE-AZRTOS-WL_V2.0.0, X-CUBE-BLE1_V7.0.0, X-CUBE-BLE2_V3.3.0, X-CUBE-BLEMGR_V2.0.0, X-CUBE-EEPRMA1_V4.1.0, X-CUBE-EEPRMA1_V4.2.0, X-CUBE-FREERTOS_V1.1.0, X-CUBE-GNSS1_V6.0.0, X-CUBE-MEMS1_V10.0.0, X-CUBE-MEMS1_V9.1.0, X-CUBE-MEMS1_V9.4.0, X-CUBE-MEMS1_V9.6.0, X-CUBE-NFC4_V3.0.0, X-CUBE-NFC7_V1.0.1, X-CUBE-SFXS2LP1_V4.0.0, X-CUBE-SUBG2_V5.0.0, X-CUBE-TOF1_V3.3.1]
2023-12-13 14:28:24,186 [INFO] ApiDb:240 - Found 323 in-development CPN: [B-G473E-ZEST1S, B-WB1M-WPAN1, B-WL5M-SUBG1, NUCLEO-C031C6, NUCLEO-H503RB, NUCLEO-H563ZI, NUCLEO-U545RE-Q, NUCLEO-U5A5ZJ-Q, NUCLEO-WBA52CG, STEVAL-PROTEUS1, STEVAL-SMARTAG2, STEVAL-STWINBX1, STM320518-EVAL, STM32C0116-DK, STM32C011D6Y3TR, STM32C011D6Y6TR, STM32C011F4P3, STM32C011F4P6, STM32C011F4U3, STM32C011F4U6TR, STM32C011F6P3, STM32C011F6P6, STM32C011F6U3, STM32C011F6U6TR, STM32C011J4M3, STM32C011J4M6, STM32C011J6M3, STM32C011J6M6, STM32C0316-DK, STM32C031C4T3, STM32C031C4T6, STM32C031C4U3, STM32C031C4U6, STM32C031C6T3, STM32C031C6T6, STM32C031C6U3, STM32C031C6U6, STM32C031F4P3, STM32C031F4P6, STM32C031F6P3, STM32C031F6P6, STM32C031G4U3, STM32C031G4U6, STM32C031G6U3, STM32C031G6U6, STM32C031K4T3, STM32C031K4T6, STM32C031K4U3, STM32C031K4U6, STM32C031K6T3, STM32C031K6T6, STM32C031K6U3, STM32C031K6U6, STM32G071K8TXN, STM32G071K8UXN, STM32G081GBU6N, STM32G081KBT6N, STM32G081KBUXN, STM32G0B1CCT6N, STM32G0B1KCT6, STM32G0B1NEY6TR, STM32G0B1RCT6N, STM32G0C1CCT6, STM32G0C1CCT6N, STM32G0C1CCU6N, STM32G0C1CET6N, STM32G0C1CEU6N, STM32G0C1KCT6, STM32G0C1NEY6TR, STM32G0C1RCI6N, STM32G0C1RCT6N, STM32G0C1REI6N, STM32G0C1RET6N, STM32G0C1VCI6, STM32G0C1VEI6, STM32G471CCT6, STM32G471CCU6, STM32G471CET3, STM32G471CET6, STM32G471CEU3, STM32G471CEU6, STM32G471MCT6, STM32G471MET3, STM32G471MET6, STM32G471MEY6TR, STM32G471QCT6, STM32G471QET3, STM32G471RCT6, STM32G471RET3, STM32G471RET6, STM32G471VCH6, STM32G471VCI6, STM32G471VCT6, STM32G471VEH3, STM32G471VEH6, STM32G471VEI3, STM32G471VEI6, STM32G471VET3, STM32G471VET6, STM32G474CCT6, STM32H503CBT6, STM32H503CBU6, STM32H503EBY6TR, STM32H503KBU6, STM32H503RBT6, STM32H562AGI6, STM32H562AII6, STM32H562IGK6, STM32H562IGT6, STM32H562IIK6, STM32H562IIT6, STM32H562RGT6, STM32H562RGV6, STM32H562RIT6, STM32H562RIV6, STM32H562VGT6, STM32H562VIT6, STM32H562ZGT6, STM32H562ZIT6, STM32H563AGI6, STM32H563AII3Q, STM32H563AII6, STM32H563IGK6, STM32H563IGT6, STM32H563IIK3Q, STM32H563IIK6, STM32H563IIT3Q, STM32H563IIT6, STM32H563MIY3QTR, STM32H563RGT6, STM32H563RGV6, STM32H563RIT6, STM32H563RIV6, STM32H563VGT6, STM32H563VIT3Q, STM32H563VIT6, STM32H563ZGT6, STM32H563ZIT3Q, STM32H563ZIT6, STM32H573AII3Q, STM32H573AII6, STM32H573I-DK, STM32H573IIK3Q, STM32H573IIK6, STM32H573IIT3Q, STM32H573IIT6, STM32H573MIY3QTR, STM32H573RIT6, STM32H573RIV6, STM32H573VIT3Q, STM32H573VIT6, STM32H573ZIT3Q, STM32H573ZIT6, STM32L4R5QGI6STR, STM32MP131AAE3, STM32MP131AAF3, STM32MP131AAG3, STM32MP131CAE3, STM32MP131CAF3, STM32MP131CAG3, STM32MP131DAE7, STM32MP131DAF7, STM32MP131DAG7, STM32MP131FAE7, STM32MP131FAF7, STM32MP131FAG7, STM32MP133AAE3, STM32MP133AAF3, STM32MP133AAG3, STM32MP133CAE3, STM32MP133CAF3, STM32MP133CAG3, STM32MP133DAE7, STM32MP133DAF7, STM32MP133DAG7, STM32MP133FAE7, STM32MP133FAF7, STM32MP133FAG7, STM32MP135AAE3, STM32MP135AAF3, STM32MP135AAG3, STM32MP135CAE3, STM32MP135CAF3, STM32MP135CAG3, STM32MP135DAE7, STM32MP135DAF7, STM32MP135DAG7, STM32MP135F-DK, STM32MP135FAE7, STM32MP135FAF7, STM32MP135FAF7T, STM32MP135FAF7U, STM32MP135FAG7, STM32U535CBT6, STM32U535CBT6Q, STM32U535CBU6, STM32U535CBU6Q, STM32U535CCT6, STM32U535CCT6Q, STM32U535CCU6, STM32U535CCU6Q, STM32U535CET6, STM32U535CET6Q, STM32U535CEU6, STM32U535CEU6Q, STM32U535JEY6QTR, STM32U535NCY6QTR, STM32U535NEY6QTR, STM32U535RBI6, STM32U535RBI6Q, STM32U535RBT6, STM32U535RBT6Q, STM32U535RCI6, STM32U535RCI6Q, STM32U535RCT6, STM32U535RCT6Q, STM32U535REI6, STM32U535REI6Q, STM32U535RET6, STM32U535RET6Q, STM32U535VCI6, STM32U535VCI6Q, STM32U535VCT6, STM32U535VCT6Q, STM32U535VEI6, STM32U535VEI6Q, STM32U535VET6, STM32U535VET6Q, STM32U545CET6, STM32U545CET6Q, STM32U545CEU6, STM32U545CEU6Q, STM32U545JEY6QTR, STM32U545NEY6QTR, STM32U545REI6, STM32U545REI6Q, STM32U545RET6, STM32U545RET6Q, STM32U545VEI6, STM32U545VEI6Q, STM32U545VET6, STM32U545VET6Q, STM32U595AIH6, STM32U595AIH6Q, STM32U595AJH6, STM32U595AJH6Q, STM32U595QII6, STM32U595QII6Q, STM32U595QJI6, STM32U595QJI6Q, STM32U595RIT6, STM32U595RIT6Q, STM32U595RJT6, STM32U595RJT6Q, STM32U595VIT6, STM32U595VIT6Q, STM32U595VJT6, STM32U595VJT6Q, STM32U595ZIT6, STM32U595ZIT6Q, STM32U595ZIY6QTR, STM32U595ZJT6, STM32U595ZJT6Q, STM32U595ZJY6QTR, STM32U599BJY6QTR, STM32U599NIH6Q, STM32U599NJH6Q, STM32U599VIT6Q, STM32U599VJT6, STM32U599VJT6Q, STM32U599ZIT6Q, STM32U599ZIY6QTR, STM32U599ZJT6Q, STM32U599ZJY6QTR, STM32U5A5AJH6, STM32U5A5AJH6Q, STM32U5A5QJI6, STM32U5A5QJI6Q, STM32U5A5RJT6, STM32U5A5RJT6Q, STM32U5A5VJT6, STM32U5A5VJT6Q, STM32U5A5ZJT6, STM32U5A5ZJT6Q, STM32U5A5ZJY6QTR, STM32U5A9BJY6QTR, STM32U5A9J-DK, STM32U5A9NJH6Q, STM32U5A9VJT6Q, STM32U5A9ZJT6Q, STM32U5A9ZJY6QTR, STM32U5F7VIT6, STM32U5F7VIT6Q, STM32U5F7VJT6, STM32U5F7VJT6Q, STM32U5F9BJY6QTR, STM32U5F9NJH6Q, STM32U5F9VIT6Q, STM32U5F9VJT6Q, STM32U5F9ZIJ6QTR, STM32U5F9ZIT6Q, STM32U5F9ZJJ6QTR, STM32U5F9ZJT6Q, STM32U5G7VJT6, STM32U5G7VJT6Q, STM32U5G9BJY6QTR, STM32U5G9J-DK1, STM32U5G9J-DK2, STM32U5G9NJH6Q, STM32U5G9VJT6Q, STM32U5G9ZJJ6QTR, STM32U5G9ZJT6Q, STM32WB1MMCH6, STM32WBA52CEU6, STM32WBA52CEU6T, STM32WBA52CGU6, STM32WBA52CGU6T, STM32WBA52KEU6, STM32WBA52KEU6T, STM32WBA52KGU6, STM32WBA52KGU6T, STM32WL5MOCH6, STM32WL5MOCH6TR]
2023-12-13 14:28:24,195 [INFO] DbMcus:217 - Found 3882 MCUs, 3882 are supported
2023-12-13 14:28:24,234 [INFO] ApiDb:423 - Load user favorites file C:\Users\irsha/.stm32cubeide/favorites.mcus.txt: 0 item(s)
2023-12-13 14:28:24,234 [INFO] ApiDb:427 - User favorites MCUs=[]
2023-12-13 14:28:24,235 [INFO] DbMcus:223 - Set 0 / 0 favorites MCUs
2023-12-13 14:28:25,086 [INFO] BoardInfo:880 - No configuration file found for board P-NUCLEO-WB55
2023-12-13 14:28:25,086 [INFO] DbBoards:157 - Kit is not supported: P-NUCLEO-WB55
2023-12-13 14:28:25,097 [INFO] BoardInfo:880 - No configuration file found for board STEVAL-BFA001V1B
2023-12-13 14:28:25,097 [INFO] DbBoards:157 - Kit is not supported: STEVAL-BFA001V1B
2023-12-13 14:28:25,101 [INFO] BoardInfo:880 - No configuration file found for board STEVAL-BFA001V2B
2023-12-13 14:28:25,101 [INFO] DbBoards:157 - Kit is not supported: STEVAL-BFA001V2B
2023-12-13 14:28:25,107 [INFO] BoardInfo:880 - No configuration file found for board STEVAL-MKBOXPRO
2023-12-13 14:28:25,108 [INFO] DbBoards:157 - Board is not supported: STEVAL-MKBOXPRO
2023-12-13 14:28:25,310 [INFO] DbBoards:161 - Found 191 boards, 187 are supported
2023-12-13 14:28:25,313 [INFO] ApiDb:423 - Load user favorites file C:\Users\irsha/.stm32cubeide/favorites.boards.txt: 0 item(s)
2023-12-13 14:28:25,313 [INFO] ApiDb:427 - User favorites Boards=[]
2023-12-13 14:28:25,314 [INFO] DbBoards:190 - Set 0 / 0 favorites Boards
2023-12-13 14:28:25,314 [INFO] McuFinderGlobals:76 - Set McuFinderConnectedMode to true
2023-12-13 14:28:25,372 [INFO] MultiScanPanel:200 - Auto-refresh data requested => check proxy status ongoing
2023-12-13 14:28:25,387 [INFO] FinderPluginLoader:95 - Searching for filters in installed packs
2023-12-13 14:28:29,403 [ERROR] ServerAccessManage:1146 - Warning during Server Connection :  Unknown host www.st.com
2023-12-13 14:28:29,404 [ERROR] ServerAccessManage:651 - Unknown host server name. : .
2023-12-13 14:28:29,404 [INFO] LoadUrlFilesThread:185 - End of LoadServerUrlFiles without Thread
2023-12-13 14:28:29,405 [WARN] DetailPanel:346 - Failed to get advertising image, set to default
2023-12-13 14:28:39,091 [INFO] MultiScanPanel:200 - Auto-refresh data requested => check proxy status ongoing
2023-12-13 14:28:39,346 [ERROR] ServerAccessManage:1146 - Warning during Server Connection :  Unknown host www.st.com
2023-12-13 14:28:39,347 [ERROR] ServerAccessManage:651 - Unknown host server name. : .
2023-12-13 14:28:39,347 [INFO] LoadUrlFilesThread:185 - End of LoadServerUrlFiles without Thread
2023-12-13 14:28:39,347 [WARN] DetailPanel:346 - Failed to get advertising image, set to default
2023-12-13 14:28:39,380 [INFO] DbBoards:634 - Loading board mini-images...
2023-12-13 14:28:43,240 [INFO] DbBoards:657 - Loaded 191 board mini-images
2023-12-13 14:29:01,840 [ERROR] ServerAccessManage:1146 - Warning during Server Connection :  Unknown host www.st.com
2023-12-13 14:29:01,847 [ERROR] ServerAccessManage:1146 - Warning during Server Connection :  Unknown host www.st.com
2023-12-13 14:29:01,847 [ERROR] ServerAccessManage:651 - Unknown host server name. : DB2196.pdf.
2023-12-13 14:29:03,800 [INFO] LoadUrlFilesThread:156 - End of LoadUrlFiles Thread
2023-12-13 14:29:03,804 [INFO] BoardAction:139 - Datasheet
2023-12-13 14:29:05,299 [INFO] BoardAction:139 - Datasheet
2023-12-13 14:30:08,100 [INFO] BoardAction:75 - Docs & Resources
2023-12-13 14:31:48,696 [ERROR] ConfigurationRetriever:142 - IOException on connection: sw-center.st.com
2023-12-13 14:31:48,697 [ERROR] ConfigurationRetriever:142 - IOException on connection: sw-center.st.com
2023-12-13 14:31:48,698 [ERROR] ConfigurationRetriever:142 - IOException on connection: sw-center.st.com
2023-12-13 14:31:50,024 [INFO] McuFinderGlobals:76 - Set McuFinderConnectedMode to true
2023-12-13 14:31:50,030 [INFO] ApiDb:448 - Save user favorites file C:\Users\irsha/.stm32cubeide/favorites.mcus.txt: 0 item(s)
2023-12-13 14:31:50,031 [INFO] ApiDb:452 - User favorites MCUs=[]
2023-12-13 14:31:50,033 [INFO] ApiDb:448 - Save user favorites file C:\Users\irsha/.stm32cubeide/favorites.boards.txt: 0 item(s)
2023-12-13 14:31:50,034 [INFO] ApiDb:452 - User favorites Boards=[]
2023-12-13 14:38:29,608 [ERROR] ConfigurationRetriever:142 - IOException on connection: sw-center.st.com
2023-12-13 14:38:29,610 [ERROR] ConfigurationRetriever:142 - IOException on connection: sw-center.st.com
2023-12-13 14:38:29,612 [ERROR] ConfigurationRetriever:142 - IOException on connection: sw-center.st.com
2023-12-13 14:38:48,223 [ERROR] ConfigurationRetriever:142 - IOException on connection: sw-center.st.com
2023-12-13 14:38:48,224 [ERROR] ConfigurationRetriever:142 - IOException on connection: sw-center.st.com
2023-12-13 14:38:48,225 [ERROR] ConfigurationRetriever:142 - IOException on connection: sw-center.st.com
2023-12-13 18:38:06,089 [ERROR] ConfigurationRetriever:142 - IOException on connection: sw-center.st.com
2023-12-13 18:38:06,091 [ERROR] ConfigurationRetriever:142 - IOException on connection: sw-center.st.com
2023-12-13 18:38:06,093 [ERROR] ConfigurationRetriever:142 - IOException on connection: sw-center.st.com
2023-12-13 21:27:20,465 [ERROR] ConfigurationRetriever:142 - IOException on connection: sw-center.st.com
2023-12-13 21:27:20,470 [ERROR] ConfigurationRetriever:142 - IOException on connection: sw-center.st.com
2023-12-13 21:27:20,472 [ERROR] ConfigurationRetriever:142 - IOException on connection: sw-center.st.com
