2023-12-16 10:34:07,962 [INFO] Activator:176 - 


2023-12-16 10:34:07,985 [INFO] Activator:177 - !SESSION log4j initialized
2023-12-16 10:34:25,494 [INFO] LogOutputStream:77 - [STDOUT_REDIRECT] 
2023-12-16 10:34:29,287 [INFO] ApplicationProperties:184 - Using Application install path: C:\ST\STM32CubeIDE_1.13.0\STM32CubeIDE\plugins\com.st.stm32cube.common.mx_6.9.0.202307051724
2023-12-16 10:34:29,351 [INFO] DbMcusXml:78 - Set database path to: C:\ST\STM32CubeIDE_1.13.0\STM32CubeIDE\plugins\com.st.stm32cube.common.mx_6.9.0.202307051724\\db\/mcu/
2023-12-16 10:34:29,352 [INFO] ApiDb:274 - Set plugin database path to: C:\ST\STM32CubeIDE_1.13.0\STM32CubeIDE\plugins\com.st.stm32cube.common.mx_6.9.0.202307051724\\db\/plugins/boardmanager/
2023-12-16 10:34:29,353 [WARN] ApiDb:259 - Overriding images path with different value:  => C:\ST\STM32CubeIDE_1.13.0\STM32CubeIDE\plugins\com.st.stm32cube.common.mx_6.9.0.202307051724\\db\/plugins/mcufinder/images/
2023-12-16 10:34:29,475 [INFO] ApiDb:250 - Set database path to: C:\Users\irsha\.stmcufinder\plugins\mcufinder//mcu/
2023-12-16 10:34:29,480 [INFO] DbMcusAds:125 - Set database path to: C:\Users\irsha\.stmcufinder\plugins\mcufinder//mcu/
2023-12-16 10:34:29,486 [INFO] CrossReferenceDbSqlite:203 - Set database path to: C:\Users\irsha\.stmcufinder\plugins\mcufinder//mcu/cs/
2023-12-16 10:34:29,869 [INFO] RulesReader:64 - Compatibility file has been processed (293 Rules)
2023-12-16 10:34:30,310 [INFO] DbMcusXml:78 - Set database path to: C:\ST\STM32CubeIDE_1.13.0\STM32CubeIDE\plugins\com.st.stm32cube.common.mx_6.9.0.202307051724\\db\/mcu/
2023-12-16 10:34:30,311 [INFO] ApiDb:274 - Set plugin database path to: C:\ST\STM32CubeIDE_1.13.0\STM32CubeIDE\plugins\com.st.stm32cube.common.mx_6.9.0.202307051724\\db\/plugins/boardmanager/
2023-12-16 10:34:30,311 [INFO] ApiDb:261 - Set plugin images path to: C:\ST\STM32CubeIDE_1.13.0\STM32CubeIDE\plugins\com.st.stm32cube.common.mx_6.9.0.202307051724\\db\/plugins/mcufinder/images/
2023-12-16 10:34:30,312 [WARN] DbFile:41 - Overriding database path with different value: C:\Users\irsha\.stmcufinder\plugins\mcufinder/ => C:\Users\irsha\.stmcufinder\plugins\mcufinder
2023-12-16 10:34:30,312 [INFO] ApiDb:250 - Set database path to: C:\Users\irsha\.stmcufinder\plugins\mcufinder//mcu/
2023-12-16 10:34:30,312 [WARN] DbFile:41 - Overriding database path with different value: C:\Users\irsha\.stmcufinder\plugins\mcufinder/ => C:\Users\irsha\.stmcufinder\plugins\mcufinder
2023-12-16 10:34:30,312 [INFO] DbMcusAds:125 - Set database path to: C:\Users\irsha\.stmcufinder\plugins\mcufinder//mcu/
2023-12-16 10:34:30,313 [WARN] DbFile:41 - Overriding database path with different value: C:\Users\irsha\.stmcufinder\plugins\mcufinder/ => C:\Users\irsha\.stmcufinder\plugins\mcufinder
2023-12-16 10:34:30,313 [WARN] DbFile:41 - Overriding database path with different value: C:\Users\irsha\.stmcufinder\plugins\mcufinder/ => C:\Users\irsha\.stmcufinder\plugins\mcufinder
2023-12-16 10:34:30,313 [INFO] CrossReferenceDbSqlite:203 - Set database path to: C:\Users\irsha\.stmcufinder\plugins\mcufinder//mcu/cs/
2023-12-16 10:34:30,776 [INFO] MainPanel:262 - HeapMemory: 268435456
2023-12-16 10:34:31,646 [INFO] DbMcusXml:78 - Set database path to: C:\ST\STM32CubeIDE_1.13.0\STM32CubeIDE\plugins\com.st.stm32cube.common.mx_6.9.0.202307051724\\db\/mcu/
2023-12-16 10:34:31,646 [INFO] ApiDb:274 - Set plugin database path to: C:\ST\STM32CubeIDE_1.13.0\STM32CubeIDE\plugins\com.st.stm32cube.common.mx_6.9.0.202307051724\\db\/plugins/boardmanager/
2023-12-16 10:34:31,646 [INFO] ApiDb:261 - Set plugin images path to: C:\ST\STM32CubeIDE_1.13.0\STM32CubeIDE\plugins\com.st.stm32cube.common.mx_6.9.0.202307051724\\db\/plugins/mcufinder/images/
2023-12-16 10:34:31,659 [WARN] DbFile:41 - Overriding database path with different value: C:\Users\irsha\.stmcufinder\plugins\mcufinder/ => C:\Users\irsha\.stmcufinder\plugins\mcufinder
2023-12-16 10:34:31,659 [INFO] ApiDb:250 - Set database path to: C:\Users\irsha\.stmcufinder\plugins\mcufinder//mcu/
2023-12-16 10:34:31,659 [WARN] DbFile:41 - Overriding database path with different value: C:\Users\irsha\.stmcufinder\plugins\mcufinder/ => C:\Users\irsha\.stmcufinder\plugins\mcufinder
2023-12-16 10:34:31,660 [INFO] DbMcusAds:125 - Set database path to: C:\Users\irsha\.stmcufinder\plugins\mcufinder//mcu/
2023-12-16 10:34:31,660 [WARN] DbFile:41 - Overriding database path with different value: C:\Users\irsha\.stmcufinder\plugins\mcufinder/ => C:\Users\irsha\.stmcufinder\plugins\mcufinder
2023-12-16 10:34:31,660 [WARN] DbFile:41 - Overriding database path with different value: C:\Users\irsha\.stmcufinder\plugins\mcufinder/ => C:\Users\irsha\.stmcufinder\plugins\mcufinder
2023-12-16 10:34:31,660 [INFO] CrossReferenceDbSqlite:203 - Set database path to: C:\Users\irsha\.stmcufinder\plugins\mcufinder//mcu/cs/
2023-12-16 10:34:31,770 [INFO] ApplicationProperties:184 - Using Application install path: C:\ST\STM32CubeIDE_1.13.0\STM32CubeIDE\plugins\com.st.stm32cube.common.mx_6.9.0.202307051724
2023-12-16 10:34:31,772 [INFO] PluginManage:196 - Search for loadable plugins [exclusion list=, ]
2023-12-16 10:34:31,793 [INFO] PluginManage:310 - Check plugin analytics
2023-12-16 10:34:32,251 [INFO] AnalyticsPlugin:253 - Accepted Software Licenses: 
2023-12-16 10:34:32,252 [INFO] AnalyticsPlugin:255 - Accepted CMSIS Pack Licenses: 
2023-12-16 10:34:32,252 [INFO] AnalyticsPlugin:257 - Accepted Firmware Licenses: FW.L4.1.18.0
2023-12-16 10:34:32,258 [INFO] PluginManage:359 - Loaded plugin analytics (category:tool,tabindex:-1)
2023-12-16 10:34:32,258 [INFO] PluginManage:310 - Check plugin cadmodel
2023-12-16 10:34:32,316 [INFO] CADModel:105 - Init CAD model plugin
2023-12-16 10:34:32,316 [INFO] PluginManage:359 - Loaded plugin cadmodel (category:power,tabindex:5)
2023-12-16 10:34:32,317 [INFO] PluginManage:310 - Check plugin clock
2023-12-16 10:34:32,410 [INFO] PluginManage:359 - Loaded plugin clock (category:base,tabindex:2)
2023-12-16 10:34:32,410 [INFO] PluginManage:310 - Check plugin ddr
2023-12-16 10:34:32,439 [INFO] PluginManage:359 - Loaded plugin ddr (category:tool,tabindex:6)
2023-12-16 10:34:32,440 [INFO] PluginManage:310 - Check plugin filemanager
2023-12-16 10:34:33,057 [INFO] PluginManage:359 - Loaded plugin filemanager (category:base,tabindex:10)
2023-12-16 10:34:33,057 [INFO] PluginManage:310 - Check plugin ipmanager
2023-12-16 10:34:33,098 [INFO] PluginManage:359 - Loaded plugin ipmanager (category:base,tabindex:5)
2023-12-16 10:34:33,099 [INFO] PluginManage:310 - Check plugin lpbam
2023-12-16 10:34:33,147 [INFO] PluginManage:359 - Loaded plugin lpbam (category:base,tabindex:0)
2023-12-16 10:34:33,147 [INFO] PluginManage:310 - Check plugin memorymap
2023-12-16 10:34:33,232 [INFO] PluginManage:359 - Loaded plugin memorymap (category:base,tabindex:4)
2023-12-16 10:34:33,232 [INFO] PluginManage:310 - Check plugin pinoutandconfiguration
2023-12-16 10:34:33,283 [INFO] PluginManage:359 - Loaded plugin pinoutandconfiguration (category:base,tabindex:1)
2023-12-16 10:34:33,283 [INFO] PluginManage:310 - Check plugin pinoutconfig
2023-12-16 10:34:33,575 [WARN] SupportedApi:132 - Cannot load RTOS API schema: s4s-elt-must-match.1: The content of 'definitions' must match (annotation?, (simpleType | complexType)?, (unique | key | keyref)*)). A problem was found starting at: attribute.
2023-12-16 10:34:33,939 [INFO] PluginManage:359 - Loaded plugin pinoutconfig (category:base,tabindex:0)
2023-12-16 10:34:33,940 [INFO] PluginManage:310 - Check plugin power
2023-12-16 10:34:34,021 [INFO] PluginManage:359 - Loaded plugin power (category:power,tabindex:4)
2023-12-16 10:34:34,022 [INFO] PluginManage:310 - Check plugin projectmanager
2023-12-16 10:34:34,067 [INFO] PluginManage:359 - Loaded plugin projectmanager (category:projectmanager,tabindex:3)
2023-12-16 10:34:34,068 [INFO] PluginManage:310 - Check plugin thirdparty
2023-12-16 10:34:34,712 [INFO] PluginManage:359 - Loaded plugin thirdparty (category:base,tabindex:-1)
2023-12-16 10:34:34,712 [INFO] PluginManage:310 - Check plugin tools
2023-12-16 10:34:34,712 [WARN] IntegrityCheckThread:84 - waiting for thirdparty lock release [integrity check]
2023-12-16 10:34:34,713 [INFO] IntegrityCheckThread:86 - entering critical section [integrity check]
2023-12-16 10:34:34,714 [INFO] ThirdPartyUpdaterWithRetryManager:70 - Updater plugin not ready yet. [1/15]
2023-12-16 10:34:34,785 [INFO] PluginManage:359 - Loaded plugin tools (category:base,tabindex:7)
2023-12-16 10:34:34,785 [INFO] PluginManage:310 - Check plugin tutovideos
2023-12-16 10:34:35,255 [INFO] PluginManage:359 - Loaded plugin tutovideos (category:base,tabindex:-1)
2023-12-16 10:34:35,255 [INFO] PluginManage:310 - Check plugin updater
2023-12-16 10:34:35,292 [INFO] PluginManage:359 - Loaded plugin updater (category:base,tabindex:12)
2023-12-16 10:34:35,292 [INFO] PluginManage:310 - Check plugin userauth
2023-12-16 10:34:35,314 [INFO] UserAuth:113 - Init User Auth plugin
2023-12-16 10:34:35,315 [INFO] PluginManage:359 - Loaded plugin userauth (category:base,tabindex:14)
2023-12-16 10:34:35,316 [INFO] PluginManage:283 - PluginManage : Loaded plugins [17]
2023-12-16 10:34:36,536 [INFO] PinOutPanel:1499 - setPackage(No Configuration,No Configuration)
2023-12-16 10:34:37,029 [INFO] CADModel:165 - CPN selected for project level
2023-12-16 10:34:37,030 [INFO] CADModel:114 - Register for checkConnection events
2023-12-16 10:34:37,172 [INFO] IPUIPlugin:80 - create IPUIPlugin
2023-12-16 10:34:37,173 [INFO] PluginManager:220 - loadIPPluginJar : add adc
2023-12-16 10:34:37,247 [INFO] IPUIPlugin:80 - create IPUIPlugin
2023-12-16 10:34:37,248 [INFO] PluginManager:220 - loadIPPluginJar : add aes
2023-12-16 10:34:37,316 [INFO] IPUIPlugin:80 - create IPUIPlugin
2023-12-16 10:34:37,317 [INFO] PluginManager:220 - loadIPPluginJar : add can
2023-12-16 10:34:37,329 [INFO] IPUIPlugin:80 - create IPUIPlugin
2023-12-16 10:34:37,329 [INFO] PluginManager:220 - loadIPPluginJar : add comp
2023-12-16 10:34:37,388 [INFO] IPUIPlugin:80 - create IPUIPlugin
2023-12-16 10:34:37,389 [INFO] PluginManager:220 - loadIPPluginJar : add cryp
2023-12-16 10:34:37,408 [INFO] IPUIPlugin:80 - create IPUIPlugin
2023-12-16 10:34:37,408 [INFO] PluginManager:220 - loadIPPluginJar : add dfsdm
2023-12-16 10:34:37,439 [INFO] IPUIPlugin:80 - create IPUIPlugin
2023-12-16 10:34:37,447 [INFO] PluginManager:220 - loadIPPluginJar : add dma
2023-12-16 10:34:37,550 [INFO] IPUIPlugin:80 - create IPUIPlugin
2023-12-16 10:34:37,551 [INFO] PluginManager:220 - loadIPPluginJar : add dma3
2023-12-16 10:34:37,571 [INFO] IPUIPlugin:80 - create IPUIPlugin
2023-12-16 10:34:37,571 [INFO] PluginManager:220 - loadIPPluginJar : add fatfs
2023-12-16 10:34:37,646 [INFO] IPUIPlugin:80 - create IPUIPlugin
2023-12-16 10:34:37,647 [INFO] PluginManager:220 - loadIPPluginJar : add fmc
2023-12-16 10:34:37,703 [INFO] IPUIPlugin:80 - create IPUIPlugin
2023-12-16 10:34:37,703 [INFO] PluginManager:220 - loadIPPluginJar : add freertos
2023-12-16 10:34:37,715 [INFO] ThirdPartyUpdaterWithRetryManager:70 - Updater plugin not ready yet. [2/15]
2023-12-16 10:34:37,747 [INFO] IPUIPlugin:80 - create IPUIPlugin
2023-12-16 10:34:37,747 [INFO] PluginManager:220 - loadIPPluginJar : add genericplugin
2023-12-16 10:34:37,902 [INFO] IPUIPlugin:80 - create IPUIPlugin
2023-12-16 10:34:37,903 [INFO] PluginManager:220 - loadIPPluginJar : add gfxmmu
2023-12-16 10:34:38,115 [INFO] IPUIPlugin:80 - create IPUIPlugin
2023-12-16 10:34:38,116 [INFO] PluginManager:220 - loadIPPluginJar : add gic
2023-12-16 10:34:38,145 [INFO] IPUIPlugin:80 - create IPUIPlugin
2023-12-16 10:34:38,146 [INFO] PluginManager:220 - loadIPPluginJar : add gpio
2023-12-16 10:34:38,299 [INFO] IPUIPlugin:80 - create IPUIPlugin
2023-12-16 10:34:38,300 [INFO] PluginManager:220 - loadIPPluginJar : add gtzc
2023-12-16 10:34:38,321 [INFO] IPUIPlugin:80 - create IPUIPlugin
2023-12-16 10:34:38,322 [INFO] PluginManager:220 - loadIPPluginJar : add hash
2023-12-16 10:34:38,412 [INFO] IPUIPlugin:80 - create IPUIPlugin
2023-12-16 10:34:38,412 [INFO] PluginManager:220 - loadIPPluginJar : add i2c
2023-12-16 10:34:38,479 [INFO] IPUIPlugin:80 - create IPUIPlugin
2023-12-16 10:34:38,479 [INFO] PluginManager:220 - loadIPPluginJar : add i2s
2023-12-16 10:34:38,554 [INFO] IPUIPlugin:80 - create IPUIPlugin
2023-12-16 10:34:38,554 [INFO] PluginManager:220 - loadIPPluginJar : add i3c
2023-12-16 10:34:38,733 [INFO] IPUIPlugin:80 - create IPUIPlugin
2023-12-16 10:34:38,733 [INFO] PluginManager:220 - loadIPPluginJar : add ipddr
2023-12-16 10:34:38,899 [INFO] IPUIPlugin:80 - create IPUIPlugin
2023-12-16 10:34:38,899 [INFO] PluginManager:220 - loadIPPluginJar : add linkedlist
2023-12-16 10:34:38,975 [INFO] IPUIPlugin:80 - create IPUIPlugin
2023-12-16 10:34:38,975 [INFO] PluginManager:220 - loadIPPluginJar : add lorawan
2023-12-16 10:34:39,043 [INFO] IPUIPlugin:80 - create IPUIPlugin
2023-12-16 10:34:39,043 [INFO] PluginManager:220 - loadIPPluginJar : add ltdc
2023-12-16 10:34:39,065 [INFO] IPUIPlugin:80 - create IPUIPlugin
2023-12-16 10:34:39,065 [INFO] PluginManager:220 - loadIPPluginJar : add mdma
2023-12-16 10:34:39,099 [INFO] IPUIPlugin:80 - create IPUIPlugin
2023-12-16 10:34:39,099 [INFO] PluginManager:220 - loadIPPluginJar : add nvic
2023-12-16 10:34:39,158 [INFO] IPUIPlugin:80 - create IPUIPlugin
2023-12-16 10:34:39,158 [INFO] PluginManager:220 - loadIPPluginJar : add opamp
2023-12-16 10:34:39,257 [INFO] IPUIPlugin:80 - create IPUIPlugin
2023-12-16 10:34:39,258 [INFO] PluginManager:220 - loadIPPluginJar : add openamp
2023-12-16 10:34:39,331 [INFO] IPUIPlugin:80 - create IPUIPlugin
2023-12-16 10:34:39,332 [INFO] PluginManager:220 - loadIPPluginJar : add pdm2pcm
2023-12-16 10:34:39,363 [INFO] IPUIPlugin:80 - create IPUIPlugin
2023-12-16 10:34:39,367 [INFO] PluginManager:220 - loadIPPluginJar : add plateformsettings
2023-12-16 10:34:39,411 [INFO] IPUIPlugin:80 - create IPUIPlugin
2023-12-16 10:34:39,411 [INFO] PluginManager:220 - loadIPPluginJar : add quadspi
2023-12-16 10:34:39,438 [INFO] IPUIPlugin:80 - create IPUIPlugin
2023-12-16 10:34:39,438 [INFO] PluginManager:220 - loadIPPluginJar : add resmgrutility
2023-12-16 10:34:39,525 [INFO] IPUIPlugin:80 - create IPUIPlugin
2023-12-16 10:34:39,525 [INFO] PluginManager:220 - loadIPPluginJar : add sai
2023-12-16 10:34:39,594 [INFO] IPUIPlugin:80 - create IPUIPlugin
2023-12-16 10:34:39,594 [INFO] PluginManager:220 - loadIPPluginJar : add spi
2023-12-16 10:34:39,683 [INFO] IPUIPlugin:80 - create IPUIPlugin
2023-12-16 10:34:39,683 [INFO] PluginManager:220 - loadIPPluginJar : add stm32_wpan
2023-12-16 10:34:39,729 [INFO] IPUIPlugin:80 - create IPUIPlugin
2023-12-16 10:34:39,730 [INFO] PluginManager:220 - loadIPPluginJar : add tim
2023-12-16 10:34:39,815 [INFO] IPUIPlugin:80 - create IPUIPlugin
2023-12-16 10:34:39,815 [INFO] PluginManager:220 - loadIPPluginJar : add touchsensing
2023-12-16 10:34:39,848 [INFO] IPUIPlugin:80 - create IPUIPlugin
2023-12-16 10:34:39,848 [INFO] PluginManager:220 - loadIPPluginJar : add tracer_emb
2023-12-16 10:34:39,882 [INFO] IPUIPlugin:80 - create IPUIPlugin
2023-12-16 10:34:39,882 [INFO] PluginManager:220 - loadIPPluginJar : add ts
2023-12-16 10:34:39,920 [INFO] IPUIPlugin:80 - create IPUIPlugin
2023-12-16 10:34:39,920 [INFO] PluginManager:220 - loadIPPluginJar : add tsc
2023-12-16 10:34:39,925 [INFO] IPUIPlugin:80 - create IPUIPlugin
2023-12-16 10:34:39,925 [INFO] PluginManager:220 - loadIPPluginJar : add ucpd
2023-12-16 10:34:39,996 [INFO] IPUIPlugin:80 - create IPUIPlugin
2023-12-16 10:34:39,996 [INFO] PluginManager:220 - loadIPPluginJar : add usart
2023-12-16 10:34:40,061 [INFO] IPUIPlugin:80 - create IPUIPlugin
2023-12-16 10:34:40,061 [INFO] PluginManager:220 - loadIPPluginJar : add usbx
2023-12-16 10:34:40,290 [INFO] CADModel:165 - CPN selected for project level
2023-12-16 10:34:40,291 [INFO] CADModel:114 - Register for checkConnection events
2023-12-16 10:34:40,292 [FATAL] Updater:308 - Updater called before beeing initialized
2023-12-16 10:34:40,293 [ERROR] CADModel:125 - Updater not yet initialized, retry later 
2023-12-16 10:34:40,717 [INFO] ThirdPartyUpdaterWithRetryManager:70 - Updater plugin not ready yet. [3/15]
2023-12-16 10:34:40,960 [INFO] CADModel:165 - CPN selected for project level
2023-12-16 10:34:40,960 [INFO] CADModel:114 - Register for checkConnection events
2023-12-16 10:34:40,960 [FATAL] Updater:308 - Updater called before beeing initialized
2023-12-16 10:34:40,960 [ERROR] CADModel:125 - Updater not yet initialized, retry later 
2023-12-16 10:34:40,981 [FATAL] Updater:308 - Updater called before beeing initialized
2023-12-16 10:34:41,274 [FATAL] Updater:308 - Updater called before beeing initialized
2023-12-16 10:34:41,320 [INFO] DbMcusAds:53 - JSON generation date=Wed Nov 29 16:22:27 IST 2023 (1701255147349)
2023-12-16 10:34:41,320 [FATAL] Updater:308 - Updater called before beeing initialized
2023-12-16 10:34:41,733 [WARN] DetailPanel:346 - Failed to get advertising image, set to default
2023-12-16 10:34:41,925 [FATAL] Updater:308 - Updater called before beeing initialized
2023-12-16 10:34:41,935 [FATAL] Updater:308 - Updater called before beeing initialized
2023-12-16 10:34:41,936 [FATAL] Updater:308 - Updater called before beeing initialized
2023-12-16 10:34:41,936 [WARN] DetailPanel:346 - Failed to get advertising image, set to default
2023-12-16 10:34:41,937 [FATAL] Updater:308 - Updater called before beeing initialized
2023-12-16 10:34:42,122 [ERROR] Updater:1120 - MainUpdater not yet initialized. External WinMGr cannot be set.
2023-12-16 10:34:42,144 [INFO] Updater:1056 - Updater Version found : 6.9.0
2023-12-16 10:34:42,191 [INFO] ApplicationProperties:184 - Using Application install path: C:\ST\STM32CubeIDE_1.13.0\STM32CubeIDE\plugins\com.st.stm32cube.common.mx_6.9.0.202307051724
2023-12-16 10:34:42,645 [INFO] MainUpdater:2868 - connection check result : 10
2023-12-16 10:34:42,647 [INFO] MainUpdater:285 - Updater Check For Update Now.
2023-12-16 10:34:42,647 [INFO] MicroXplorer:498 - Change Database Version : DB.6.0.90
2023-12-16 10:34:42,704 [INFO] McuFinderGlobals:63 - Set McuFinder mode to 2 (CubeIDE integrated)
2023-12-16 10:34:43,142 [ERROR] AdobePublisher:162 - Exception while opening the connection: java.net.UnknownHostException: stmicroelectronics.d3.sc.omtrdc.net
2023-12-16 10:34:43,143 [ERROR] AdobePublisher:162 - Exception while opening the connection: java.net.UnknownHostException: stmicroelectronics.d3.sc.omtrdc.net
2023-12-16 10:34:43,144 [ERROR] AdobePublisher:162 - Exception while opening the connection: java.net.UnknownHostException: stmicroelectronics.d3.sc.omtrdc.net
2023-12-16 10:34:43,145 [ERROR] AdobePublisher:162 - Exception while opening the connection: java.net.UnknownHostException: stmicroelectronics.d3.sc.omtrdc.net
2023-12-16 10:34:43,146 [ERROR] AdobePublisher:162 - Exception while opening the connection: java.net.UnknownHostException: stmicroelectronics.d3.sc.omtrdc.net
2023-12-16 10:34:43,206 [INFO] CheckServerUpdateThread:120 - End of CheckServer Thread
2023-12-16 10:34:45,038 [WARN] PackLoader:240 - Cannot read IP mode file for STMicroelectronics.X-CUBE-SMBUS.2.1.0
2023-12-16 10:34:45,221 [WARN] PackLoader:240 - Cannot read IP mode file for STMicroelectronics.X-CUBE-AZRTOS-F7.1.1.0
2023-12-16 10:34:45,292 [WARN] PackLoader:240 - Cannot read IP mode file for STMicroelectronics.FP-SNS-MOTENV1.4.3.2
2023-12-16 10:34:45,353 [WARN] PackLoader:240 - Cannot read IP mode file for STMicroelectronics.X-CUBE-BLE1.6.2.4
2023-12-16 10:34:45,378 [WARN] PackLoader:240 - Cannot read IP mode file for STMicroelectronics.FP-SNS-FLIGHT1.5.0.2
2023-12-16 10:34:45,430 [WARN] PackLoader:240 - Cannot read IP mode file for STMicroelectronics.X-CUBE-DISPLAY.3.0.0
2023-12-16 10:34:45,489 [WARN] PackLoader:240 - Cannot read IP mode file for STMicroelectronics.X-CUBE-BLE1.7.0.0
2023-12-16 10:34:45,531 [WARN] PackLoader:240 - Cannot read IP mode file for emotas.I-CUBE-CANOPEN.1.3.0
2023-12-16 10:34:45,575 [WARN] PackLoader:240 - Cannot read IP mode file for STMicroelectronics.X-CUBE-TOUCHGFX.4.22.0
2023-12-16 10:34:45,628 [WARN] PackLoader:240 - Cannot read IP mode file for STMicroelectronics.X-CUBE-TOUCHGFX.4.22.1
2023-12-16 10:34:45,668 [WARN] PackLoader:240 - Cannot read IP mode file for STMicroelectronics.FP-SNS-SMARTAG2.1.2.0
2023-12-16 10:34:45,759 [INFO] LogOutputStream:77 - [STDOUT_REDIRECT] 1 : Invalid condition id : UX_CORESTACK_Condition cause : null
2023-12-16 10:34:45,760 [INFO] LogOutputStream:77 - [STDOUT_REDIRECT] 1 : Invalid condition id : UX_CORESTACK_Condition cause : null
2023-12-16 10:34:45,763 [INFO] LogOutputStream:77 - [STDOUT_REDIRECT] 1 : Invalid condition id : UX_CORESTACK_Condition cause : null
2023-12-16 10:34:45,766 [INFO] LogOutputStream:77 - [STDOUT_REDIRECT] 1 : Invalid condition id : UX_CORESTACK_Condition cause : null
2023-12-16 10:34:45,769 [INFO] LogOutputStream:77 - [STDOUT_REDIRECT] 1 : Invalid condition id : UX_CORESTACK_Condition cause : null
2023-12-16 10:34:45,777 [WARN] PackLoader:240 - Cannot read IP mode file for STMicroelectronics.X-CUBE-AZRTOS-WL.2.0.0
2023-12-16 10:34:45,824 [WARN] PackLoader:240 - Cannot read IP mode file for WES.I-CUBE-Cesium.1.3.0
2023-12-16 10:34:45,862 [WARN] PackLoader:240 - Cannot read IP mode file for STMicroelectronics.X-CUBE-BLE2.3.3.0
2023-12-16 10:34:45,895 [WARN] PackLoader:240 - Cannot read IP mode file for STMicroelectronics.X-CUBE-ALGOBUILD.1.3.0
2023-12-16 10:34:45,970 [WARN] PackLoader:240 - Cannot read IP mode file for STMicroelectronics.X-CUBE-AZRTOS-G0.1.1.0
2023-12-16 10:34:46,009 [WARN] PackLoader:240 - Cannot read IP mode file for STMicroelectronics.X-CUBE-NFC4.3.0.0
2023-12-16 10:34:46,075 [WARN] PackLoader:240 - Cannot read IP mode file for STMicroelectronics.X-CUBE-BLEMGR.3.0.0
2023-12-16 10:34:46,116 [WARN] PackLoader:240 - Cannot read IP mode file for STMicroelectronics.FP-ATR-SIGFOX1.3.2.0
2023-12-16 10:34:46,207 [WARN] PackLoader:240 - Cannot read IP mode file for SEGGER.I-CUBE-embOS.1.3.1
2023-12-16 10:34:46,328 [WARN] PackLoader:240 - Cannot read IP mode file for STMicroelectronics.X-CUBE-GNSS1.6.0.0
2023-12-16 10:34:46,429 [WARN] PackLoader:240 - Cannot read IP mode file for STMicroelectronics.X-CUBE-AZRTOS-F4.1.1.0
2023-12-16 10:34:46,491 [WARN] PackLoader:240 - Cannot read IP mode file for wolfSSL.I-CUBE-wolfSSL.5.6.3
2023-12-16 10:34:46,574 [WARN] PackLoader:240 - Cannot read IP mode file for STMicroelectronics.X-CUBE-AZRTOS-L5.2.0.0
2023-12-16 10:34:46,701 [WARN] PackLoader:240 - Cannot read IP mode file for STMicroelectronics.X-CUBE-MEMS1.9.6.0
2023-12-16 10:34:47,106 [WARN] PackLoader:240 - Cannot read IP mode file for STMicroelectronics.X-CUBE-EEPRMA1.4.2.0
2023-12-16 10:34:47,138 [WARN] PackLoader:240 - Cannot read IP mode file for ITTIA_DB.I-CUBE-ITTIADB.8.8.0
2023-12-16 10:34:47,180 [WARN] PackLoader:240 - Cannot read IP mode file for STMicroelectronics.X-CUBE-BLEMGR.2.0.0
2023-12-16 10:34:47,259 [WARN] ConditionMgr:438 - getConditionDescription Invalid condition id : UX DEVICE CLASS RTOS Condition cause : null
2023-12-16 10:34:47,259 [WARN] ConditionMgr:438 - getConditionDescription Invalid condition id : UX DEVICE CLASS RTOS Condition cause : null
2023-12-16 10:34:47,266 [WARN] PackLoader:240 - Cannot read IP mode file for STMicroelectronics.X-CUBE-AZRTOS-H7.3.1.0
2023-12-16 10:34:47,268 [WARN] ConditionMgr:1039 - genDependencies : Invalid condition id : UX DEVICE CLASS RTOS Condition cause : null
2023-12-16 10:34:47,269 [WARN] ConditionMgr:1039 - genDependencies : Invalid condition id : UX DEVICE CLASS RTOS Condition cause : null
2023-12-16 10:34:47,270 [WARN] ConditionMgr:1039 - genDependencies : Invalid condition id : UX DEVICE CLASS RTOS Condition cause : null
2023-12-16 10:34:47,271 [WARN] ConditionMgr:1039 - genDependencies : Invalid condition id : UX DEVICE CLASS RTOS Condition cause : null
2023-12-16 10:34:47,271 [WARN] ConditionMgr:1039 - genDependencies : Invalid condition id : UX DEVICE CLASS RTOS Condition cause : null
2023-12-16 10:34:47,310 [WARN] PackLoader:240 - Cannot read IP mode file for STMicroelectronics.X-CUBE-NFC7.1.0.1
2023-12-16 10:34:47,352 [WARN] PackLoader:240 - Cannot read IP mode file for STMicroelectronics.X-CUBE-NFC6.3.0.0
2023-12-16 10:34:47,396 [WARN] PackLoader:240 - Cannot read IP mode file for STMicroelectronics.X-CUBE-EEPRMA1.4.1.0
2023-12-16 10:34:47,439 [WARN] PackLoader:240 - Cannot read IP mode file for STMicroelectronics.X-CUBE-AI.8.1.0
2023-12-16 10:34:47,549 [WARN] ConditionMgr:438 - getConditionDescription Invalid condition id : LAN8742 Phy interface Condition cause : null
2023-12-16 10:34:47,551 [WARN] PackLoader:240 - Cannot read IP mode file for STMicroelectronics.X-CUBE-AZRTOS-L4.2.0.0
2023-12-16 10:34:47,553 [WARN] ConditionMgr:1039 - genDependencies : Invalid condition id : LAN8742 Phy interface Condition cause : null
2023-12-16 10:34:47,554 [WARN] ConditionMgr:1039 - genDependencies : Invalid condition id : LAN8742 Phy interface Condition cause : null
2023-12-16 10:34:47,555 [WARN] ConditionMgr:1039 - genDependencies : Invalid condition id : LAN8742 Phy interface Condition cause : null
2023-12-16 10:34:47,591 [WARN] PackLoader:240 - Cannot read IP mode file for STMicroelectronics.X-CUBE-SFXS2LP1.4.0.0
2023-12-16 10:34:47,626 [WARN] PackLoader:240 - Cannot read IP mode file for STMicroelectronics.X-CUBE-ISPU.1.1.0
2023-12-16 10:34:47,684 [WARN] ConditionMgr:438 - getConditionDescription Invalid condition id : UX DEVICE CLASS RTOS Condition cause : null
2023-12-16 10:34:47,685 [WARN] ConditionMgr:438 - getConditionDescription Invalid condition id : UX DEVICE CLASS RTOS Condition cause : null
2023-12-16 10:34:47,689 [WARN] PackLoader:240 - Cannot read IP mode file for STMicroelectronics.X-CUBE-AZRTOS-WB.2.0.0
2023-12-16 10:34:47,690 [WARN] ConditionMgr:1039 - genDependencies : Invalid condition id : UX DEVICE CLASS RTOS Condition cause : null
2023-12-16 10:34:47,691 [WARN] ConditionMgr:1039 - genDependencies : Invalid condition id : UX DEVICE CLASS RTOS Condition cause : null
2023-12-16 10:34:47,691 [WARN] ConditionMgr:1039 - genDependencies : Invalid condition id : UX DEVICE CLASS RTOS Condition cause : null
2023-12-16 10:34:47,692 [WARN] ConditionMgr:1039 - genDependencies : Invalid condition id : UX DEVICE CLASS RTOS Condition cause : null
2023-12-16 10:34:47,692 [WARN] ConditionMgr:1039 - genDependencies : Invalid condition id : UX DEVICE CLASS RTOS Condition cause : null
2023-12-16 10:34:47,728 [WARN] PackLoader:240 - Cannot read IP mode file for STMicroelectronics.X-CUBE-FREERTOS.1.0.1
2023-12-16 10:34:47,790 [WARN] PackLoader:240 - Cannot read IP mode file for STMicroelectronics.X-CUBE-AZRTOS-L5.1.1.0
2023-12-16 10:34:47,825 [WARN] PackLoader:240 - Cannot read IP mode file for STMicroelectronics.X-CUBE-AI.8.0.1
2023-12-16 10:34:47,873 [WARN] PackLoader:240 - Cannot read IP mode file for STMicroelectronics.X-CUBE-SUBG2.5.0.0
2023-12-16 10:34:47,923 [WARN] PackLoader:240 - Cannot read IP mode file for STMicroelectronics.X-CUBE-TOF1.3.3.1
2023-12-16 10:34:47,986 [WARN] PackLoader:240 - Cannot read IP mode file for STMicroelectronics.X-CUBE-AZRTOS-G4.2.0.0
2023-12-16 10:34:48,019 [WARN] PackLoader:240 - Cannot read IP mode file for STMicroelectronics.FP-SNS-MOTENVWB1.1.3.0
2023-12-16 10:34:48,045 [WARN] PackLoader:240 - Cannot read IP mode file for STMicroelectronics.FP-SNS-MOTENVWB1.1.3.1
2023-12-16 10:34:48,070 [WARN] PackLoader:240 - Cannot read IP mode file for STMicroelectronics.X-CUBE-ISPU.2.0.0
2023-12-16 10:34:48,192 [WARN] PackLoader:240 - Cannot read IP mode file for STMicroelectronics.X-CUBE-MEMS1.10.0.0
2023-12-16 10:34:48,552 [WARN] PackLoader:240 - Cannot read IP mode file for STMicroelectronics.X-CUBE-FREERTOS.1.1.0
2023-12-16 10:34:48,590 [WARN] PackLoader:240 - Cannot read IP mode file for portGmbH.I-Cube-SoM-uGOAL.1.1.0
2023-12-16 10:34:48,623 [WARN] PackLoader:240 - Cannot read IP mode file for STMicroelectronics.X-CUBE-ALS.1.0.1
2023-12-16 10:34:48,684 [WARN] PackLoader:240 - Cannot read IP mode file for STMicroelectronics.X-CUBE-AZRTOS-WB.1.1.0
2023-12-16 10:34:48,744 [WARN] PackLoader:240 - Cannot read IP mode file for STMicroelectronics.FP-ATR-ASTRA1.2.0.0
2023-12-16 10:34:48,807 [WARN] PackLoader:240 - Cannot read IP mode file for STMicroelectronics.X-CUBE-TOF1.3.4.0
2023-12-16 10:34:48,913 [WARN] PackLoader:240 - Cannot read IP mode file for STMicroelectronics.X-CUBE-AZRTOS-H7.3.2.0
2023-12-16 10:34:48,919 [INFO] ThirdParty:978 - Integrity check success = true
2023-12-16 10:34:48,919 [INFO] IntegrityCheckThread:100 - exiting critical section [integrity check]
2023-12-16 10:34:48,919 [INFO] IntegrityCheckThread:103 - End integrity checks thread
2023-12-16 10:35:05,464 [ERROR] LogOutputStream:75 - [STDERR_REDIRECT] SLF4J: Failed to load class "org.slf4j.impl.StaticLoggerBinder".
2023-12-16 10:35:05,465 [ERROR] LogOutputStream:75 - [STDERR_REDIRECT] SLF4J: Defaulting to no-operation (NOP) logger implementation
2023-12-16 10:35:05,468 [ERROR] LogOutputStream:75 - [STDERR_REDIRECT] SLF4J: See http://www.slf4j.org/codes.html#StaticLoggerBinder for further details.
2023-12-16 10:47:48,752 [ERROR] ConfigurationRetriever:142 - IOException on connection: sw-center.st.com
2023-12-16 10:47:48,753 [ERROR] ConfigurationRetriever:142 - IOException on connection: sw-center.st.com
2023-12-16 10:47:48,754 [ERROR] ConfigurationRetriever:142 - IOException on connection: sw-center.st.com
2023-12-16 13:44:27,270 [ERROR] ConfigurationRetriever:142 - IOException on connection: sw-center.st.com
2023-12-16 13:44:27,271 [ERROR] ConfigurationRetriever:142 - IOException on connection: sw-center.st.com
2023-12-16 13:44:27,273 [ERROR] ConfigurationRetriever:142 - IOException on connection: sw-center.st.com
2023-12-16 14:28:59,849 [ERROR] ConfigurationRetriever:142 - IOException on connection: sw-center.st.com
2023-12-16 14:28:59,850 [ERROR] ConfigurationRetriever:142 - IOException on connection: sw-center.st.com
2023-12-16 14:28:59,851 [ERROR] ConfigurationRetriever:142 - IOException on connection: sw-center.st.com
2023-12-16 14:29:03,251 [ERROR] ConfigurationRetriever:142 - IOException on connection: sw-center.st.com
2023-12-16 14:29:03,252 [ERROR] ConfigurationRetriever:142 - IOException on connection: sw-center.st.com
2023-12-16 14:29:03,253 [ERROR] ConfigurationRetriever:142 - IOException on connection: sw-center.st.com
2023-12-16 14:47:39,697 [ERROR] ConfigurationRetriever:142 - IOException on connection: sw-center.st.com
2023-12-16 14:47:39,698 [ERROR] ConfigurationRetriever:142 - IOException on connection: sw-center.st.com
2023-12-16 14:47:39,699 [ERROR] ConfigurationRetriever:142 - IOException on connection: sw-center.st.com
2023-12-16 14:47:39,825 [ERROR] ConfigurationRetriever:142 - IOException on connection: sw-center.st.com
2023-12-16 14:47:39,827 [ERROR] ConfigurationRetriever:142 - IOException on connection: sw-center.st.com
2023-12-16 14:47:39,829 [ERROR] ConfigurationRetriever:142 - IOException on connection: sw-center.st.com
2023-12-16 14:48:03,735 [ERROR] ConfigurationRetriever:142 - IOException on connection: sw-center.st.com
2023-12-16 14:48:03,738 [ERROR] ConfigurationRetriever:142 - IOException on connection: sw-center.st.com
2023-12-16 14:48:03,740 [ERROR] ConfigurationRetriever:142 - IOException on connection: sw-center.st.com
2023-12-16 14:49:04,380 [ERROR] ConfigurationRetriever:142 - IOException on connection: sw-center.st.com
2023-12-16 14:49:04,380 [ERROR] ConfigurationRetriever:142 - IOException on connection: sw-center.st.com
2023-12-16 14:49:04,381 [ERROR] ConfigurationRetriever:142 - IOException on connection: sw-center.st.com
2023-12-16 15:01:07,112 [ERROR] ConfigurationRetriever:142 - IOException on connection: sw-center.st.com
2023-12-16 15:01:07,113 [ERROR] ConfigurationRetriever:142 - IOException on connection: sw-center.st.com
2023-12-16 15:01:07,114 [ERROR] ConfigurationRetriever:142 - IOException on connection: sw-center.st.com
2023-12-16 15:01:22,679 [ERROR] ConfigurationRetriever:142 - IOException on connection: sw-center.st.com
2023-12-16 15:01:22,680 [ERROR] ConfigurationRetriever:142 - IOException on connection: sw-center.st.com
2023-12-16 15:01:22,681 [ERROR] ConfigurationRetriever:142 - IOException on connection: sw-center.st.com
2023-12-16 15:02:03,116 [ERROR] ConfigurationRetriever:142 - IOException on connection: sw-center.st.com
2023-12-16 15:02:03,118 [ERROR] ConfigurationRetriever:142 - IOException on connection: sw-center.st.com
2023-12-16 15:02:03,119 [ERROR] ConfigurationRetriever:142 - IOException on connection: sw-center.st.com
2023-12-16 15:02:05,878 [ERROR] ConfigurationRetriever:142 - IOException on connection: sw-center.st.com
2023-12-16 15:02:05,879 [ERROR] ConfigurationRetriever:142 - IOException on connection: sw-center.st.com
2023-12-16 15:02:05,880 [ERROR] ConfigurationRetriever:142 - IOException on connection: sw-center.st.com
2023-12-16 15:05:52,101 [ERROR] ConfigurationRetriever:142 - IOException on connection: sw-center.st.com
2023-12-16 15:05:52,103 [ERROR] ConfigurationRetriever:142 - IOException on connection: sw-center.st.com
2023-12-16 15:05:52,104 [ERROR] ConfigurationRetriever:142 - IOException on connection: sw-center.st.com
2023-12-16 15:05:54,248 [ERROR] ConfigurationRetriever:142 - IOException on connection: sw-center.st.com
2023-12-16 15:05:54,249 [ERROR] ConfigurationRetriever:142 - IOException on connection: sw-center.st.com
2023-12-16 15:05:54,250 [ERROR] ConfigurationRetriever:142 - IOException on connection: sw-center.st.com
2023-12-16 15:06:21,105 [ERROR] ConfigurationRetriever:142 - IOException on connection: sw-center.st.com
2023-12-16 15:06:21,106 [ERROR] ConfigurationRetriever:142 - IOException on connection: sw-center.st.com
2023-12-16 15:06:21,107 [ERROR] ConfigurationRetriever:142 - IOException on connection: sw-center.st.com
2023-12-16 15:25:29,061 [ERROR] ConfigurationRetriever:142 - IOException on connection: sw-center.st.com
2023-12-16 15:25:29,062 [ERROR] ConfigurationRetriever:142 - IOException on connection: sw-center.st.com
2023-12-16 15:25:29,063 [ERROR] ConfigurationRetriever:142 - IOException on connection: sw-center.st.com
2023-12-16 15:25:29,891 [ERROR] ConfigurationRetriever:142 - IOException on connection: sw-center.st.com
2023-12-16 15:25:29,892 [ERROR] ConfigurationRetriever:142 - IOException on connection: sw-center.st.com
2023-12-16 15:25:29,894 [ERROR] ConfigurationRetriever:142 - IOException on connection: sw-center.st.com
