2023-12-15 10:09:02,846 [INFO] Activator:176 - 


2023-12-15 10:09:02,882 [INFO] Activator:177 - !SESSION log4j initialized
2023-12-15 10:09:20,723 [INFO] LogOutputStream:77 - [STDOUT_REDIRECT] 
2023-12-15 10:09:22,196 [ERROR] ConfigurationRetriever:142 - IOException on connection: sw-center.st.com
2023-12-15 10:09:22,198 [ERROR] ConfigurationRetriever:142 - IOException on connection: sw-center.st.com
2023-12-15 10:09:22,199 [ERROR] ConfigurationRetriever:142 - IOException on connection: sw-center.st.com
2023-12-15 10:09:24,482 [INFO] ApplicationProperties:184 - Using Application install path: C:\ST\STM32CubeIDE_1.13.0\STM32CubeIDE\plugins\com.st.stm32cube.common.mx_6.9.0.202307051724
2023-12-15 10:09:24,545 [INFO] DbMcusXml:78 - Set database path to: C:\ST\STM32CubeIDE_1.13.0\STM32CubeIDE\plugins\com.st.stm32cube.common.mx_6.9.0.202307051724\\db\/mcu/
2023-12-15 10:09:24,545 [INFO] ApiDb:274 - Set plugin database path to: C:\ST\STM32CubeIDE_1.13.0\STM32CubeIDE\plugins\com.st.stm32cube.common.mx_6.9.0.202307051724\\db\/plugins/boardmanager/
2023-12-15 10:09:24,546 [WARN] ApiDb:259 - Overriding images path with different value:  => C:\ST\STM32CubeIDE_1.13.0\STM32CubeIDE\plugins\com.st.stm32cube.common.mx_6.9.0.202307051724\\db\/plugins/mcufinder/images/
2023-12-15 10:09:24,611 [INFO] ApiDb:250 - Set database path to: C:\Users\irsha\.stmcufinder\plugins\mcufinder//mcu/
2023-12-15 10:09:24,613 [INFO] DbMcusAds:125 - Set database path to: C:\Users\irsha\.stmcufinder\plugins\mcufinder//mcu/
2023-12-15 10:09:24,616 [INFO] CrossReferenceDbSqlite:203 - Set database path to: C:\Users\irsha\.stmcufinder\plugins\mcufinder//mcu/cs/
2023-12-15 10:09:24,918 [INFO] RulesReader:64 - Compatibility file has been processed (293 Rules)
2023-12-15 10:09:25,461 [INFO] DbMcusXml:78 - Set database path to: C:\ST\STM32CubeIDE_1.13.0\STM32CubeIDE\plugins\com.st.stm32cube.common.mx_6.9.0.202307051724\\db\/mcu/
2023-12-15 10:09:25,462 [INFO] ApiDb:274 - Set plugin database path to: C:\ST\STM32CubeIDE_1.13.0\STM32CubeIDE\plugins\com.st.stm32cube.common.mx_6.9.0.202307051724\\db\/plugins/boardmanager/
2023-12-15 10:09:25,462 [INFO] ApiDb:261 - Set plugin images path to: C:\ST\STM32CubeIDE_1.13.0\STM32CubeIDE\plugins\com.st.stm32cube.common.mx_6.9.0.202307051724\\db\/plugins/mcufinder/images/
2023-12-15 10:09:25,463 [WARN] DbFile:41 - Overriding database path with different value: C:\Users\irsha\.stmcufinder\plugins\mcufinder/ => C:\Users\irsha\.stmcufinder\plugins\mcufinder
2023-12-15 10:09:25,463 [INFO] ApiDb:250 - Set database path to: C:\Users\irsha\.stmcufinder\plugins\mcufinder//mcu/
2023-12-15 10:09:25,463 [WARN] DbFile:41 - Overriding database path with different value: C:\Users\irsha\.stmcufinder\plugins\mcufinder/ => C:\Users\irsha\.stmcufinder\plugins\mcufinder
2023-12-15 10:09:25,463 [INFO] DbMcusAds:125 - Set database path to: C:\Users\irsha\.stmcufinder\plugins\mcufinder//mcu/
2023-12-15 10:09:25,464 [WARN] DbFile:41 - Overriding database path with different value: C:\Users\irsha\.stmcufinder\plugins\mcufinder/ => C:\Users\irsha\.stmcufinder\plugins\mcufinder
2023-12-15 10:09:25,464 [WARN] DbFile:41 - Overriding database path with different value: C:\Users\irsha\.stmcufinder\plugins\mcufinder/ => C:\Users\irsha\.stmcufinder\plugins\mcufinder
2023-12-15 10:09:25,464 [INFO] CrossReferenceDbSqlite:203 - Set database path to: C:\Users\irsha\.stmcufinder\plugins\mcufinder//mcu/cs/
2023-12-15 10:09:25,905 [INFO] MainPanel:262 - HeapMemory: 268435456
2023-12-15 10:09:26,885 [INFO] DbMcusXml:78 - Set database path to: C:\ST\STM32CubeIDE_1.13.0\STM32CubeIDE\plugins\com.st.stm32cube.common.mx_6.9.0.202307051724\\db\/mcu/
2023-12-15 10:09:26,885 [INFO] ApiDb:274 - Set plugin database path to: C:\ST\STM32CubeIDE_1.13.0\STM32CubeIDE\plugins\com.st.stm32cube.common.mx_6.9.0.202307051724\\db\/plugins/boardmanager/
2023-12-15 10:09:26,885 [INFO] ApiDb:261 - Set plugin images path to: C:\ST\STM32CubeIDE_1.13.0\STM32CubeIDE\plugins\com.st.stm32cube.common.mx_6.9.0.202307051724\\db\/plugins/mcufinder/images/
2023-12-15 10:09:26,898 [WARN] DbFile:41 - Overriding database path with different value: C:\Users\irsha\.stmcufinder\plugins\mcufinder/ => C:\Users\irsha\.stmcufinder\plugins\mcufinder
2023-12-15 10:09:26,899 [INFO] ApiDb:250 - Set database path to: C:\Users\irsha\.stmcufinder\plugins\mcufinder//mcu/
2023-12-15 10:09:26,899 [WARN] DbFile:41 - Overriding database path with different value: C:\Users\irsha\.stmcufinder\plugins\mcufinder/ => C:\Users\irsha\.stmcufinder\plugins\mcufinder
2023-12-15 10:09:26,899 [INFO] DbMcusAds:125 - Set database path to: C:\Users\irsha\.stmcufinder\plugins\mcufinder//mcu/
2023-12-15 10:09:26,900 [WARN] DbFile:41 - Overriding database path with different value: C:\Users\irsha\.stmcufinder\plugins\mcufinder/ => C:\Users\irsha\.stmcufinder\plugins\mcufinder
2023-12-15 10:09:26,900 [WARN] DbFile:41 - Overriding database path with different value: C:\Users\irsha\.stmcufinder\plugins\mcufinder/ => C:\Users\irsha\.stmcufinder\plugins\mcufinder
2023-12-15 10:09:26,900 [INFO] CrossReferenceDbSqlite:203 - Set database path to: C:\Users\irsha\.stmcufinder\plugins\mcufinder//mcu/cs/
2023-12-15 10:09:27,011 [INFO] ApplicationProperties:184 - Using Application install path: C:\ST\STM32CubeIDE_1.13.0\STM32CubeIDE\plugins\com.st.stm32cube.common.mx_6.9.0.202307051724
2023-12-15 10:09:27,013 [INFO] PluginManage:196 - Search for loadable plugins [exclusion list=, ]
2023-12-15 10:09:27,022 [INFO] PluginManage:310 - Check plugin analytics
2023-12-15 10:09:27,445 [INFO] AnalyticsPlugin:253 - Accepted Software Licenses: 
2023-12-15 10:09:27,445 [INFO] AnalyticsPlugin:255 - Accepted CMSIS Pack Licenses: 
2023-12-15 10:09:27,446 [INFO] AnalyticsPlugin:257 - Accepted Firmware Licenses: FW.L4.1.18.0
2023-12-15 10:09:27,453 [ERROR] ConfigurationRetriever:142 - IOException on connection: sw-center.st.com
2023-12-15 10:09:27,454 [ERROR] ConfigurationRetriever:142 - IOException on connection: sw-center.st.com
2023-12-15 10:09:27,455 [ERROR] ConfigurationRetriever:142 - IOException on connection: sw-center.st.com
2023-12-15 10:09:27,458 [INFO] PluginManage:359 - Loaded plugin analytics (category:tool,tabindex:-1)
2023-12-15 10:09:27,459 [INFO] PluginManage:310 - Check plugin cadmodel
2023-12-15 10:09:27,506 [INFO] CADModel:105 - Init CAD model plugin
2023-12-15 10:09:27,507 [INFO] PluginManage:359 - Loaded plugin cadmodel (category:power,tabindex:5)
2023-12-15 10:09:27,507 [INFO] PluginManage:310 - Check plugin clock
2023-12-15 10:09:27,553 [INFO] PluginManage:359 - Loaded plugin clock (category:base,tabindex:2)
2023-12-15 10:09:27,553 [INFO] PluginManage:310 - Check plugin ddr
2023-12-15 10:09:27,576 [INFO] PluginManage:359 - Loaded plugin ddr (category:tool,tabindex:6)
2023-12-15 10:09:27,576 [INFO] PluginManage:310 - Check plugin filemanager
2023-12-15 10:09:28,219 [INFO] PluginManage:359 - Loaded plugin filemanager (category:base,tabindex:10)
2023-12-15 10:09:28,219 [INFO] PluginManage:310 - Check plugin ipmanager
2023-12-15 10:09:28,261 [INFO] PluginManage:359 - Loaded plugin ipmanager (category:base,tabindex:5)
2023-12-15 10:09:28,261 [INFO] PluginManage:310 - Check plugin lpbam
2023-12-15 10:09:28,307 [INFO] PluginManage:359 - Loaded plugin lpbam (category:base,tabindex:0)
2023-12-15 10:09:28,308 [INFO] PluginManage:310 - Check plugin memorymap
2023-12-15 10:09:28,372 [INFO] PluginManage:359 - Loaded plugin memorymap (category:base,tabindex:4)
2023-12-15 10:09:28,372 [INFO] PluginManage:310 - Check plugin pinoutandconfiguration
2023-12-15 10:09:28,422 [INFO] PluginManage:359 - Loaded plugin pinoutandconfiguration (category:base,tabindex:1)
2023-12-15 10:09:28,422 [INFO] PluginManage:310 - Check plugin pinoutconfig
2023-12-15 10:09:28,736 [WARN] SupportedApi:132 - Cannot load RTOS API schema: s4s-elt-must-match.1: The content of 'definitions' must match (annotation?, (simpleType | complexType)?, (unique | key | keyref)*)). A problem was found starting at: attribute.
2023-12-15 10:09:29,022 [INFO] PluginManage:359 - Loaded plugin pinoutconfig (category:base,tabindex:0)
2023-12-15 10:09:29,022 [INFO] PluginManage:310 - Check plugin power
2023-12-15 10:09:29,091 [INFO] PluginManage:359 - Loaded plugin power (category:power,tabindex:4)
2023-12-15 10:09:29,091 [INFO] PluginManage:310 - Check plugin projectmanager
2023-12-15 10:09:29,140 [INFO] PluginManage:359 - Loaded plugin projectmanager (category:projectmanager,tabindex:3)
2023-12-15 10:09:29,140 [INFO] PluginManage:310 - Check plugin thirdparty
2023-12-15 10:09:29,763 [INFO] PluginManage:359 - Loaded plugin thirdparty (category:base,tabindex:-1)
2023-12-15 10:09:29,764 [INFO] PluginManage:310 - Check plugin tools
2023-12-15 10:09:29,763 [WARN] IntegrityCheckThread:84 - waiting for thirdparty lock release [integrity check]
2023-12-15 10:09:29,764 [INFO] IntegrityCheckThread:86 - entering critical section [integrity check]
2023-12-15 10:09:29,765 [INFO] ThirdPartyUpdaterWithRetryManager:70 - Updater plugin not ready yet. [1/15]
2023-12-15 10:09:29,830 [INFO] PluginManage:359 - Loaded plugin tools (category:base,tabindex:7)
2023-12-15 10:09:29,830 [INFO] PluginManage:310 - Check plugin tutovideos
2023-12-15 10:09:30,219 [INFO] PluginManage:359 - Loaded plugin tutovideos (category:base,tabindex:-1)
2023-12-15 10:09:30,220 [INFO] PluginManage:310 - Check plugin updater
2023-12-15 10:09:30,265 [INFO] PluginManage:359 - Loaded plugin updater (category:base,tabindex:12)
2023-12-15 10:09:30,266 [INFO] PluginManage:310 - Check plugin userauth
2023-12-15 10:09:30,289 [INFO] UserAuth:113 - Init User Auth plugin
2023-12-15 10:09:30,290 [INFO] PluginManage:359 - Loaded plugin userauth (category:base,tabindex:14)
2023-12-15 10:09:30,290 [INFO] PluginManage:283 - PluginManage : Loaded plugins [17]
2023-12-15 10:09:31,600 [INFO] PinOutPanel:1499 - setPackage(No Configuration,No Configuration)
2023-12-15 10:09:32,211 [INFO] CADModel:165 - CPN selected for project level
2023-12-15 10:09:32,211 [INFO] CADModel:114 - Register for checkConnection events
2023-12-15 10:09:32,399 [INFO] IPUIPlugin:80 - create IPUIPlugin
2023-12-15 10:09:32,399 [INFO] PluginManager:220 - loadIPPluginJar : add adc
2023-12-15 10:09:32,462 [INFO] IPUIPlugin:80 - create IPUIPlugin
2023-12-15 10:09:32,462 [INFO] PluginManager:220 - loadIPPluginJar : add aes
2023-12-15 10:09:32,561 [INFO] IPUIPlugin:80 - create IPUIPlugin
2023-12-15 10:09:32,562 [INFO] PluginManager:220 - loadIPPluginJar : add can
2023-12-15 10:09:32,579 [INFO] IPUIPlugin:80 - create IPUIPlugin
2023-12-15 10:09:32,580 [INFO] PluginManager:220 - loadIPPluginJar : add comp
2023-12-15 10:09:32,635 [INFO] IPUIPlugin:80 - create IPUIPlugin
2023-12-15 10:09:32,635 [INFO] PluginManager:220 - loadIPPluginJar : add cryp
2023-12-15 10:09:32,646 [INFO] IPUIPlugin:80 - create IPUIPlugin
2023-12-15 10:09:32,646 [INFO] PluginManager:220 - loadIPPluginJar : add dfsdm
2023-12-15 10:09:32,671 [INFO] IPUIPlugin:80 - create IPUIPlugin
2023-12-15 10:09:32,675 [INFO] PluginManager:220 - loadIPPluginJar : add dma
2023-12-15 10:09:32,752 [INFO] IPUIPlugin:80 - create IPUIPlugin
2023-12-15 10:09:32,752 [INFO] PluginManager:220 - loadIPPluginJar : add dma3
2023-12-15 10:09:32,766 [INFO] IPUIPlugin:80 - create IPUIPlugin
2023-12-15 10:09:32,766 [INFO] PluginManager:220 - loadIPPluginJar : add fatfs
2023-12-15 10:09:32,767 [INFO] ThirdPartyUpdaterWithRetryManager:70 - Updater plugin not ready yet. [2/15]
2023-12-15 10:09:32,843 [INFO] IPUIPlugin:80 - create IPUIPlugin
2023-12-15 10:09:32,843 [INFO] PluginManager:220 - loadIPPluginJar : add fmc
2023-12-15 10:09:32,909 [INFO] IPUIPlugin:80 - create IPUIPlugin
2023-12-15 10:09:32,910 [INFO] PluginManager:220 - loadIPPluginJar : add freertos
2023-12-15 10:09:32,925 [INFO] IPUIPlugin:80 - create IPUIPlugin
2023-12-15 10:09:32,925 [INFO] PluginManager:220 - loadIPPluginJar : add genericplugin
2023-12-15 10:09:33,096 [INFO] IPUIPlugin:80 - create IPUIPlugin
2023-12-15 10:09:33,096 [INFO] PluginManager:220 - loadIPPluginJar : add gfxmmu
2023-12-15 10:09:33,309 [INFO] IPUIPlugin:80 - create IPUIPlugin
2023-12-15 10:09:33,309 [INFO] PluginManager:220 - loadIPPluginJar : add gic
2023-12-15 10:09:33,341 [INFO] IPUIPlugin:80 - create IPUIPlugin
2023-12-15 10:09:33,341 [INFO] PluginManager:220 - loadIPPluginJar : add gpio
2023-12-15 10:09:33,495 [INFO] IPUIPlugin:80 - create IPUIPlugin
2023-12-15 10:09:33,496 [INFO] PluginManager:220 - loadIPPluginJar : add gtzc
2023-12-15 10:09:33,560 [INFO] IPUIPlugin:80 - create IPUIPlugin
2023-12-15 10:09:33,560 [INFO] PluginManager:220 - loadIPPluginJar : add hash
2023-12-15 10:09:33,651 [INFO] IPUIPlugin:80 - create IPUIPlugin
2023-12-15 10:09:33,651 [INFO] PluginManager:220 - loadIPPluginJar : add i2c
2023-12-15 10:09:33,718 [INFO] IPUIPlugin:80 - create IPUIPlugin
2023-12-15 10:09:33,719 [INFO] PluginManager:220 - loadIPPluginJar : add i2s
2023-12-15 10:09:33,793 [INFO] IPUIPlugin:80 - create IPUIPlugin
2023-12-15 10:09:33,793 [INFO] PluginManager:220 - loadIPPluginJar : add i3c
2023-12-15 10:09:33,984 [INFO] IPUIPlugin:80 - create IPUIPlugin
2023-12-15 10:09:33,984 [INFO] PluginManager:220 - loadIPPluginJar : add ipddr
2023-12-15 10:09:34,150 [INFO] IPUIPlugin:80 - create IPUIPlugin
2023-12-15 10:09:34,150 [INFO] PluginManager:220 - loadIPPluginJar : add linkedlist
2023-12-15 10:09:34,167 [INFO] IPUIPlugin:80 - create IPUIPlugin
2023-12-15 10:09:34,167 [INFO] PluginManager:220 - loadIPPluginJar : add lorawan
2023-12-15 10:09:34,283 [INFO] IPUIPlugin:80 - create IPUIPlugin
2023-12-15 10:09:34,283 [INFO] PluginManager:220 - loadIPPluginJar : add ltdc
2023-12-15 10:09:34,319 [INFO] IPUIPlugin:80 - create IPUIPlugin
2023-12-15 10:09:34,319 [INFO] PluginManager:220 - loadIPPluginJar : add mdma
2023-12-15 10:09:34,350 [INFO] IPUIPlugin:80 - create IPUIPlugin
2023-12-15 10:09:34,350 [INFO] PluginManager:220 - loadIPPluginJar : add nvic
2023-12-15 10:09:34,407 [INFO] IPUIPlugin:80 - create IPUIPlugin
2023-12-15 10:09:34,408 [INFO] PluginManager:220 - loadIPPluginJar : add opamp
2023-12-15 10:09:34,506 [INFO] IPUIPlugin:80 - create IPUIPlugin
2023-12-15 10:09:34,506 [INFO] PluginManager:220 - loadIPPluginJar : add openamp
2023-12-15 10:09:34,593 [INFO] IPUIPlugin:80 - create IPUIPlugin
2023-12-15 10:09:34,594 [INFO] PluginManager:220 - loadIPPluginJar : add pdm2pcm
2023-12-15 10:09:34,624 [INFO] IPUIPlugin:80 - create IPUIPlugin
2023-12-15 10:09:34,628 [INFO] PluginManager:220 - loadIPPluginJar : add plateformsettings
2023-12-15 10:09:34,740 [INFO] IPUIPlugin:80 - create IPUIPlugin
2023-12-15 10:09:34,740 [INFO] PluginManager:220 - loadIPPluginJar : add quadspi
2023-12-15 10:09:34,781 [INFO] IPUIPlugin:80 - create IPUIPlugin
2023-12-15 10:09:34,781 [INFO] PluginManager:220 - loadIPPluginJar : add resmgrutility
2023-12-15 10:09:34,865 [INFO] IPUIPlugin:80 - create IPUIPlugin
2023-12-15 10:09:34,865 [INFO] PluginManager:220 - loadIPPluginJar : add sai
2023-12-15 10:09:34,946 [INFO] IPUIPlugin:80 - create IPUIPlugin
2023-12-15 10:09:34,946 [INFO] PluginManager:220 - loadIPPluginJar : add spi
2023-12-15 10:09:35,042 [INFO] IPUIPlugin:80 - create IPUIPlugin
2023-12-15 10:09:35,042 [INFO] PluginManager:220 - loadIPPluginJar : add stm32_wpan
2023-12-15 10:09:35,090 [INFO] IPUIPlugin:80 - create IPUIPlugin
2023-12-15 10:09:35,090 [INFO] PluginManager:220 - loadIPPluginJar : add tim
2023-12-15 10:09:35,185 [INFO] IPUIPlugin:80 - create IPUIPlugin
2023-12-15 10:09:35,185 [INFO] PluginManager:220 - loadIPPluginJar : add touchsensing
2023-12-15 10:09:35,218 [INFO] IPUIPlugin:80 - create IPUIPlugin
2023-12-15 10:09:35,219 [INFO] PluginManager:220 - loadIPPluginJar : add tracer_emb
2023-12-15 10:09:35,253 [INFO] IPUIPlugin:80 - create IPUIPlugin
2023-12-15 10:09:35,253 [INFO] PluginManager:220 - loadIPPluginJar : add ts
2023-12-15 10:09:35,293 [INFO] IPUIPlugin:80 - create IPUIPlugin
2023-12-15 10:09:35,294 [INFO] PluginManager:220 - loadIPPluginJar : add tsc
2023-12-15 10:09:35,298 [INFO] IPUIPlugin:80 - create IPUIPlugin
2023-12-15 10:09:35,298 [INFO] PluginManager:220 - loadIPPluginJar : add ucpd
2023-12-15 10:09:35,381 [INFO] IPUIPlugin:80 - create IPUIPlugin
2023-12-15 10:09:35,381 [INFO] PluginManager:220 - loadIPPluginJar : add usart
2023-12-15 10:09:35,448 [INFO] IPUIPlugin:80 - create IPUIPlugin
2023-12-15 10:09:35,448 [INFO] PluginManager:220 - loadIPPluginJar : add usbx
2023-12-15 10:09:35,647 [INFO] CADModel:165 - CPN selected for project level
2023-12-15 10:09:35,648 [INFO] CADModel:114 - Register for checkConnection events
2023-12-15 10:09:35,648 [FATAL] Updater:308 - Updater called before beeing initialized
2023-12-15 10:09:35,649 [ERROR] CADModel:125 - Updater not yet initialized, retry later 
2023-12-15 10:09:35,768 [INFO] ThirdPartyUpdaterWithRetryManager:70 - Updater plugin not ready yet. [3/15]
2023-12-15 10:09:36,322 [INFO] CADModel:165 - CPN selected for project level
2023-12-15 10:09:36,322 [INFO] CADModel:114 - Register for checkConnection events
2023-12-15 10:09:36,322 [FATAL] Updater:308 - Updater called before beeing initialized
2023-12-15 10:09:36,322 [ERROR] CADModel:125 - Updater not yet initialized, retry later 
2023-12-15 10:09:36,342 [FATAL] Updater:308 - Updater called before beeing initialized
2023-12-15 10:09:36,623 [FATAL] Updater:308 - Updater called before beeing initialized
2023-12-15 10:09:36,640 [INFO] DbMcusAds:53 - JSON generation date=Wed Nov 29 16:22:27 IST 2023 (1701255147349)
2023-12-15 10:09:36,640 [FATAL] Updater:308 - Updater called before beeing initialized
2023-12-15 10:09:37,047 [WARN] DetailPanel:346 - Failed to get advertising image, set to default
2023-12-15 10:09:37,285 [FATAL] Updater:308 - Updater called before beeing initialized
2023-12-15 10:09:37,297 [FATAL] Updater:308 - Updater called before beeing initialized
2023-12-15 10:09:37,297 [FATAL] Updater:308 - Updater called before beeing initialized
2023-12-15 10:09:37,298 [WARN] DetailPanel:346 - Failed to get advertising image, set to default
2023-12-15 10:09:37,299 [FATAL] Updater:308 - Updater called before beeing initialized
2023-12-15 10:09:37,482 [ERROR] Updater:1120 - MainUpdater not yet initialized. External WinMGr cannot be set.
2023-12-15 10:09:37,516 [INFO] Updater:1056 - Updater Version found : 6.9.0
2023-12-15 10:09:37,565 [INFO] ApplicationProperties:184 - Using Application install path: C:\ST\STM32CubeIDE_1.13.0\STM32CubeIDE\plugins\com.st.stm32cube.common.mx_6.9.0.202307051724
2023-12-15 10:09:37,875 [ERROR] ServerAccessManage:1146 - Warning during Server Connection :  Unknown host sw-center.st.com
2023-12-15 10:09:37,882 [INFO] MainUpdater:2868 - connection check result : 22
2023-12-15 10:09:37,884 [INFO] MainUpdater:285 - Updater Check For Update Now.
2023-12-15 10:09:37,884 [INFO] MicroXplorer:498 - Change Database Version : DB.6.0.90
2023-12-15 10:09:37,938 [INFO] McuFinderGlobals:63 - Set McuFinder mode to 2 (CubeIDE integrated)
2023-12-15 10:09:38,391 [INFO] CheckServerUpdateThread:120 - End of CheckServer Thread
2023-12-15 10:09:39,459 [WARN] PackLoader:240 - Cannot read IP mode file for STMicroelectronics.X-CUBE-SMBUS.2.1.0
2023-12-15 10:09:39,805 [WARN] PackLoader:240 - Cannot read IP mode file for STMicroelectronics.X-CUBE-AZRTOS-F7.1.1.0
2023-12-15 10:09:39,868 [WARN] PackLoader:240 - Cannot read IP mode file for STMicroelectronics.FP-SNS-MOTENV1.4.3.2
2023-12-15 10:09:39,912 [WARN] PackLoader:240 - Cannot read IP mode file for STMicroelectronics.X-CUBE-BLE1.6.2.4
2023-12-15 10:09:39,942 [WARN] PackLoader:240 - Cannot read IP mode file for STMicroelectronics.FP-SNS-FLIGHT1.5.0.2
2023-12-15 10:09:39,986 [WARN] PackLoader:240 - Cannot read IP mode file for STMicroelectronics.X-CUBE-DISPLAY.3.0.0
2023-12-15 10:09:40,041 [WARN] PackLoader:240 - Cannot read IP mode file for STMicroelectronics.X-CUBE-BLE1.7.0.0
2023-12-15 10:09:40,078 [WARN] PackLoader:240 - Cannot read IP mode file for emotas.I-CUBE-CANOPEN.1.3.0
2023-12-15 10:09:40,151 [WARN] PackLoader:240 - Cannot read IP mode file for STMicroelectronics.X-CUBE-TOUCHGFX.4.22.0
2023-12-15 10:09:40,193 [WARN] PackLoader:240 - Cannot read IP mode file for STMicroelectronics.X-CUBE-TOUCHGFX.4.22.1
2023-12-15 10:09:40,225 [WARN] PackLoader:240 - Cannot read IP mode file for STMicroelectronics.FP-SNS-SMARTAG2.1.2.0
2023-12-15 10:09:40,268 [INFO] LogOutputStream:77 - [STDOUT_REDIRECT] 1 : Invalid condition id : UX_CORESTACK_Condition cause : null
2023-12-15 10:09:40,269 [INFO] LogOutputStream:77 - [STDOUT_REDIRECT] 1 : Invalid condition id : UX_CORESTACK_Condition cause : null
2023-12-15 10:09:40,273 [INFO] LogOutputStream:77 - [STDOUT_REDIRECT] 1 : Invalid condition id : UX_CORESTACK_Condition cause : null
2023-12-15 10:09:40,276 [INFO] LogOutputStream:77 - [STDOUT_REDIRECT] 1 : Invalid condition id : UX_CORESTACK_Condition cause : null
2023-12-15 10:09:40,279 [INFO] LogOutputStream:77 - [STDOUT_REDIRECT] 1 : Invalid condition id : UX_CORESTACK_Condition cause : null
2023-12-15 10:09:40,288 [WARN] PackLoader:240 - Cannot read IP mode file for STMicroelectronics.X-CUBE-AZRTOS-WL.2.0.0
2023-12-15 10:09:40,334 [WARN] PackLoader:240 - Cannot read IP mode file for WES.I-CUBE-Cesium.1.3.0
2023-12-15 10:09:40,367 [WARN] PackLoader:240 - Cannot read IP mode file for STMicroelectronics.X-CUBE-BLE2.3.3.0
2023-12-15 10:09:40,409 [WARN] PackLoader:240 - Cannot read IP mode file for STMicroelectronics.X-CUBE-ALGOBUILD.1.3.0
2023-12-15 10:09:40,571 [WARN] PackLoader:240 - Cannot read IP mode file for STMicroelectronics.X-CUBE-AZRTOS-G0.1.1.0
2023-12-15 10:09:40,622 [WARN] PackLoader:240 - Cannot read IP mode file for STMicroelectronics.X-CUBE-NFC4.3.0.0
2023-12-15 10:09:40,689 [WARN] PackLoader:240 - Cannot read IP mode file for STMicroelectronics.X-CUBE-BLEMGR.3.0.0
2023-12-15 10:09:40,720 [WARN] PackLoader:240 - Cannot read IP mode file for STMicroelectronics.FP-ATR-SIGFOX1.3.2.0
2023-12-15 10:09:40,878 [WARN] PackLoader:240 - Cannot read IP mode file for SEGGER.I-CUBE-embOS.1.3.1
2023-12-15 10:09:41,030 [WARN] PackLoader:240 - Cannot read IP mode file for STMicroelectronics.X-CUBE-GNSS1.6.0.0
2023-12-15 10:09:41,200 [WARN] PackLoader:240 - Cannot read IP mode file for STMicroelectronics.X-CUBE-AZRTOS-F4.1.1.0
2023-12-15 10:09:41,242 [WARN] PackLoader:240 - Cannot read IP mode file for wolfSSL.I-CUBE-wolfSSL.5.6.3
2023-12-15 10:09:41,358 [WARN] PackLoader:240 - Cannot read IP mode file for STMicroelectronics.X-CUBE-AZRTOS-L5.2.0.0
2023-12-15 10:09:41,608 [WARN] PackLoader:240 - Cannot read IP mode file for STMicroelectronics.X-CUBE-MEMS1.9.6.0
2023-12-15 10:09:41,983 [WARN] PackLoader:240 - Cannot read IP mode file for STMicroelectronics.X-CUBE-EEPRMA1.4.2.0
2023-12-15 10:09:42,010 [WARN] PackLoader:240 - Cannot read IP mode file for ITTIA_DB.I-CUBE-ITTIADB.8.8.0
2023-12-15 10:09:42,050 [WARN] PackLoader:240 - Cannot read IP mode file for STMicroelectronics.X-CUBE-BLEMGR.2.0.0
2023-12-15 10:09:42,223 [WARN] ConditionMgr:438 - getConditionDescription Invalid condition id : UX DEVICE CLASS RTOS Condition cause : null
2023-12-15 10:09:42,223 [WARN] ConditionMgr:438 - getConditionDescription Invalid condition id : UX DEVICE CLASS RTOS Condition cause : null
2023-12-15 10:09:42,228 [WARN] PackLoader:240 - Cannot read IP mode file for STMicroelectronics.X-CUBE-AZRTOS-H7.3.1.0
2023-12-15 10:09:42,229 [WARN] ConditionMgr:1039 - genDependencies : Invalid condition id : UX DEVICE CLASS RTOS Condition cause : null
2023-12-15 10:09:42,229 [WARN] ConditionMgr:1039 - genDependencies : Invalid condition id : UX DEVICE CLASS RTOS Condition cause : null
2023-12-15 10:09:42,230 [WARN] ConditionMgr:1039 - genDependencies : Invalid condition id : UX DEVICE CLASS RTOS Condition cause : null
2023-12-15 10:09:42,231 [WARN] ConditionMgr:1039 - genDependencies : Invalid condition id : UX DEVICE CLASS RTOS Condition cause : null
2023-12-15 10:09:42,231 [WARN] ConditionMgr:1039 - genDependencies : Invalid condition id : UX DEVICE CLASS RTOS Condition cause : null
2023-12-15 10:09:42,295 [WARN] PackLoader:240 - Cannot read IP mode file for STMicroelectronics.X-CUBE-NFC7.1.0.1
2023-12-15 10:09:42,602 [WARN] PackLoader:240 - Cannot read IP mode file for STMicroelectronics.X-CUBE-NFC6.3.0.0
2023-12-15 10:09:42,675 [WARN] PackLoader:240 - Cannot read IP mode file for STMicroelectronics.X-CUBE-EEPRMA1.4.1.0
2023-12-15 10:09:42,744 [WARN] PackLoader:240 - Cannot read IP mode file for STMicroelectronics.X-CUBE-AI.8.1.0
2023-12-15 10:09:42,931 [WARN] ConditionMgr:438 - getConditionDescription Invalid condition id : LAN8742 Phy interface Condition cause : null
2023-12-15 10:09:42,932 [WARN] PackLoader:240 - Cannot read IP mode file for STMicroelectronics.X-CUBE-AZRTOS-L4.2.0.0
2023-12-15 10:09:42,935 [WARN] ConditionMgr:1039 - genDependencies : Invalid condition id : LAN8742 Phy interface Condition cause : null
2023-12-15 10:09:42,936 [WARN] ConditionMgr:1039 - genDependencies : Invalid condition id : LAN8742 Phy interface Condition cause : null
2023-12-15 10:09:42,937 [WARN] ConditionMgr:1039 - genDependencies : Invalid condition id : LAN8742 Phy interface Condition cause : null
2023-12-15 10:09:43,010 [WARN] PackLoader:240 - Cannot read IP mode file for STMicroelectronics.X-CUBE-SFXS2LP1.4.0.0
2023-12-15 10:09:43,055 [WARN] PackLoader:240 - Cannot read IP mode file for STMicroelectronics.X-CUBE-ISPU.1.1.0
2023-12-15 10:09:43,331 [WARN] ConditionMgr:438 - getConditionDescription Invalid condition id : UX DEVICE CLASS RTOS Condition cause : null
2023-12-15 10:09:43,332 [WARN] ConditionMgr:438 - getConditionDescription Invalid condition id : UX DEVICE CLASS RTOS Condition cause : null
2023-12-15 10:09:43,336 [WARN] PackLoader:240 - Cannot read IP mode file for STMicroelectronics.X-CUBE-AZRTOS-WB.2.0.0
2023-12-15 10:09:43,337 [WARN] ConditionMgr:1039 - genDependencies : Invalid condition id : UX DEVICE CLASS RTOS Condition cause : null
2023-12-15 10:09:43,338 [WARN] ConditionMgr:1039 - genDependencies : Invalid condition id : UX DEVICE CLASS RTOS Condition cause : null
2023-12-15 10:09:43,338 [WARN] ConditionMgr:1039 - genDependencies : Invalid condition id : UX DEVICE CLASS RTOS Condition cause : null
2023-12-15 10:09:43,339 [WARN] ConditionMgr:1039 - genDependencies : Invalid condition id : UX DEVICE CLASS RTOS Condition cause : null
2023-12-15 10:09:43,339 [WARN] ConditionMgr:1039 - genDependencies : Invalid condition id : UX DEVICE CLASS RTOS Condition cause : null
2023-12-15 10:09:43,415 [WARN] PackLoader:240 - Cannot read IP mode file for STMicroelectronics.X-CUBE-FREERTOS.1.0.1
2023-12-15 10:09:43,905 [WARN] PackLoader:240 - Cannot read IP mode file for STMicroelectronics.X-CUBE-AZRTOS-L5.1.1.0
2023-12-15 10:09:43,933 [WARN] PackLoader:240 - Cannot read IP mode file for STMicroelectronics.X-CUBE-AI.8.0.1
2023-12-15 10:09:43,968 [WARN] PackLoader:240 - Cannot read IP mode file for STMicroelectronics.X-CUBE-SUBG2.5.0.0
2023-12-15 10:09:44,009 [WARN] PackLoader:240 - Cannot read IP mode file for STMicroelectronics.X-CUBE-TOF1.3.3.1
2023-12-15 10:09:44,107 [WARN] PackLoader:240 - Cannot read IP mode file for STMicroelectronics.X-CUBE-AZRTOS-G4.2.0.0
2023-12-15 10:09:44,140 [WARN] PackLoader:240 - Cannot read IP mode file for STMicroelectronics.FP-SNS-MOTENVWB1.1.3.0
2023-12-15 10:09:44,156 [WARN] PackLoader:240 - Cannot read IP mode file for STMicroelectronics.FP-SNS-MOTENVWB1.1.3.1
2023-12-15 10:09:44,183 [WARN] PackLoader:240 - Cannot read IP mode file for STMicroelectronics.X-CUBE-ISPU.2.0.0
2023-12-15 10:09:44,275 [WARN] PackLoader:240 - Cannot read IP mode file for STMicroelectronics.X-CUBE-MEMS1.10.0.0
2023-12-15 10:09:44,434 [WARN] PackLoader:240 - Cannot read IP mode file for STMicroelectronics.X-CUBE-FREERTOS.1.1.0
2023-12-15 10:09:44,467 [WARN] PackLoader:240 - Cannot read IP mode file for portGmbH.I-Cube-SoM-uGOAL.1.1.0
2023-12-15 10:09:44,488 [WARN] PackLoader:240 - Cannot read IP mode file for STMicroelectronics.X-CUBE-ALS.1.0.1
2023-12-15 10:09:44,550 [WARN] PackLoader:240 - Cannot read IP mode file for STMicroelectronics.X-CUBE-AZRTOS-WB.1.1.0
2023-12-15 10:09:44,574 [WARN] PackLoader:240 - Cannot read IP mode file for STMicroelectronics.FP-ATR-ASTRA1.2.0.0
2023-12-15 10:09:44,641 [WARN] PackLoader:240 - Cannot read IP mode file for STMicroelectronics.X-CUBE-TOF1.3.4.0
2023-12-15 10:09:44,735 [WARN] PackLoader:240 - Cannot read IP mode file for STMicroelectronics.X-CUBE-AZRTOS-H7.3.2.0
2023-12-15 10:09:44,739 [INFO] ThirdParty:978 - Integrity check success = true
2023-12-15 10:09:44,739 [INFO] IntegrityCheckThread:100 - exiting critical section [integrity check]
2023-12-15 10:09:44,739 [INFO] IntegrityCheckThread:103 - End integrity checks thread
2023-12-15 10:10:00,326 [ERROR] LogOutputStream:75 - [STDERR_REDIRECT] SLF4J: Failed to load class "org.slf4j.impl.StaticLoggerBinder".
2023-12-15 10:10:00,327 [ERROR] LogOutputStream:75 - [STDERR_REDIRECT] SLF4J: Defaulting to no-operation (NOP) logger implementation
2023-12-15 10:10:00,330 [ERROR] LogOutputStream:75 - [STDERR_REDIRECT] SLF4J: See http://www.slf4j.org/codes.html#StaticLoggerBinder for further details.
2023-12-15 10:38:35,820 [ERROR] ConfigurationRetriever:142 - IOException on connection: sw-center.st.com
2023-12-15 10:38:35,821 [ERROR] ConfigurationRetriever:142 - IOException on connection: sw-center.st.com
2023-12-15 10:38:35,821 [ERROR] ConfigurationRetriever:142 - IOException on connection: sw-center.st.com
2023-12-15 11:05:54,391 [ERROR] ConfigurationRetriever:142 - IOException on connection: sw-center.st.com
2023-12-15 11:05:54,393 [ERROR] ConfigurationRetriever:142 - IOException on connection: sw-center.st.com
2023-12-15 11:05:54,394 [ERROR] ConfigurationRetriever:142 - IOException on connection: sw-center.st.com
2023-12-15 11:06:12,260 [ERROR] ConfigurationRetriever:142 - IOException on connection: sw-center.st.com
2023-12-15 11:06:12,263 [ERROR] ConfigurationRetriever:142 - IOException on connection: sw-center.st.com
2023-12-15 11:06:12,264 [ERROR] ConfigurationRetriever:142 - IOException on connection: sw-center.st.com
2023-12-15 11:10:01,771 [ERROR] ConfigurationRetriever:142 - IOException on connection: sw-center.st.com
2023-12-15 11:10:01,772 [ERROR] ConfigurationRetriever:142 - IOException on connection: sw-center.st.com
2023-12-15 11:10:01,772 [ERROR] ConfigurationRetriever:142 - IOException on connection: sw-center.st.com
2023-12-15 11:14:51,759 [ERROR] ConfigurationRetriever:142 - IOException on connection: sw-center.st.com
2023-12-15 11:14:51,761 [ERROR] ConfigurationRetriever:142 - IOException on connection: sw-center.st.com
2023-12-15 11:14:51,762 [ERROR] ConfigurationRetriever:142 - IOException on connection: sw-center.st.com
2023-12-15 11:31:57,028 [ERROR] ConfigurationRetriever:142 - IOException on connection: sw-center.st.com
2023-12-15 11:31:57,029 [ERROR] ConfigurationRetriever:142 - IOException on connection: sw-center.st.com
2023-12-15 11:31:57,030 [ERROR] ConfigurationRetriever:142 - IOException on connection: sw-center.st.com
2023-12-15 11:34:47,098 [ERROR] ConfigurationRetriever:142 - IOException on connection: sw-center.st.com
2023-12-15 11:34:47,099 [ERROR] ConfigurationRetriever:142 - IOException on connection: sw-center.st.com
2023-12-15 11:34:47,100 [ERROR] ConfigurationRetriever:142 - IOException on connection: sw-center.st.com
2023-12-15 11:34:50,161 [ERROR] ConfigurationRetriever:142 - IOException on connection: sw-center.st.com
2023-12-15 11:34:50,168 [ERROR] ConfigurationRetriever:142 - IOException on connection: sw-center.st.com
2023-12-15 11:34:50,169 [ERROR] ConfigurationRetriever:142 - IOException on connection: sw-center.st.com
2023-12-15 11:35:30,646 [ERROR] ConfigurationRetriever:142 - IOException on connection: sw-center.st.com
2023-12-15 11:35:30,647 [ERROR] ConfigurationRetriever:142 - IOException on connection: sw-center.st.com
2023-12-15 11:35:30,648 [ERROR] ConfigurationRetriever:142 - IOException on connection: sw-center.st.com
2023-12-15 11:35:34,079 [ERROR] ConfigurationRetriever:142 - IOException on connection: sw-center.st.com
2023-12-15 11:35:34,080 [ERROR] ConfigurationRetriever:142 - IOException on connection: sw-center.st.com
2023-12-15 11:35:34,081 [ERROR] ConfigurationRetriever:142 - IOException on connection: sw-center.st.com
2023-12-15 11:44:55,519 [ERROR] ConfigurationRetriever:142 - IOException on connection: sw-center.st.com
2023-12-15 11:44:55,520 [ERROR] ConfigurationRetriever:142 - IOException on connection: sw-center.st.com
2023-12-15 11:44:55,521 [ERROR] ConfigurationRetriever:142 - IOException on connection: sw-center.st.com
2023-12-15 11:44:55,769 [ERROR] ConfigurationRetriever:142 - IOException on connection: sw-center.st.com
2023-12-15 11:44:55,771 [ERROR] ConfigurationRetriever:142 - IOException on connection: sw-center.st.com
2023-12-15 11:44:55,774 [ERROR] ConfigurationRetriever:142 - IOException on connection: sw-center.st.com
2023-12-15 11:45:30,469 [ERROR] ConfigurationRetriever:142 - IOException on connection: sw-center.st.com
2023-12-15 11:45:30,469 [ERROR] ConfigurationRetriever:142 - IOException on connection: sw-center.st.com
2023-12-15 11:45:30,470 [ERROR] ConfigurationRetriever:142 - IOException on connection: sw-center.st.com
2023-12-15 11:45:30,693 [ERROR] ConfigurationRetriever:142 - IOException on connection: sw-center.st.com
2023-12-15 11:45:30,694 [ERROR] ConfigurationRetriever:142 - IOException on connection: sw-center.st.com
2023-12-15 11:45:30,694 [ERROR] ConfigurationRetriever:142 - IOException on connection: sw-center.st.com
2023-12-15 12:19:44,449 [ERROR] ConfigurationRetriever:142 - IOException on connection: sw-center.st.com
2023-12-15 12:19:44,450 [ERROR] ConfigurationRetriever:142 - IOException on connection: sw-center.st.com
2023-12-15 12:19:44,451 [ERROR] ConfigurationRetriever:142 - IOException on connection: sw-center.st.com
2023-12-15 12:19:45,219 [ERROR] ConfigurationRetriever:142 - IOException on connection: sw-center.st.com
2023-12-15 12:19:45,220 [ERROR] ConfigurationRetriever:142 - IOException on connection: sw-center.st.com
2023-12-15 12:19:45,221 [ERROR] ConfigurationRetriever:142 - IOException on connection: sw-center.st.com
2023-12-15 12:20:32,414 [ERROR] ConfigurationRetriever:142 - IOException on connection: sw-center.st.com
2023-12-15 12:20:32,415 [ERROR] ConfigurationRetriever:142 - IOException on connection: sw-center.st.com
2023-12-15 12:20:32,415 [ERROR] ConfigurationRetriever:142 - IOException on connection: sw-center.st.com
2023-12-15 12:20:33,682 [ERROR] ConfigurationRetriever:142 - IOException on connection: sw-center.st.com
2023-12-15 12:20:33,684 [ERROR] ConfigurationRetriever:142 - IOException on connection: sw-center.st.com
2023-12-15 12:20:33,685 [ERROR] ConfigurationRetriever:142 - IOException on connection: sw-center.st.com
2023-12-15 12:20:57,900 [ERROR] ConfigurationRetriever:142 - IOException on connection: sw-center.st.com
2023-12-15 12:20:57,902 [ERROR] ConfigurationRetriever:142 - IOException on connection: sw-center.st.com
2023-12-15 12:20:57,903 [ERROR] ConfigurationRetriever:142 - IOException on connection: sw-center.st.com
2023-12-15 12:24:03,295 [ERROR] ConfigurationRetriever:142 - IOException on connection: sw-center.st.com
2023-12-15 12:24:03,296 [ERROR] ConfigurationRetriever:142 - IOException on connection: sw-center.st.com
2023-12-15 12:24:03,297 [ERROR] ConfigurationRetriever:142 - IOException on connection: sw-center.st.com
2023-12-15 12:24:03,506 [ERROR] ConfigurationRetriever:142 - IOException on connection: sw-center.st.com
2023-12-15 12:24:03,509 [ERROR] ConfigurationRetriever:142 - IOException on connection: sw-center.st.com
2023-12-15 12:24:03,510 [ERROR] ConfigurationRetriever:142 - IOException on connection: sw-center.st.com
