2023-09-26 09:48:53,323 [INFO] Activator:176 - 


2023-09-26 09:48:53,358 [INFO] Activator:177 - !SESSION log4j initialized
2023-09-26 09:49:11,282 [INFO] LogOutputStream:77 - [STDOUT_REDIRECT] 
2023-09-26 09:49:19,699 [INFO] ApplicationProperties:184 - Using Application install path: C:\ST\STM32CubeIDE_1.13.0\STM32CubeIDE\plugins\com.st.stm32cube.common.mx_6.9.0.202307051724
2023-09-26 09:49:19,781 [INFO] DbMcusXml:78 - Set database path to: C:\ST\STM32CubeIDE_1.13.0\STM32CubeIDE\plugins\com.st.stm32cube.common.mx_6.9.0.202307051724\\db\/mcu/
2023-09-26 09:49:19,782 [INFO] ApiDb:274 - Set plugin database path to: C:\ST\STM32CubeIDE_1.13.0\STM32CubeIDE\plugins\com.st.stm32cube.common.mx_6.9.0.202307051724\\db\/plugins/boardmanager/
2023-09-26 09:49:19,783 [WARN] ApiDb:259 - Overriding images path with different value:  => C:\ST\STM32CubeIDE_1.13.0\STM32CubeIDE\plugins\com.st.stm32cube.common.mx_6.9.0.202307051724\\db\/plugins/mcufinder/images/
2023-09-26 09:49:19,982 [INFO] ApiDb:250 - Set database path to: C:\Users\irsha\.stmcufinder\plugins\mcufinder//mcu/
2023-09-26 09:49:19,985 [INFO] DbMcusAds:125 - Set database path to: C:\Users\irsha\.stmcufinder\plugins\mcufinder//mcu/
2023-09-26 09:49:19,990 [INFO] CrossReferenceDbSqlite:203 - Set database path to: C:\Users\irsha\.stmcufinder\plugins\mcufinder//mcu/cs/
2023-09-26 09:49:20,348 [INFO] RulesReader:64 - Compatibility file has been processed (293 Rules)
2023-09-26 09:49:20,855 [INFO] DbMcusXml:78 - Set database path to: C:\ST\STM32CubeIDE_1.13.0\STM32CubeIDE\plugins\com.st.stm32cube.common.mx_6.9.0.202307051724\\db\/mcu/
2023-09-26 09:49:20,855 [INFO] ApiDb:274 - Set plugin database path to: C:\ST\STM32CubeIDE_1.13.0\STM32CubeIDE\plugins\com.st.stm32cube.common.mx_6.9.0.202307051724\\db\/plugins/boardmanager/
2023-09-26 09:49:20,856 [INFO] ApiDb:261 - Set plugin images path to: C:\ST\STM32CubeIDE_1.13.0\STM32CubeIDE\plugins\com.st.stm32cube.common.mx_6.9.0.202307051724\\db\/plugins/mcufinder/images/
2023-09-26 09:49:20,856 [WARN] DbFile:41 - Overriding database path with different value: C:\Users\irsha\.stmcufinder\plugins\mcufinder/ => C:\Users\irsha\.stmcufinder\plugins\mcufinder
2023-09-26 09:49:20,857 [INFO] ApiDb:250 - Set database path to: C:\Users\irsha\.stmcufinder\plugins\mcufinder//mcu/
2023-09-26 09:49:20,857 [WARN] DbFile:41 - Overriding database path with different value: C:\Users\irsha\.stmcufinder\plugins\mcufinder/ => C:\Users\irsha\.stmcufinder\plugins\mcufinder
2023-09-26 09:49:20,857 [INFO] DbMcusAds:125 - Set database path to: C:\Users\irsha\.stmcufinder\plugins\mcufinder//mcu/
2023-09-26 09:49:20,857 [WARN] DbFile:41 - Overriding database path with different value: C:\Users\irsha\.stmcufinder\plugins\mcufinder/ => C:\Users\irsha\.stmcufinder\plugins\mcufinder
2023-09-26 09:49:20,858 [WARN] DbFile:41 - Overriding database path with different value: C:\Users\irsha\.stmcufinder\plugins\mcufinder/ => C:\Users\irsha\.stmcufinder\plugins\mcufinder
2023-09-26 09:49:20,858 [INFO] CrossReferenceDbSqlite:203 - Set database path to: C:\Users\irsha\.stmcufinder\plugins\mcufinder//mcu/cs/
2023-09-26 09:49:21,328 [INFO] MainPanel:262 - HeapMemory: 268435456
2023-09-26 09:49:22,155 [INFO] DbMcusXml:78 - Set database path to: C:\ST\STM32CubeIDE_1.13.0\STM32CubeIDE\plugins\com.st.stm32cube.common.mx_6.9.0.202307051724\\db\/mcu/
2023-09-26 09:49:22,155 [INFO] ApiDb:274 - Set plugin database path to: C:\ST\STM32CubeIDE_1.13.0\STM32CubeIDE\plugins\com.st.stm32cube.common.mx_6.9.0.202307051724\\db\/plugins/boardmanager/
2023-09-26 09:49:22,156 [INFO] ApiDb:261 - Set plugin images path to: C:\ST\STM32CubeIDE_1.13.0\STM32CubeIDE\plugins\com.st.stm32cube.common.mx_6.9.0.202307051724\\db\/plugins/mcufinder/images/
2023-09-26 09:49:22,167 [WARN] DbFile:41 - Overriding database path with different value: C:\Users\irsha\.stmcufinder\plugins\mcufinder/ => C:\Users\irsha\.stmcufinder\plugins\mcufinder
2023-09-26 09:49:22,168 [INFO] ApiDb:250 - Set database path to: C:\Users\irsha\.stmcufinder\plugins\mcufinder//mcu/
2023-09-26 09:49:22,169 [WARN] DbFile:41 - Overriding database path with different value: C:\Users\irsha\.stmcufinder\plugins\mcufinder/ => C:\Users\irsha\.stmcufinder\plugins\mcufinder
2023-09-26 09:49:22,169 [INFO] DbMcusAds:125 - Set database path to: C:\Users\irsha\.stmcufinder\plugins\mcufinder//mcu/
2023-09-26 09:49:22,170 [WARN] DbFile:41 - Overriding database path with different value: C:\Users\irsha\.stmcufinder\plugins\mcufinder/ => C:\Users\irsha\.stmcufinder\plugins\mcufinder
2023-09-26 09:49:22,170 [WARN] DbFile:41 - Overriding database path with different value: C:\Users\irsha\.stmcufinder\plugins\mcufinder/ => C:\Users\irsha\.stmcufinder\plugins\mcufinder
2023-09-26 09:49:22,277 [INFO] CrossReferenceDbSqlite:203 - Set database path to: C:\Users\irsha\.stmcufinder\plugins\mcufinder//mcu/cs/
2023-09-26 09:49:22,396 [INFO] ApplicationProperties:184 - Using Application install path: C:\ST\STM32CubeIDE_1.13.0\STM32CubeIDE\plugins\com.st.stm32cube.common.mx_6.9.0.202307051724
2023-09-26 09:49:22,399 [INFO] PluginManage:196 - Search for loadable plugins [exclusion list=, ]
2023-09-26 09:49:22,423 [INFO] PluginManage:310 - Check plugin analytics
2023-09-26 09:49:22,950 [INFO] AnalyticsPlugin:253 - Accepted Software Licenses: 
2023-09-26 09:49:22,951 [INFO] AnalyticsPlugin:255 - Accepted CMSIS Pack Licenses: 
2023-09-26 09:49:22,951 [INFO] AnalyticsPlugin:257 - Accepted Firmware Licenses: FW.L4.1.18.0
2023-09-26 09:49:22,957 [INFO] PluginManage:359 - Loaded plugin analytics (category:tool,tabindex:-1)
2023-09-26 09:49:22,957 [INFO] PluginManage:310 - Check plugin cadmodel
2023-09-26 09:49:23,019 [INFO] CADModel:105 - Init CAD model plugin
2023-09-26 09:49:23,019 [INFO] PluginManage:359 - Loaded plugin cadmodel (category:power,tabindex:5)
2023-09-26 09:49:23,020 [INFO] PluginManage:310 - Check plugin clock
2023-09-26 09:49:23,108 [INFO] PluginManage:359 - Loaded plugin clock (category:base,tabindex:2)
2023-09-26 09:49:23,109 [INFO] PluginManage:310 - Check plugin ddr
2023-09-26 09:49:23,135 [INFO] PluginManage:359 - Loaded plugin ddr (category:tool,tabindex:6)
2023-09-26 09:49:23,136 [INFO] PluginManage:310 - Check plugin filemanager
2023-09-26 09:49:23,627 [INFO] PluginManage:359 - Loaded plugin filemanager (category:base,tabindex:10)
2023-09-26 09:49:23,628 [INFO] PluginManage:310 - Check plugin ipmanager
2023-09-26 09:49:23,668 [INFO] PluginManage:359 - Loaded plugin ipmanager (category:base,tabindex:5)
2023-09-26 09:49:23,668 [INFO] PluginManage:310 - Check plugin lpbam
2023-09-26 09:49:23,719 [INFO] PluginManage:359 - Loaded plugin lpbam (category:base,tabindex:0)
2023-09-26 09:49:23,720 [INFO] PluginManage:310 - Check plugin memorymap
2023-09-26 09:49:23,795 [INFO] PluginManage:359 - Loaded plugin memorymap (category:base,tabindex:4)
2023-09-26 09:49:23,795 [INFO] PluginManage:310 - Check plugin pinoutandconfiguration
2023-09-26 09:49:23,843 [INFO] PluginManage:359 - Loaded plugin pinoutandconfiguration (category:base,tabindex:1)
2023-09-26 09:49:23,843 [INFO] PluginManage:310 - Check plugin pinoutconfig
2023-09-26 09:49:24,122 [WARN] SupportedApi:132 - Cannot load RTOS API schema: s4s-elt-must-match.1: The content of 'definitions' must match (annotation?, (simpleType | complexType)?, (unique | key | keyref)*)). A problem was found starting at: attribute.
2023-09-26 09:49:24,466 [INFO] PluginManage:359 - Loaded plugin pinoutconfig (category:base,tabindex:0)
2023-09-26 09:49:24,466 [INFO] PluginManage:310 - Check plugin power
2023-09-26 09:49:24,560 [INFO] PluginManage:359 - Loaded plugin power (category:power,tabindex:4)
2023-09-26 09:49:24,560 [INFO] PluginManage:310 - Check plugin projectmanager
2023-09-26 09:49:24,603 [INFO] PluginManage:359 - Loaded plugin projectmanager (category:projectmanager,tabindex:3)
2023-09-26 09:49:24,603 [INFO] PluginManage:310 - Check plugin thirdparty
2023-09-26 09:49:25,375 [INFO] PluginManage:359 - Loaded plugin thirdparty (category:base,tabindex:-1)
2023-09-26 09:49:25,375 [WARN] IntegrityCheckThread:84 - waiting for thirdparty lock release [integrity check]
2023-09-26 09:49:25,375 [INFO] PluginManage:310 - Check plugin tools
2023-09-26 09:49:25,375 [INFO] IntegrityCheckThread:86 - entering critical section [integrity check]
2023-09-26 09:49:25,376 [INFO] ThirdPartyUpdaterWithRetryManager:70 - Updater plugin not ready yet. [1/15]
2023-09-26 09:49:25,439 [INFO] PluginManage:359 - Loaded plugin tools (category:base,tabindex:7)
2023-09-26 09:49:25,439 [INFO] PluginManage:310 - Check plugin tutovideos
2023-09-26 09:49:25,844 [INFO] PluginManage:359 - Loaded plugin tutovideos (category:base,tabindex:-1)
2023-09-26 09:49:25,844 [INFO] PluginManage:310 - Check plugin updater
2023-09-26 09:49:25,908 [INFO] PluginManage:359 - Loaded plugin updater (category:base,tabindex:12)
2023-09-26 09:49:25,909 [INFO] PluginManage:310 - Check plugin userauth
2023-09-26 09:49:25,934 [INFO] UserAuth:113 - Init User Auth plugin
2023-09-26 09:49:25,934 [INFO] PluginManage:359 - Loaded plugin userauth (category:base,tabindex:14)
2023-09-26 09:49:25,935 [INFO] PluginManage:283 - PluginManage : Loaded plugins [17]
2023-09-26 09:49:27,064 [INFO] PinOutPanel:1499 - setPackage(No Configuration,No Configuration)
2023-09-26 09:49:27,611 [INFO] CADModel:165 - CPN selected for project level
2023-09-26 09:49:27,611 [INFO] CADModel:114 - Register for checkConnection events
2023-09-26 09:49:27,802 [INFO] IPUIPlugin:80 - create IPUIPlugin
2023-09-26 09:49:27,803 [INFO] PluginManager:220 - loadIPPluginJar : add adc
2023-09-26 09:49:27,910 [INFO] IPUIPlugin:80 - create IPUIPlugin
2023-09-26 09:49:27,910 [INFO] PluginManager:220 - loadIPPluginJar : add aes
2023-09-26 09:49:28,034 [INFO] IPUIPlugin:80 - create IPUIPlugin
2023-09-26 09:49:28,034 [INFO] PluginManager:220 - loadIPPluginJar : add can
2023-09-26 09:49:28,082 [INFO] IPUIPlugin:80 - create IPUIPlugin
2023-09-26 09:49:28,082 [INFO] PluginManager:220 - loadIPPluginJar : add comp
2023-09-26 09:49:28,160 [INFO] IPUIPlugin:80 - create IPUIPlugin
2023-09-26 09:49:28,161 [INFO] PluginManager:220 - loadIPPluginJar : add cryp
2023-09-26 09:49:28,212 [INFO] IPUIPlugin:80 - create IPUIPlugin
2023-09-26 09:49:28,212 [INFO] PluginManager:220 - loadIPPluginJar : add dfsdm
2023-09-26 09:49:28,238 [INFO] IPUIPlugin:80 - create IPUIPlugin
2023-09-26 09:49:28,242 [INFO] PluginManager:220 - loadIPPluginJar : add dma
2023-09-26 09:49:28,319 [INFO] IPUIPlugin:80 - create IPUIPlugin
2023-09-26 09:49:28,319 [INFO] PluginManager:220 - loadIPPluginJar : add dma3
2023-09-26 09:49:28,377 [INFO] ThirdPartyUpdaterWithRetryManager:70 - Updater plugin not ready yet. [2/15]
2023-09-26 09:49:28,382 [INFO] IPUIPlugin:80 - create IPUIPlugin
2023-09-26 09:49:28,382 [INFO] PluginManager:220 - loadIPPluginJar : add fatfs
2023-09-26 09:49:28,463 [INFO] IPUIPlugin:80 - create IPUIPlugin
2023-09-26 09:49:28,463 [INFO] PluginManager:220 - loadIPPluginJar : add fmc
2023-09-26 09:49:28,505 [INFO] IPUIPlugin:80 - create IPUIPlugin
2023-09-26 09:49:28,505 [INFO] PluginManager:220 - loadIPPluginJar : add freertos
2023-09-26 09:49:28,541 [INFO] IPUIPlugin:80 - create IPUIPlugin
2023-09-26 09:49:28,542 [INFO] PluginManager:220 - loadIPPluginJar : add genericplugin
2023-09-26 09:49:28,705 [INFO] IPUIPlugin:80 - create IPUIPlugin
2023-09-26 09:49:28,706 [INFO] PluginManager:220 - loadIPPluginJar : add gfxmmu
2023-09-26 09:49:28,942 [INFO] IPUIPlugin:80 - create IPUIPlugin
2023-09-26 09:49:28,942 [INFO] PluginManager:220 - loadIPPluginJar : add gic
2023-09-26 09:49:28,971 [INFO] IPUIPlugin:80 - create IPUIPlugin
2023-09-26 09:49:28,971 [INFO] PluginManager:220 - loadIPPluginJar : add gpio
2023-09-26 09:49:29,128 [INFO] IPUIPlugin:80 - create IPUIPlugin
2023-09-26 09:49:29,128 [INFO] PluginManager:220 - loadIPPluginJar : add gtzc
2023-09-26 09:49:29,182 [INFO] IPUIPlugin:80 - create IPUIPlugin
2023-09-26 09:49:29,183 [INFO] PluginManager:220 - loadIPPluginJar : add hash
2023-09-26 09:49:29,261 [INFO] IPUIPlugin:80 - create IPUIPlugin
2023-09-26 09:49:29,261 [INFO] PluginManager:220 - loadIPPluginJar : add i2c
2023-09-26 09:49:29,330 [INFO] IPUIPlugin:80 - create IPUIPlugin
2023-09-26 09:49:29,330 [INFO] PluginManager:220 - loadIPPluginJar : add i2s
2023-09-26 09:49:29,403 [INFO] IPUIPlugin:80 - create IPUIPlugin
2023-09-26 09:49:29,404 [INFO] PluginManager:220 - loadIPPluginJar : add i3c
2023-09-26 09:49:29,606 [INFO] IPUIPlugin:80 - create IPUIPlugin
2023-09-26 09:49:29,606 [INFO] PluginManager:220 - loadIPPluginJar : add ipddr
2023-09-26 09:49:29,794 [INFO] IPUIPlugin:80 - create IPUIPlugin
2023-09-26 09:49:29,794 [INFO] PluginManager:220 - loadIPPluginJar : add linkedlist
2023-09-26 09:49:29,893 [INFO] IPUIPlugin:80 - create IPUIPlugin
2023-09-26 09:49:29,893 [INFO] PluginManager:220 - loadIPPluginJar : add lorawan
2023-09-26 09:49:29,959 [INFO] IPUIPlugin:80 - create IPUIPlugin
2023-09-26 09:49:29,960 [INFO] PluginManager:220 - loadIPPluginJar : add ltdc
2023-09-26 09:49:30,008 [INFO] IPUIPlugin:80 - create IPUIPlugin
2023-09-26 09:49:30,009 [INFO] PluginManager:220 - loadIPPluginJar : add mdma
2023-09-26 09:49:30,040 [INFO] IPUIPlugin:80 - create IPUIPlugin
2023-09-26 09:49:30,040 [INFO] PluginManager:220 - loadIPPluginJar : add nvic
2023-09-26 09:49:30,093 [INFO] IPUIPlugin:80 - create IPUIPlugin
2023-09-26 09:49:30,094 [INFO] PluginManager:220 - loadIPPluginJar : add opamp
2023-09-26 09:49:30,192 [INFO] IPUIPlugin:80 - create IPUIPlugin
2023-09-26 09:49:30,192 [INFO] PluginManager:220 - loadIPPluginJar : add openamp
2023-09-26 09:49:30,325 [INFO] IPUIPlugin:80 - create IPUIPlugin
2023-09-26 09:49:30,325 [INFO] PluginManager:220 - loadIPPluginJar : add pdm2pcm
2023-09-26 09:49:30,364 [INFO] IPUIPlugin:80 - create IPUIPlugin
2023-09-26 09:49:30,368 [INFO] PluginManager:220 - loadIPPluginJar : add plateformsettings
2023-09-26 09:49:30,416 [INFO] IPUIPlugin:80 - create IPUIPlugin
2023-09-26 09:49:30,417 [INFO] PluginManager:220 - loadIPPluginJar : add quadspi
2023-09-26 09:49:30,443 [INFO] IPUIPlugin:80 - create IPUIPlugin
2023-09-26 09:49:30,444 [INFO] PluginManager:220 - loadIPPluginJar : add resmgrutility
2023-09-26 09:49:30,557 [INFO] IPUIPlugin:80 - create IPUIPlugin
2023-09-26 09:49:30,558 [INFO] PluginManager:220 - loadIPPluginJar : add sai
2023-09-26 09:49:30,637 [INFO] IPUIPlugin:80 - create IPUIPlugin
2023-09-26 09:49:30,637 [INFO] PluginManager:220 - loadIPPluginJar : add spi
2023-09-26 09:49:30,731 [INFO] IPUIPlugin:80 - create IPUIPlugin
2023-09-26 09:49:30,732 [INFO] PluginManager:220 - loadIPPluginJar : add stm32_wpan
2023-09-26 09:49:30,781 [INFO] IPUIPlugin:80 - create IPUIPlugin
2023-09-26 09:49:30,781 [INFO] PluginManager:220 - loadIPPluginJar : add tim
2023-09-26 09:49:30,867 [INFO] IPUIPlugin:80 - create IPUIPlugin
2023-09-26 09:49:30,868 [INFO] PluginManager:220 - loadIPPluginJar : add touchsensing
2023-09-26 09:49:30,901 [INFO] IPUIPlugin:80 - create IPUIPlugin
2023-09-26 09:49:30,901 [INFO] PluginManager:220 - loadIPPluginJar : add tracer_emb
2023-09-26 09:49:30,933 [INFO] IPUIPlugin:80 - create IPUIPlugin
2023-09-26 09:49:30,933 [INFO] PluginManager:220 - loadIPPluginJar : add ts
2023-09-26 09:49:30,970 [INFO] IPUIPlugin:80 - create IPUIPlugin
2023-09-26 09:49:30,970 [INFO] PluginManager:220 - loadIPPluginJar : add tsc
2023-09-26 09:49:31,001 [INFO] IPUIPlugin:80 - create IPUIPlugin
2023-09-26 09:49:31,001 [INFO] PluginManager:220 - loadIPPluginJar : add ucpd
2023-09-26 09:49:31,089 [INFO] IPUIPlugin:80 - create IPUIPlugin
2023-09-26 09:49:31,090 [INFO] PluginManager:220 - loadIPPluginJar : add usart
2023-09-26 09:49:31,175 [INFO] IPUIPlugin:80 - create IPUIPlugin
2023-09-26 09:49:31,175 [INFO] PluginManager:220 - loadIPPluginJar : add usbx
2023-09-26 09:49:31,378 [INFO] ThirdPartyUpdaterWithRetryManager:70 - Updater plugin not ready yet. [3/15]
2023-09-26 09:49:31,441 [INFO] CADModel:165 - CPN selected for project level
2023-09-26 09:49:31,441 [INFO] CADModel:114 - Register for checkConnection events
2023-09-26 09:49:31,443 [FATAL] Updater:308 - Updater called before beeing initialized
2023-09-26 09:49:31,444 [ERROR] CADModel:125 - Updater not yet initialized, retry later 
2023-09-26 09:49:32,199 [INFO] CADModel:165 - CPN selected for project level
2023-09-26 09:49:32,199 [INFO] CADModel:114 - Register for checkConnection events
2023-09-26 09:49:32,199 [FATAL] Updater:308 - Updater called before beeing initialized
2023-09-26 09:49:32,199 [ERROR] CADModel:125 - Updater not yet initialized, retry later 
2023-09-26 09:49:32,220 [FATAL] Updater:308 - Updater called before beeing initialized
2023-09-26 09:49:32,558 [FATAL] Updater:308 - Updater called before beeing initialized
2023-09-26 09:49:32,603 [INFO] DbMcusAds:53 - JSON generation date=Tue Mar 07 14:20:55 IST 2023 (1678179055114)
2023-09-26 09:49:32,603 [FATAL] Updater:308 - Updater called before beeing initialized
2023-09-26 09:49:33,162 [WARN] DetailPanel:346 - Failed to get advertising image, set to default
2023-09-26 09:49:33,361 [FATAL] Updater:308 - Updater called before beeing initialized
2023-09-26 09:49:33,373 [FATAL] Updater:308 - Updater called before beeing initialized
2023-09-26 09:49:33,374 [FATAL] Updater:308 - Updater called before beeing initialized
2023-09-26 09:49:33,374 [WARN] DetailPanel:346 - Failed to get advertising image, set to default
2023-09-26 09:49:33,375 [FATAL] Updater:308 - Updater called before beeing initialized
2023-09-26 09:49:33,604 [ERROR] Updater:1120 - MainUpdater not yet initialized. External WinMGr cannot be set.
2023-09-26 09:49:33,627 [INFO] Updater:1056 - Updater Version found : 6.9.0
2023-09-26 09:49:33,725 [INFO] ApplicationProperties:184 - Using Application install path: C:\ST\STM32CubeIDE_1.13.0\STM32CubeIDE\plugins\com.st.stm32cube.common.mx_6.9.0.202307051724
2023-09-26 09:49:34,076 [INFO] MainUpdater:2868 - connection check result : 10
2023-09-26 09:49:34,077 [INFO] MainUpdater:3562 - Updater definition file requires update
2023-09-26 09:49:34,079 [INFO] MainUpdater:285 - Updater Check For Update Now.
2023-09-26 09:49:34,079 [INFO] MicroXplorer:498 - Change Database Version : DB.6.0.90
2023-09-26 09:49:34,133 [INFO] ServerAccessManage:473 - Download File updaters.zip
2023-09-26 09:49:34,199 [INFO] McuFinderGlobals:63 - Set McuFinder mode to 2 (CubeIDE integrated)
2023-09-26 09:49:34,387 [WARN] MainUpdater:1189 - Updater busy. Cannot search thirdparties
2023-09-26 09:49:34,389 [INFO] ThirdPartyUpdaterWithRetryManager:96 - Updater plugin is busy. [1/15]
2023-09-26 09:49:34,417 [INFO] FileExtend:240 - Unzip File : updaters.zip
2023-09-26 09:49:34,418 [INFO] FileExtend:255 - Standard Zip Deflate
2023-09-26 09:49:35,386 [INFO] ServerAccessManage:473 - Download File PacksControlFlags.xml
2023-09-26 09:49:35,569 [INFO] ServerAccessManage:473 - Download File cubemx.pidx
2023-09-26 09:49:36,833 [INFO] ServerAccessManage:473 - Download File STMicroelectronics.FP-SNS-SMARTAG2.pdsc
2023-09-26 09:49:37,390 [WARN] MainUpdater:1189 - Updater busy. Cannot search thirdparties
2023-09-26 09:49:37,390 [INFO] ThirdPartyUpdaterWithRetryManager:96 - Updater plugin is busy. [2/15]
2023-09-26 09:49:37,700 [INFO] ServerAccessManage:473 - Download File STMicroelectronics.X-CUBE-FREERTOS.pdsc
2023-09-26 09:49:38,257 [INFO] ServerAccessManage:473 - Download File STMicroelectronics.X-CUBE-NFC6.pdsc
2023-09-26 09:49:40,391 [WARN] MainUpdater:1189 - Updater busy. Cannot search thirdparties
2023-09-26 09:49:40,391 [INFO] ThirdPartyUpdaterWithRetryManager:96 - Updater plugin is busy. [3/15]
2023-09-26 09:49:41,226 [INFO] ServerAccessManage:473 - Download File wolfSSL.I-CUBE-wolfSSL.pdsc
2023-09-26 09:49:43,393 [WARN] MainUpdater:1189 - Updater busy. Cannot search thirdparties
2023-09-26 09:49:43,393 [INFO] ThirdPartyUpdaterWithRetryManager:96 - Updater plugin is busy. [4/15]
2023-09-26 09:49:45,732 [ERROR] ServerAccessManage:1089 - Problem, file not found on Server
2023-09-26 09:49:46,174 [ERROR] ServerAccessManage:1089 - Problem, file not found on Server
2023-09-26 09:49:46,395 [WARN] MainUpdater:1189 - Updater busy. Cannot search thirdparties
2023-09-26 09:49:46,395 [INFO] ThirdPartyUpdaterWithRetryManager:96 - Updater plugin is busy. [5/15]
2023-09-26 09:49:46,623 [ERROR] ServerAccessManage:1089 - Problem, file not found on Server
2023-09-26 09:49:47,651 [ERROR] ServerAccessManage:1096 - Problem, Http access forbiden
2023-09-26 09:49:47,653 [ERROR] ServerAccessManage:651 - Problem, Http access forbiden : RoweBots.I-CUBE-UNISONRTOS.pdsc.
2023-09-26 09:49:49,023 [INFO] ServerAccessManage:473 - Download File portGmbH.I-Cube-SoM-uGOAL.pdsc
2023-09-26 09:49:49,397 [WARN] MainUpdater:1189 - Updater busy. Cannot search thirdparties
2023-09-26 09:49:49,398 [INFO] ThirdPartyUpdaterWithRetryManager:96 - Updater plugin is busy. [6/15]
2023-09-26 09:49:52,106 [ERROR] ServerAccessManage:1089 - Problem, file not found on Server
2023-09-26 09:49:52,251 [ERROR] ServerAccessManage:1089 - Problem, file not found on Server
2023-09-26 09:49:52,394 [ERROR] ServerAccessManage:1089 - Problem, file not found on Server
2023-09-26 09:49:52,400 [WARN] MainUpdater:1189 - Updater busy. Cannot search thirdparties
2023-09-26 09:49:52,401 [INFO] ThirdPartyUpdaterWithRetryManager:96 - Updater plugin is busy. [7/15]
2023-09-26 09:49:52,725 [WARN] PackLoader:240 - Cannot read IP mode file for STMicroelectronics.FP-SNS-SMARTAG2.1.2.0
2023-09-26 09:49:52,771 [WARN] PackLoader:240 - Cannot read IP mode file for STMicroelectronics.X-CUBE-FREERTOS.1.1.0
2023-09-26 09:49:52,814 [WARN] PackLoader:240 - Cannot read IP mode file for STMicroelectronics.X-CUBE-NFC6.3.0.0
2023-09-26 09:49:52,849 [WARN] PackLoader:240 - Cannot read IP mode file for wolfSSL.I-CUBE-wolfSSL.5.6.3
2023-09-26 09:49:52,872 [WARN] PackLoader:240 - Cannot read IP mode file for portGmbH.I-Cube-SoM-uGOAL.1.1.0
2023-09-26 09:49:52,874 [INFO] PopulateThirdPartyThread:66 - Ending populate Thread
2023-09-26 09:49:52,876 [INFO] ThirdParty:1030 - CMSIS Pack Vendor :STMicroelectronics FP-SNS-SMARTAG2 1.2.0
2023-09-26 09:49:52,876 [INFO] ThirdParty:1030 - CMSIS Pack Vendor :STMicroelectronics X-CUBE-FREERTOS 1.1.0
2023-09-26 09:49:52,876 [INFO] ThirdParty:1030 - CMSIS Pack Vendor :wolfSSL I-CUBE-wolfSSL 5.6.3
2023-09-26 09:49:52,876 [INFO] ThirdParty:1030 - CMSIS Pack Vendor :STMicroelectronics X-CUBE-NFC6 3.0.0
2023-09-26 09:49:52,876 [INFO] ThirdParty:1030 - CMSIS Pack Vendor :portGmbH I-Cube-SoM-uGOAL 1.1.0
2023-09-26 09:49:52,877 [INFO] LoadServerUpdatesThread:373 - End of LoadServerUpdate Thread
2023-09-26 09:49:52,951 [INFO] CheckServerUpdateThread:120 - End of CheckServer Thread
2023-09-26 09:49:56,123 [WARN] PackLoader:240 - Cannot read IP mode file for STMicroelectronics.X-CUBE-SMBUS.2.1.0
2023-09-26 09:49:56,237 [WARN] PackLoader:240 - Cannot read IP mode file for STMicroelectronics.X-CUBE-AZRTOS-F7.1.1.0
2023-09-26 09:49:56,296 [WARN] PackLoader:240 - Cannot read IP mode file for STMicroelectronics.FP-SNS-MOTENV1.4.3.2
2023-09-26 09:49:56,348 [WARN] PackLoader:240 - Cannot read IP mode file for STMicroelectronics.X-CUBE-BLE1.6.2.4
2023-09-26 09:49:56,375 [WARN] PackLoader:240 - Cannot read IP mode file for STMicroelectronics.FP-SNS-FLIGHT1.5.0.2
2023-09-26 09:49:56,428 [WARN] PackLoader:240 - Cannot read IP mode file for STMicroelectronics.X-CUBE-DISPLAY.3.0.0
2023-09-26 09:49:56,509 [WARN] PackLoader:240 - Cannot read IP mode file for STMicroelectronics.X-CUBE-BLE1.7.0.0
2023-09-26 09:49:56,547 [WARN] PackLoader:240 - Cannot read IP mode file for emotas.I-CUBE-CANOPEN.1.3.0
2023-09-26 09:49:56,598 [WARN] PackLoader:240 - Cannot read IP mode file for STMicroelectronics.X-CUBE-TOUCHGFX.4.22.0
2023-09-26 09:49:56,614 [WARN] PackLoader:240 - Cannot read IP mode file for STMicroelectronics.FP-SNS-SMARTAG2.1.2.0
2023-09-26 09:49:56,753 [INFO] LogOutputStream:77 - [STDOUT_REDIRECT] 1 : Invalid condition id : UX_CORESTACK_Condition cause : null
2023-09-26 09:49:56,756 [INFO] LogOutputStream:77 - [STDOUT_REDIRECT] 1 : Invalid condition id : UX_CORESTACK_Condition cause : null
2023-09-26 09:49:56,759 [INFO] LogOutputStream:77 - [STDOUT_REDIRECT] 1 : Invalid condition id : UX_CORESTACK_Condition cause : null
2023-09-26 09:49:56,770 [INFO] LogOutputStream:77 - [STDOUT_REDIRECT] 1 : Invalid condition id : UX_CORESTACK_Condition cause : null
2023-09-26 09:49:56,773 [INFO] LogOutputStream:77 - [STDOUT_REDIRECT] 1 : Invalid condition id : UX_CORESTACK_Condition cause : null
2023-09-26 09:49:56,791 [WARN] PackLoader:240 - Cannot read IP mode file for STMicroelectronics.X-CUBE-AZRTOS-WL.2.0.0
2023-09-26 09:49:56,859 [WARN] PackLoader:240 - Cannot read IP mode file for WES.I-CUBE-Cesium.1.3.0
2023-09-26 09:49:56,918 [WARN] PackLoader:240 - Cannot read IP mode file for STMicroelectronics.X-CUBE-BLE2.3.3.0
2023-09-26 09:49:56,976 [WARN] PackLoader:240 - Cannot read IP mode file for STMicroelectronics.X-CUBE-ALGOBUILD.1.3.0
2023-09-26 09:49:57,123 [WARN] PackLoader:240 - Cannot read IP mode file for STMicroelectronics.X-CUBE-AZRTOS-G0.1.1.0
2023-09-26 09:49:57,181 [WARN] PackLoader:240 - Cannot read IP mode file for STMicroelectronics.X-CUBE-NFC4.3.0.0
2023-09-26 09:49:57,222 [WARN] PackLoader:240 - Cannot read IP mode file for STMicroelectronics.FP-ATR-SIGFOX1.3.2.0
2023-09-26 09:49:57,396 [WARN] PackLoader:240 - Cannot read IP mode file for SEGGER.I-CUBE-embOS.1.3.1
2023-09-26 09:49:57,629 [WARN] PackLoader:240 - Cannot read IP mode file for STMicroelectronics.X-CUBE-GNSS1.6.0.0
2023-09-26 09:49:57,753 [WARN] PackLoader:240 - Cannot read IP mode file for STMicroelectronics.X-CUBE-AZRTOS-F4.1.1.0
2023-09-26 09:49:57,773 [WARN] PackLoader:240 - Cannot read IP mode file for wolfSSL.I-CUBE-wolfSSL.5.6.3
2023-09-26 09:49:57,882 [WARN] PackLoader:240 - Cannot read IP mode file for STMicroelectronics.X-CUBE-AZRTOS-L5.2.0.0
2023-09-26 09:49:58,032 [ERROR] LogOutputStream:75 - [STDERR_REDIRECT] SLF4J: Failed to load class "org.slf4j.impl.StaticLoggerBinder".
2023-09-26 09:49:58,032 [ERROR] LogOutputStream:75 - [STDERR_REDIRECT] SLF4J: Defaulting to no-operation (NOP) logger implementation
2023-09-26 09:49:58,119 [ERROR] LogOutputStream:75 - [STDERR_REDIRECT] SLF4J: See http://www.slf4j.org/codes.html#StaticLoggerBinder for further details.
2023-09-26 09:49:58,165 [WARN] PackLoader:240 - Cannot read IP mode file for STMicroelectronics.X-CUBE-MEMS1.9.6.0
2023-09-26 09:49:58,777 [WARN] PackLoader:240 - Cannot read IP mode file for STMicroelectronics.X-CUBE-BLEMGR.2.0.0
2023-09-26 09:49:58,867 [WARN] ConditionMgr:438 - getConditionDescription Invalid condition id : UX DEVICE CLASS RTOS Condition cause : null
2023-09-26 09:49:58,867 [WARN] ConditionMgr:438 - getConditionDescription Invalid condition id : UX DEVICE CLASS RTOS Condition cause : null
2023-09-26 09:49:58,875 [WARN] PackLoader:240 - Cannot read IP mode file for STMicroelectronics.X-CUBE-AZRTOS-H7.3.1.0
2023-09-26 09:49:58,878 [WARN] ConditionMgr:1039 - genDependencies : Invalid condition id : UX DEVICE CLASS RTOS Condition cause : null
2023-09-26 09:49:58,878 [WARN] ConditionMgr:1039 - genDependencies : Invalid condition id : UX DEVICE CLASS RTOS Condition cause : null
2023-09-26 09:49:58,880 [WARN] ConditionMgr:1039 - genDependencies : Invalid condition id : UX DEVICE CLASS RTOS Condition cause : null
2023-09-26 09:49:58,882 [WARN] ConditionMgr:1039 - genDependencies : Invalid condition id : UX DEVICE CLASS RTOS Condition cause : null
2023-09-26 09:49:58,882 [WARN] ConditionMgr:1039 - genDependencies : Invalid condition id : UX DEVICE CLASS RTOS Condition cause : null
2023-09-26 09:49:58,918 [WARN] PackLoader:240 - Cannot read IP mode file for STMicroelectronics.X-CUBE-NFC7.1.0.1
2023-09-26 09:49:58,935 [WARN] PackLoader:240 - Cannot read IP mode file for STMicroelectronics.X-CUBE-NFC6.3.0.0
2023-09-26 09:49:58,971 [WARN] PackLoader:240 - Cannot read IP mode file for STMicroelectronics.X-CUBE-EEPRMA1.4.1.0
2023-09-26 09:49:59,014 [WARN] PackLoader:240 - Cannot read IP mode file for STMicroelectronics.X-CUBE-AI.8.1.0
2023-09-26 09:49:59,101 [WARN] ConditionMgr:438 - getConditionDescription Invalid condition id : LAN8742 Phy interface Condition cause : null
2023-09-26 09:49:59,102 [WARN] PackLoader:240 - Cannot read IP mode file for STMicroelectronics.X-CUBE-AZRTOS-L4.2.0.0
2023-09-26 09:49:59,107 [WARN] ConditionMgr:1039 - genDependencies : Invalid condition id : LAN8742 Phy interface Condition cause : null
2023-09-26 09:49:59,107 [WARN] ConditionMgr:1039 - genDependencies : Invalid condition id : LAN8742 Phy interface Condition cause : null
2023-09-26 09:49:59,109 [WARN] ConditionMgr:1039 - genDependencies : Invalid condition id : LAN8742 Phy interface Condition cause : null
2023-09-26 09:49:59,161 [WARN] PackLoader:240 - Cannot read IP mode file for STMicroelectronics.X-CUBE-SFXS2LP1.4.0.0
2023-09-26 09:49:59,199 [WARN] PackLoader:240 - Cannot read IP mode file for STMicroelectronics.X-CUBE-ISPU.1.1.0
2023-09-26 09:49:59,300 [WARN] ConditionMgr:438 - getConditionDescription Invalid condition id : UX DEVICE CLASS RTOS Condition cause : null
2023-09-26 09:49:59,300 [WARN] ConditionMgr:438 - getConditionDescription Invalid condition id : UX DEVICE CLASS RTOS Condition cause : null
2023-09-26 09:49:59,330 [WARN] PackLoader:240 - Cannot read IP mode file for STMicroelectronics.X-CUBE-AZRTOS-WB.2.0.0
2023-09-26 09:49:59,333 [WARN] ConditionMgr:1039 - genDependencies : Invalid condition id : UX DEVICE CLASS RTOS Condition cause : null
2023-09-26 09:49:59,333 [WARN] ConditionMgr:1039 - genDependencies : Invalid condition id : UX DEVICE CLASS RTOS Condition cause : null
2023-09-26 09:49:59,334 [WARN] ConditionMgr:1039 - genDependencies : Invalid condition id : UX DEVICE CLASS RTOS Condition cause : null
2023-09-26 09:49:59,336 [WARN] ConditionMgr:1039 - genDependencies : Invalid condition id : UX DEVICE CLASS RTOS Condition cause : null
2023-09-26 09:49:59,336 [WARN] ConditionMgr:1039 - genDependencies : Invalid condition id : UX DEVICE CLASS RTOS Condition cause : null
2023-09-26 09:49:59,373 [WARN] PackLoader:240 - Cannot read IP mode file for STMicroelectronics.X-CUBE-FREERTOS.1.0.1
2023-09-26 09:49:59,464 [WARN] PackLoader:240 - Cannot read IP mode file for STMicroelectronics.X-CUBE-AZRTOS-L5.1.1.0
2023-09-26 09:49:59,514 [WARN] PackLoader:240 - Cannot read IP mode file for STMicroelectronics.X-CUBE-AI.8.0.1
2023-09-26 09:49:59,563 [WARN] PackLoader:240 - Cannot read IP mode file for STMicroelectronics.X-CUBE-SUBG2.5.0.0
2023-09-26 09:49:59,641 [WARN] PackLoader:240 - Cannot read IP mode file for STMicroelectronics.X-CUBE-TOF1.3.3.1
2023-09-26 09:49:59,728 [WARN] PackLoader:240 - Cannot read IP mode file for STMicroelectronics.X-CUBE-AZRTOS-G4.2.0.0
2023-09-26 09:49:59,739 [WARN] PackLoader:240 - Cannot read IP mode file for STMicroelectronics.X-CUBE-FREERTOS.1.1.0
2023-09-26 09:49:59,749 [WARN] PackLoader:240 - Cannot read IP mode file for portGmbH.I-Cube-SoM-uGOAL.1.1.0
2023-09-26 09:49:59,776 [WARN] PackLoader:240 - Cannot read IP mode file for STMicroelectronics.X-CUBE-ALS.1.0.1
2023-09-26 09:49:59,838 [WARN] PackLoader:240 - Cannot read IP mode file for STMicroelectronics.X-CUBE-AZRTOS-WB.1.1.0
2023-09-26 09:49:59,876 [WARN] PackLoader:240 - Cannot read IP mode file for STMicroelectronics.FP-ATR-ASTRA1.2.0.0
2023-09-26 09:49:59,877 [INFO] ThirdParty:978 - Integrity check success = true
2023-09-26 09:49:59,877 [INFO] IntegrityCheckThread:100 - exiting critical section [integrity check]
2023-09-26 09:49:59,877 [INFO] IntegrityCheckThread:103 - End integrity checks thread
2023-09-26 09:50:06,251 [INFO] McuFinderGlobals:63 - Set McuFinder mode to 2 (CubeIDE integrated)
2023-09-26 09:50:06,310 [INFO] MainUpdater:2868 - connection check result : 10
2023-09-26 09:50:06,358 [INFO] McuFinderGlobals:76 - Set McuFinderConnectedMode to true
2023-09-26 09:50:06,640 [INFO] ServerAccessManage:473 - Download File mcusAds.json._tmp_
2023-09-26 09:50:06,660 [ERROR] LogOutputStream:75 - [STDERR_REDIRECT] Exception in thread "AWT-EventQueue-0" java.lang.NullPointerException: Cannot read field "width" because "this.componentInnards" is null
2023-09-26 09:50:06,671 [ERROR] LogOutputStream:75 - [STDERR_REDIRECT] 	at java.desktop/javax.swing.plaf.basic.BasicProgressBarUI.updateSizes(BasicProgressBarUI.java:542)
2023-09-26 09:50:06,676 [ERROR] LogOutputStream:75 - [STDERR_REDIRECT] 	at java.desktop/javax.swing.plaf.basic.BasicProgressBarUI.getBox(BasicProgressBarUI.java:499)
2023-09-26 09:50:06,683 [ERROR] LogOutputStream:75 - [STDERR_REDIRECT] 	at java.desktop/javax.swing.plaf.metal.MetalProgressBarUI.paintIndeterminate(MetalProgressBarUI.java:168)
2023-09-26 09:50:06,689 [ERROR] LogOutputStream:75 - [STDERR_REDIRECT] 	at java.desktop/javax.swing.plaf.basic.BasicProgressBarUI.paint(BasicProgressBarUI.java:464)
2023-09-26 09:50:06,696 [ERROR] LogOutputStream:75 - [STDERR_REDIRECT] 	at java.desktop/javax.swing.plaf.ComponentUI.update(ComponentUI.java:161)
2023-09-26 09:50:06,701 [ERROR] LogOutputStream:75 - [STDERR_REDIRECT] 	at java.desktop/javax.swing.JComponent.paintComponent(JComponent.java:842)
2023-09-26 09:50:06,707 [ERROR] LogOutputStream:75 - [STDERR_REDIRECT] 	at java.desktop/javax.swing.JComponent.paint(JComponent.java:1119)
2023-09-26 09:50:06,711 [ERROR] LogOutputStream:75 - [STDERR_REDIRECT] 	at java.desktop/javax.swing.JComponent.paintChildren(JComponent.java:952)
2023-09-26 09:50:06,715 [ERROR] LogOutputStream:75 - [STDERR_REDIRECT] 	at java.desktop/javax.swing.JComponent.paint(JComponent.java:1128)
2023-09-26 09:50:06,718 [ERROR] LogOutputStream:75 - [STDERR_REDIRECT] 	at java.desktop/javax.swing.JComponent.paintChildren(JComponent.java:952)
2023-09-26 09:50:06,722 [ERROR] LogOutputStream:75 - [STDERR_REDIRECT] 	at java.desktop/javax.swing.JComponent.paint(JComponent.java:1128)
2023-09-26 09:50:06,726 [ERROR] LogOutputStream:75 - [STDERR_REDIRECT] 	at java.desktop/javax.swing.JComponent.paintChildren(JComponent.java:952)
2023-09-26 09:50:06,730 [ERROR] LogOutputStream:75 - [STDERR_REDIRECT] 	at java.desktop/javax.swing.JComponent.paint(JComponent.java:1128)
2023-09-26 09:50:06,733 [ERROR] LogOutputStream:75 - [STDERR_REDIRECT] 	at java.desktop/javax.swing.JComponent.paintChildren(JComponent.java:952)
2023-09-26 09:50:06,736 [ERROR] LogOutputStream:75 - [STDERR_REDIRECT] 	at java.desktop/javax.swing.JComponent.paint(JComponent.java:1128)
2023-09-26 09:50:06,740 [ERROR] LogOutputStream:75 - [STDERR_REDIRECT] 	at java.desktop/javax.swing.JLayeredPane.paint(JLayeredPane.java:586)
2023-09-26 09:50:06,746 [ERROR] LogOutputStream:75 - [STDERR_REDIRECT] 	at java.desktop/javax.swing.JComponent.paintChildren(JComponent.java:952)
2023-09-26 09:50:06,747 [INFO] LoadUrlFilesThread:156 - End of LoadUrlFiles Thread
2023-09-26 09:50:06,754 [ERROR] LogOutputStream:75 - [STDERR_REDIRECT] 	at java.desktop/javax.swing.JComponent.paintToOffscreen(JComponent.java:5318)
2023-09-26 09:50:06,760 [ERROR] LogOutputStream:75 - [STDERR_REDIRECT] 	at java.desktop/javax.swing.RepaintManager$PaintManager.paintDoubleBufferedImpl(RepaintManager.java:1657)
2023-09-26 09:50:06,763 [ERROR] LogOutputStream:75 - [STDERR_REDIRECT] 	at java.desktop/javax.swing.RepaintManager$PaintManager.paintDoubleBuffered(RepaintManager.java:1632)
2023-09-26 09:50:06,766 [ERROR] LogOutputStream:75 - [STDERR_REDIRECT] 	at java.desktop/javax.swing.RepaintManager$PaintManager.paint(RepaintManager.java:1570)
2023-09-26 09:50:06,769 [ERROR] LogOutputStream:75 - [STDERR_REDIRECT] 	at java.desktop/javax.swing.RepaintManager.paint(RepaintManager.java:1337)
2023-09-26 09:50:06,772 [ERROR] LogOutputStream:75 - [STDERR_REDIRECT] 	at java.desktop/javax.swing.JComponent.paint(JComponent.java:1105)
2023-09-26 09:50:06,774 [ERROR] LogOutputStream:75 - [STDERR_REDIRECT] 	at java.desktop/java.awt.GraphicsCallback$PaintCallback.run(GraphicsCallback.java:39)
2023-09-26 09:50:06,777 [ERROR] LogOutputStream:75 - [STDERR_REDIRECT] 	at java.desktop/sun.awt.SunGraphicsCallback.runOneComponent(SunGraphicsCallback.java:75)
2023-09-26 09:50:06,782 [ERROR] LogOutputStream:75 - [STDERR_REDIRECT] 	at java.desktop/sun.awt.SunGraphicsCallback.runComponents(SunGraphicsCallback.java:112)
2023-09-26 09:50:06,785 [ERROR] LogOutputStream:75 - [STDERR_REDIRECT] 	at java.desktop/java.awt.Container.paint(Container.java:2005)
2023-09-26 09:50:06,787 [ERROR] LogOutputStream:75 - [STDERR_REDIRECT] 	at java.desktop/java.awt.Window.paint(Window.java:3959)
2023-09-26 09:50:06,790 [ERROR] LogOutputStream:75 - [STDERR_REDIRECT] 	at java.desktop/javax.swing.RepaintManager$4.run(RepaintManager.java:890)
2023-09-26 09:50:06,794 [ERROR] LogOutputStream:75 - [STDERR_REDIRECT] 	at java.desktop/javax.swing.RepaintManager$4.run(RepaintManager.java:862)
2023-09-26 09:50:06,797 [ERROR] LogOutputStream:75 - [STDERR_REDIRECT] 	at java.base/java.security.AccessController.doPrivileged(AccessController.java:399)
2023-09-26 09:50:06,801 [ERROR] LogOutputStream:75 - [STDERR_REDIRECT] 	at java.base/java.security.ProtectionDomain$JavaSecurityAccessImpl.doIntersectionPrivilege(ProtectionDomain.java:86)
2023-09-26 09:50:06,805 [ERROR] LogOutputStream:75 - [STDERR_REDIRECT] 	at java.desktop/javax.swing.RepaintManager.paintDirtyRegions(RepaintManager.java:862)
2023-09-26 09:50:06,808 [ERROR] LogOutputStream:75 - [STDERR_REDIRECT] 	at java.desktop/javax.swing.RepaintManager.paintDirtyRegions(RepaintManager.java:835)
2023-09-26 09:50:06,811 [ERROR] LogOutputStream:75 - [STDERR_REDIRECT] 	at java.desktop/javax.swing.RepaintManager.prePaintDirtyRegions(RepaintManager.java:784)
2023-09-26 09:50:06,814 [ERROR] LogOutputStream:75 - [STDERR_REDIRECT] 	at java.desktop/javax.swing.RepaintManager$ProcessingRunnable.run(RepaintManager.java:1898)
2023-09-26 09:50:06,817 [ERROR] LogOutputStream:75 - [STDERR_REDIRECT] 	at java.desktop/java.awt.event.InvocationEvent.dispatch(InvocationEvent.java:318)
2023-09-26 09:50:06,820 [ERROR] LogOutputStream:75 - [STDERR_REDIRECT] 	at java.desktop/java.awt.EventQueue.dispatchEventImpl(EventQueue.java:771)
2023-09-26 09:50:06,822 [ERROR] LogOutputStream:75 - [STDERR_REDIRECT] 	at java.desktop/java.awt.EventQueue$4.run(EventQueue.java:722)
2023-09-26 09:50:06,825 [ERROR] LogOutputStream:75 - [STDERR_REDIRECT] 	at java.desktop/java.awt.EventQueue$4.run(EventQueue.java:716)
2023-09-26 09:50:06,828 [ERROR] LogOutputStream:75 - [STDERR_REDIRECT] 	at java.base/java.security.AccessController.doPrivileged(AccessController.java:399)
2023-09-26 09:50:06,831 [ERROR] LogOutputStream:75 - [STDERR_REDIRECT] 	at java.base/java.security.ProtectionDomain$JavaSecurityAccessImpl.doIntersectionPrivilege(ProtectionDomain.java:86)
2023-09-26 09:50:06,834 [ERROR] LogOutputStream:75 - [STDERR_REDIRECT] 	at java.desktop/java.awt.EventQueue.dispatchEvent(EventQueue.java:741)
2023-09-26 09:50:06,838 [ERROR] LogOutputStream:75 - [STDERR_REDIRECT] 	at java.desktop/java.awt.EventDispatchThread.pumpOneEventForFilters(EventDispatchThread.java:203)
2023-09-26 09:50:06,843 [ERROR] LogOutputStream:75 - [STDERR_REDIRECT] 	at java.desktop/java.awt.EventDispatchThread.pumpEventsForFilter(EventDispatchThread.java:124)
2023-09-26 09:50:06,848 [ERROR] LogOutputStream:75 - [STDERR_REDIRECT] 	at java.desktop/java.awt.EventDispatchThread.pumpEventsForFilter(EventDispatchThread.java:117)
2023-09-26 09:50:06,852 [ERROR] LogOutputStream:75 - [STDERR_REDIRECT] 	at java.desktop/java.awt.WaitDispatchSupport$2.run(WaitDispatchSupport.java:191)
2023-09-26 09:50:06,856 [ERROR] LogOutputStream:75 - [STDERR_REDIRECT] 	at java.desktop/java.awt.WaitDispatchSupport$4.run(WaitDispatchSupport.java:236)
2023-09-26 09:50:06,860 [ERROR] LogOutputStream:75 - [STDERR_REDIRECT] 	at java.desktop/java.awt.WaitDispatchSupport$4.run(WaitDispatchSupport.java:234)
2023-09-26 09:50:06,862 [ERROR] LogOutputStream:75 - [STDERR_REDIRECT] 	at java.base/java.security.AccessController.doPrivileged(AccessController.java:318)
2023-09-26 09:50:06,866 [ERROR] LogOutputStream:75 - [STDERR_REDIRECT] 	at java.desktop/java.awt.WaitDispatchSupport.enter(WaitDispatchSupport.java:234)
2023-09-26 09:50:06,868 [ERROR] LogOutputStream:75 - [STDERR_REDIRECT] 	at java.desktop/java.awt.Dialog.show(Dialog.java:1080)
2023-09-26 09:50:06,876 [ERROR] LogOutputStream:75 - [STDERR_REDIRECT] 	at com.st.microxplorer.plugins.updater.gui.ProgressBarDialog.startProgressBar(ProgressBarDialog.java:154)
2023-09-26 09:50:06,879 [ERROR] LogOutputStream:75 - [STDERR_REDIRECT] 	at com.st.microxplorer.plugins.updater.engine.MainUpdater.loadUrlFiles(MainUpdater.java:2516)
2023-09-26 09:50:06,883 [ERROR] LogOutputStream:75 - [STDERR_REDIRECT] 	at com.st.microxplorer.plugins.updater.Updater.getSpecificTask(Updater.java:366)
2023-09-26 09:50:06,887 [ERROR] LogOutputStream:75 - [STDERR_REDIRECT] 	at com.st.microxplorer.mcufinder.gui.WebUtils.downloadDbFile(WebUtils.java:614)
2023-09-26 09:50:06,891 [ERROR] LogOutputStream:75 - [STDERR_REDIRECT] 	at com.st.microxplorer.mcufinder.gui.WebUtils.downloadDbFiles(WebUtils.java:760)
2023-09-26 09:50:06,898 [ERROR] LogOutputStream:75 - [STDERR_REDIRECT] 	at com.st.stm32cube.common.mx.targetselector.TargetSelectorAdapter$5.run(TargetSelectorAdapter.java:257)
2023-09-26 09:50:06,904 [ERROR] LogOutputStream:75 - [STDERR_REDIRECT] 	at com.st.stm32cube.common.mx.oss.core.awtswtbridge.AwtEnvironment$2.run(AwtEnvironment.java:166)
2023-09-26 09:50:06,907 [ERROR] LogOutputStream:75 - [STDERR_REDIRECT] 	at java.desktop/java.awt.event.InvocationEvent.dispatch(InvocationEvent.java:318)
2023-09-26 09:50:06,911 [ERROR] LogOutputStream:75 - [STDERR_REDIRECT] 	at java.desktop/java.awt.EventQueue.dispatchEventImpl(EventQueue.java:771)
2023-09-26 09:50:06,913 [ERROR] LogOutputStream:75 - [STDERR_REDIRECT] 	at java.desktop/java.awt.EventQueue$4.run(EventQueue.java:722)
2023-09-26 09:50:06,916 [ERROR] LogOutputStream:75 - [STDERR_REDIRECT] 	at java.desktop/java.awt.EventQueue$4.run(EventQueue.java:716)
2023-09-26 09:50:06,919 [ERROR] LogOutputStream:75 - [STDERR_REDIRECT] 	at java.base/java.security.AccessController.doPrivileged(AccessController.java:399)
2023-09-26 09:50:06,925 [ERROR] LogOutputStream:75 - [STDERR_REDIRECT] 	at java.base/java.security.ProtectionDomain$JavaSecurityAccessImpl.doIntersectionPrivilege(ProtectionDomain.java:86)
2023-09-26 09:50:06,928 [ERROR] LogOutputStream:75 - [STDERR_REDIRECT] 	at java.desktop/java.awt.EventQueue.dispatchEvent(EventQueue.java:741)
2023-09-26 09:50:06,933 [ERROR] LogOutputStream:75 - [STDERR_REDIRECT] 	at java.desktop/java.awt.EventDispatchThread.pumpOneEventForFilters(EventDispatchThread.java:203)
2023-09-26 09:50:06,937 [ERROR] LogOutputStream:75 - [STDERR_REDIRECT] 	at java.desktop/java.awt.EventDispatchThread.pumpEventsForFilter(EventDispatchThread.java:124)
2023-09-26 09:50:06,940 [ERROR] LogOutputStream:75 - [STDERR_REDIRECT] 	at java.desktop/java.awt.EventDispatchThread.pumpEventsForHierarchy(EventDispatchThread.java:113)
2023-09-26 09:50:06,944 [ERROR] LogOutputStream:75 - [STDERR_REDIRECT] 	at java.desktop/java.awt.EventDispatchThread.pumpEvents(EventDispatchThread.java:109)
2023-09-26 09:50:06,947 [ERROR] LogOutputStream:75 - [STDERR_REDIRECT] 	at java.desktop/java.awt.EventDispatchThread.pumpEvents(EventDispatchThread.java:101)
2023-09-26 09:50:06,952 [ERROR] LogOutputStream:75 - [STDERR_REDIRECT] 	at java.desktop/java.awt.EventDispatchThread.run(EventDispatchThread.java:90)
2023-09-26 09:50:07,056 [INFO] ServerAccessManage:473 - Download File cube-finder-db.zip
2023-09-26 09:50:17,650 [INFO] FileExtend:240 - Unzip File : cube-finder-db.zip
2023-09-26 09:50:17,651 [INFO] FileExtend:255 - Standard Zip Deflate
2023-09-26 09:50:19,446 [INFO] LoadUrlFilesThread:156 - End of LoadUrlFiles Thread
2023-09-26 09:50:20,433 [INFO] ServerAccessManage:473 - Download File crdb.zip
2023-09-26 09:50:21,684 [INFO] FileExtend:240 - Unzip File : crdb.zip
2023-09-26 09:50:21,684 [INFO] FileExtend:255 - Standard Zip Deflate
2023-09-26 09:50:21,853 [INFO] LoadUrlFilesThread:156 - End of LoadUrlFiles Thread
2023-09-26 09:50:21,974 [INFO] ServerAccessManage:473 - Download File tutoVideoDB.zip
2023-09-26 09:50:22,022 [INFO] FileExtend:240 - Unzip File : tutoVideoDB.zip
2023-09-26 09:50:22,022 [INFO] FileExtend:255 - Standard Zip Deflate
2023-09-26 09:50:22,150 [INFO] LoadUrlFilesThread:156 - End of LoadUrlFiles Thread
2023-09-26 09:50:22,175 [WARN] DbFile:41 - Overriding database path with different value: C:\Users\irsha\.stmcufinder\plugins\mcufinder/ => C:\Users\irsha\.stmcufinder\plugins\mcufinder
2023-09-26 09:50:22,222 [INFO] ServerAccessManage:473 - Download File api_config.json
2023-09-26 09:50:22,400 [INFO] LoadUrlFilesThread:156 - End of LoadUrlFiles Thread
2023-09-26 09:50:22,403 [INFO] DbMcusAds:53 - JSON generation date=Tue Mar 07 14:20:55 IST 2023 (1678179055114)
2023-09-26 09:50:22,464 [INFO] LoadUrlFilesThread:185 - End of LoadServerUrlFiles without Thread
2023-09-26 09:50:22,467 [INFO] TargetSelectorAdapter:259 - Refresh data is successful
2023-09-26 09:50:22,828 [INFO] ApiDb:581 - Connected to CubeFinder SQLite database (C:\Users\irsha\.stmcufinder\plugins\mcufinder\mcu\cube-finder-db.db)
2023-09-26 09:50:23,091 [INFO] ApiDb:668 - CubeFinder database Data Model version=2.1
2023-09-26 09:50:23,091 [INFO] ApiDb:669 - CubeFinder database Configuration version=3.0.37
2023-09-26 09:50:23,091 [INFO] ApiDb:670 - CubeFinder database generation date=2023-08-09 (1691586011)
2023-09-26 09:50:23,091 [INFO] ApiDb:671 - CubeFinder database FW Pack versions=[FP-ATR-ASTRA1_V2.0.0, FP-SNS-FLIGHT1_V5.0.1, FP-SNS-FLIGHT1_V5.0.2, FP-SNS-MOTENV1_V4.3.1, FP-SNS-MOTENV1_V4.3.2, STM32Cube_FW_C0_V1.1.0, STM32Cube_FW_F4_V1.27.1, STM32Cube_FW_F7_V1.17.0, STM32Cube_FW_G0_V1.6.1, STM32Cube_FW_G4_V1.5.1, STM32Cube_FW_H5_V0.5.1, STM32Cube_FW_H5_V1.1.0, STM32Cube_FW_H7_V1.11.0, STM32Cube_FW_L0_V1.12.2, STM32Cube_FW_L5_V1.5.0, STM32Cube_FW_U5_V1.3.0, STM32Cube_FW_U5_V1.3.0RC4, STM32Cube_FW_WBA_V1.0.0RC1, STM32Cube_FW_WBA_V1.1.0, STM32Cube_FW_WBA_V1.1.0RC1, STM32Cube_FW_WB_V1.15.0RC1, STM32Cube_FW_WB_V1.16.0, STM32Cube_FW_WB_V1.16.0RC2, STM32Cube_FW_WB_V1.17.0, STM32Cube_FW_WL_V1.3.0, X-CUBE-ALGOBUILD_V1.3.0, X-CUBE-ALS_V1.0.1, X-CUBE-AZRTOS-F4_V1.1.0, X-CUBE-AZRTOS-F7_V1.1.0, X-CUBE-AZRTOS-G0_V1.1.0, X-CUBE-AZRTOS-G4_V2.0.0, X-CUBE-AZRTOS-H7_V3.1.0, X-CUBE-AZRTOS-L4_V1.0.0, X-CUBE-AZRTOS-L4_V2.0.0, X-CUBE-AZRTOS-L5_V1.1.0, X-CUBE-AZRTOS-WB_V1.1.0, X-CUBE-AZRTOS-WL_V2.0.0, X-CUBE-BLE1_V7.0.0, X-CUBE-BLE2_V3.3.0, X-CUBE-BLEMGR_V2.0.0, X-CUBE-EEPRMA1_V4.1.0, X-CUBE-FREERTOS_V1.1.0, X-CUBE-GNSS1_V6.0.0, X-CUBE-MEMS1_V9.1.0, X-CUBE-MEMS1_V9.4.0, X-CUBE-MEMS1_V9.6.0, X-CUBE-NFC4_V3.0.0, X-CUBE-NFC7_V1.0.0, X-CUBE-SFXS2LP1_V4.0.0, X-CUBE-SUBG2_V5.0.0, X-CUBE-TOF1_V3.3.1]
2023-09-26 09:50:27,379 [INFO] ApiDb:240 - Found 323 in-development CPN: [B-G473E-ZEST1S, B-WB1M-WPAN1, B-WL5M-SUBG1, NUCLEO-C031C6, NUCLEO-H503RB, NUCLEO-H563ZI, NUCLEO-U545RE-Q, NUCLEO-U5A5ZJ-Q, NUCLEO-WBA52CG, STEVAL-PROTEUS1, STEVAL-SMARTAG2, STEVAL-STWINBX1, STM320518-EVAL, STM32C0116-DK, STM32C011D6Y3TR, STM32C011D6Y6TR, STM32C011F4P3, STM32C011F4P6, STM32C011F4U3, STM32C011F4U6TR, STM32C011F6P3, STM32C011F6P6, STM32C011F6U3, STM32C011F6U6TR, STM32C011J4M3, STM32C011J4M6, STM32C011J6M3, STM32C011J6M6, STM32C0316-DK, STM32C031C4T3, STM32C031C4T6, STM32C031C4U3, STM32C031C4U6, STM32C031C6T3, STM32C031C6T6, STM32C031C6U3, STM32C031C6U6, STM32C031F4P3, STM32C031F4P6, STM32C031F6P3, STM32C031F6P6, STM32C031G4U3, STM32C031G4U6, STM32C031G6U3, STM32C031G6U6, STM32C031K4T3, STM32C031K4T6, STM32C031K4U3, STM32C031K4U6, STM32C031K6T3, STM32C031K6T6, STM32C031K6U3, STM32C031K6U6, STM32G071K8TXN, STM32G071K8UXN, STM32G081GBU6N, STM32G081KBT6N, STM32G081KBUXN, STM32G0B1CCT6N, STM32G0B1KCT6, STM32G0B1NEY6TR, STM32G0B1RCT6N, STM32G0C1CCT6, STM32G0C1CCT6N, STM32G0C1CCU6N, STM32G0C1CET6N, STM32G0C1CEU6N, STM32G0C1KCT6, STM32G0C1NEY6TR, STM32G0C1RCI6N, STM32G0C1RCT6N, STM32G0C1REI6N, STM32G0C1RET6N, STM32G0C1VCI6, STM32G0C1VEI6, STM32G471CCT6, STM32G471CCU6, STM32G471CET3, STM32G471CET6, STM32G471CEU3, STM32G471CEU6, STM32G471MCT6, STM32G471MET3, STM32G471MET6, STM32G471MEY6TR, STM32G471QCT6, STM32G471QET3, STM32G471RCT6, STM32G471RET3, STM32G471RET6, STM32G471VCH6, STM32G471VCI6, STM32G471VCT6, STM32G471VEH3, STM32G471VEH6, STM32G471VEI3, STM32G471VEI6, STM32G471VET3, STM32G471VET6, STM32G474CCT6, STM32H503CBT6, STM32H503CBU6, STM32H503EBY6TR, STM32H503KBU6, STM32H503RBT6, STM32H562AGI6, STM32H562AII6, STM32H562IGK6, STM32H562IGT6, STM32H562IIK6, STM32H562IIT6, STM32H562RGT6, STM32H562RGV6, STM32H562RIT6, STM32H562RIV6, STM32H562VGT6, STM32H562VIT6, STM32H562ZGT6, STM32H562ZIT6, STM32H563AGI6, STM32H563AII3Q, STM32H563AII6, STM32H563IGK6, STM32H563IGT6, STM32H563IIK3Q, STM32H563IIK6, STM32H563IIT3Q, STM32H563IIT6, STM32H563MIY3QTR, STM32H563RGT6, STM32H563RGV6, STM32H563RIT6, STM32H563RIV6, STM32H563VGT6, STM32H563VIT3Q, STM32H563VIT6, STM32H563ZGT6, STM32H563ZIT3Q, STM32H563ZIT6, STM32H573AII3Q, STM32H573AII6, STM32H573I-DK, STM32H573IIK3Q, STM32H573IIK6, STM32H573IIT3Q, STM32H573IIT6, STM32H573MIY3QTR, STM32H573RIT6, STM32H573RIV6, STM32H573VIT3Q, STM32H573VIT6, STM32H573ZIT3Q, STM32H573ZIT6, STM32L4R5QGI6STR, STM32MP131AAE3, STM32MP131AAF3, STM32MP131AAG3, STM32MP131CAE3, STM32MP131CAF3, STM32MP131CAG3, STM32MP131DAE7, STM32MP131DAF7, STM32MP131DAG7, STM32MP131FAE7, STM32MP131FAF7, STM32MP131FAG7, STM32MP133AAE3, STM32MP133AAF3, STM32MP133AAG3, STM32MP133CAE3, STM32MP133CAF3, STM32MP133CAG3, STM32MP133DAE7, STM32MP133DAF7, STM32MP133DAG7, STM32MP133FAE7, STM32MP133FAF7, STM32MP133FAG7, STM32MP135AAE3, STM32MP135AAF3, STM32MP135AAG3, STM32MP135CAE3, STM32MP135CAF3, STM32MP135CAG3, STM32MP135DAE7, STM32MP135DAF7, STM32MP135DAG7, STM32MP135F-DK, STM32MP135FAE7, STM32MP135FAF7, STM32MP135FAF7T, STM32MP135FAF7U, STM32MP135FAG7, STM32U535CBT6, STM32U535CBT6Q, STM32U535CBU6, STM32U535CBU6Q, STM32U535CCT6, STM32U535CCT6Q, STM32U535CCU6, STM32U535CCU6Q, STM32U535CET6, STM32U535CET6Q, STM32U535CEU6, STM32U535CEU6Q, STM32U535JEY6QTR, STM32U535NCY6QTR, STM32U535NEY6QTR, STM32U535RBI6, STM32U535RBI6Q, STM32U535RBT6, STM32U535RBT6Q, STM32U535RCI6, STM32U535RCI6Q, STM32U535RCT6, STM32U535RCT6Q, STM32U535REI6, STM32U535REI6Q, STM32U535RET6, STM32U535RET6Q, STM32U535VCI6, STM32U535VCI6Q, STM32U535VCT6, STM32U535VCT6Q, STM32U535VEI6, STM32U535VEI6Q, STM32U535VET6, STM32U535VET6Q, STM32U545CET6, STM32U545CET6Q, STM32U545CEU6, STM32U545CEU6Q, STM32U545JEY6QTR, STM32U545NEY6QTR, STM32U545REI6, STM32U545REI6Q, STM32U545RET6, STM32U545RET6Q, STM32U545VEI6, STM32U545VEI6Q, STM32U545VET6, STM32U545VET6Q, STM32U595AIH6, STM32U595AIH6Q, STM32U595AJH6, STM32U595AJH6Q, STM32U595QII6, STM32U595QII6Q, STM32U595QJI6, STM32U595QJI6Q, STM32U595RIT6, STM32U595RIT6Q, STM32U595RJT6, STM32U595RJT6Q, STM32U595VIT6, STM32U595VIT6Q, STM32U595VJT6, STM32U595VJT6Q, STM32U595ZIT6, STM32U595ZIT6Q, STM32U595ZIY6QTR, STM32U595ZJT6, STM32U595ZJT6Q, STM32U595ZJY6QTR, STM32U599BJY6QTR, STM32U599NIH6Q, STM32U599NJH6Q, STM32U599VIT6Q, STM32U599VJT6, STM32U599VJT6Q, STM32U599ZIT6Q, STM32U599ZIY6QTR, STM32U599ZJT6Q, STM32U599ZJY6QTR, STM32U5A5AJH6, STM32U5A5AJH6Q, STM32U5A5QJI6, STM32U5A5QJI6Q, STM32U5A5RJT6, STM32U5A5RJT6Q, STM32U5A5VJT6, STM32U5A5VJT6Q, STM32U5A5ZJT6, STM32U5A5ZJT6Q, STM32U5A5ZJY6QTR, STM32U5A9BJY6QTR, STM32U5A9J-DK, STM32U5A9NJH6Q, STM32U5A9VJT6Q, STM32U5A9ZJT6Q, STM32U5A9ZJY6QTR, STM32U5F7VIT6, STM32U5F7VIT6Q, STM32U5F7VJT6, STM32U5F7VJT6Q, STM32U5F9BJY6QTR, STM32U5F9NJH6Q, STM32U5F9VIT6Q, STM32U5F9VJT6Q, STM32U5F9ZIJ6QTR, STM32U5F9ZIT6Q, STM32U5F9ZJJ6QTR, STM32U5F9ZJT6Q, STM32U5G7VJT6, STM32U5G7VJT6Q, STM32U5G9BJY6QTR, STM32U5G9J-DK1, STM32U5G9J-DK2, STM32U5G9NJH6Q, STM32U5G9VJT6Q, STM32U5G9ZJJ6QTR, STM32U5G9ZJT6Q, STM32WB1MMCH6, STM32WBA52CEU6, STM32WBA52CEU6T, STM32WBA52CGU6, STM32WBA52CGU6T, STM32WBA52KEU6, STM32WBA52KEU6T, STM32WBA52KGU6, STM32WBA52KGU6T, STM32WL5MOCH6, STM32WL5MOCH6TR]
2023-09-26 09:50:27,391 [INFO] DbMcus:217 - Found 3848 MCUs, 3848 are supported
2023-09-26 09:50:27,436 [INFO] ApiDb:423 - Load user favorites file C:\Users\irsha/.stm32cubeide/favorites.mcus.txt: 0 item(s)
2023-09-26 09:50:27,439 [INFO] ApiDb:427 - User favorites MCUs=[]
2023-09-26 09:50:27,440 [INFO] DbMcus:223 - Set 0 / 0 favorites MCUs
2023-09-26 09:50:28,310 [INFO] ApiDb:668 - CubeFinder database Data Model version=2.1
2023-09-26 09:50:28,310 [INFO] ApiDb:669 - CubeFinder database Configuration version=3.0.37
2023-09-26 09:50:28,310 [INFO] ApiDb:670 - CubeFinder database generation date=2023-08-09 (1691586011)
2023-09-26 09:50:28,311 [INFO] ApiDb:671 - CubeFinder database FW Pack versions=[FP-ATR-ASTRA1_V2.0.0, FP-SNS-FLIGHT1_V5.0.1, FP-SNS-FLIGHT1_V5.0.2, FP-SNS-MOTENV1_V4.3.1, FP-SNS-MOTENV1_V4.3.2, STM32Cube_FW_C0_V1.1.0, STM32Cube_FW_F4_V1.27.1, STM32Cube_FW_F7_V1.17.0, STM32Cube_FW_G0_V1.6.1, STM32Cube_FW_G4_V1.5.1, STM32Cube_FW_H5_V0.5.1, STM32Cube_FW_H5_V1.1.0, STM32Cube_FW_H7_V1.11.0, STM32Cube_FW_L0_V1.12.2, STM32Cube_FW_L5_V1.5.0, STM32Cube_FW_U5_V1.3.0, STM32Cube_FW_U5_V1.3.0RC4, STM32Cube_FW_WBA_V1.0.0RC1, STM32Cube_FW_WBA_V1.1.0, STM32Cube_FW_WBA_V1.1.0RC1, STM32Cube_FW_WB_V1.15.0RC1, STM32Cube_FW_WB_V1.16.0, STM32Cube_FW_WB_V1.16.0RC2, STM32Cube_FW_WB_V1.17.0, STM32Cube_FW_WL_V1.3.0, X-CUBE-ALGOBUILD_V1.3.0, X-CUBE-ALS_V1.0.1, X-CUBE-AZRTOS-F4_V1.1.0, X-CUBE-AZRTOS-F7_V1.1.0, X-CUBE-AZRTOS-G0_V1.1.0, X-CUBE-AZRTOS-G4_V2.0.0, X-CUBE-AZRTOS-H7_V3.1.0, X-CUBE-AZRTOS-L4_V1.0.0, X-CUBE-AZRTOS-L4_V2.0.0, X-CUBE-AZRTOS-L5_V1.1.0, X-CUBE-AZRTOS-WB_V1.1.0, X-CUBE-AZRTOS-WL_V2.0.0, X-CUBE-BLE1_V7.0.0, X-CUBE-BLE2_V3.3.0, X-CUBE-BLEMGR_V2.0.0, X-CUBE-EEPRMA1_V4.1.0, X-CUBE-FREERTOS_V1.1.0, X-CUBE-GNSS1_V6.0.0, X-CUBE-MEMS1_V9.1.0, X-CUBE-MEMS1_V9.4.0, X-CUBE-MEMS1_V9.6.0, X-CUBE-NFC4_V3.0.0, X-CUBE-NFC7_V1.0.0, X-CUBE-SFXS2LP1_V4.0.0, X-CUBE-SUBG2_V5.0.0, X-CUBE-TOF1_V3.3.1]
2023-09-26 09:50:28,504 [INFO] DbBoardsSqlite:226 - include board P-NUCLEO-WB55-NUCLEO as a kit item of type 'Nucleo-64'
2023-09-26 09:50:28,505 [INFO] DbBoardsSqlite:226 - include board P-NUCLEO-WB55-USBDONGLE as a kit item of type 'Nucleo USB Dongle'
2023-09-26 09:50:28,505 [INFO] DbBoardsSqlite:226 - include board STEVAL-IDP005V1 as a kit item of type 'Evaluation Board'
2023-09-26 09:50:28,506 [INFO] DbBoardsSqlite:226 - include board STEVAL-IDP005V2 as a kit item of type 'Evaluation Board'
2023-09-26 09:50:28,704 [INFO] ApiDb:240 - Found 323 in-development CPN: [B-G473E-ZEST1S, B-WB1M-WPAN1, B-WL5M-SUBG1, NUCLEO-C031C6, NUCLEO-H503RB, NUCLEO-H563ZI, NUCLEO-U545RE-Q, NUCLEO-U5A5ZJ-Q, NUCLEO-WBA52CG, STEVAL-PROTEUS1, STEVAL-SMARTAG2, STEVAL-STWINBX1, STM320518-EVAL, STM32C0116-DK, STM32C011D6Y3TR, STM32C011D6Y6TR, STM32C011F4P3, STM32C011F4P6, STM32C011F4U3, STM32C011F4U6TR, STM32C011F6P3, STM32C011F6P6, STM32C011F6U3, STM32C011F6U6TR, STM32C011J4M3, STM32C011J4M6, STM32C011J6M3, STM32C011J6M6, STM32C0316-DK, STM32C031C4T3, STM32C031C4T6, STM32C031C4U3, STM32C031C4U6, STM32C031C6T3, STM32C031C6T6, STM32C031C6U3, STM32C031C6U6, STM32C031F4P3, STM32C031F4P6, STM32C031F6P3, STM32C031F6P6, STM32C031G4U3, STM32C031G4U6, STM32C031G6U3, STM32C031G6U6, STM32C031K4T3, STM32C031K4T6, STM32C031K4U3, STM32C031K4U6, STM32C031K6T3, STM32C031K6T6, STM32C031K6U3, STM32C031K6U6, STM32G071K8TXN, STM32G071K8UXN, STM32G081GBU6N, STM32G081KBT6N, STM32G081KBUXN, STM32G0B1CCT6N, STM32G0B1KCT6, STM32G0B1NEY6TR, STM32G0B1RCT6N, STM32G0C1CCT6, STM32G0C1CCT6N, STM32G0C1CCU6N, STM32G0C1CET6N, STM32G0C1CEU6N, STM32G0C1KCT6, STM32G0C1NEY6TR, STM32G0C1RCI6N, STM32G0C1RCT6N, STM32G0C1REI6N, STM32G0C1RET6N, STM32G0C1VCI6, STM32G0C1VEI6, STM32G471CCT6, STM32G471CCU6, STM32G471CET3, STM32G471CET6, STM32G471CEU3, STM32G471CEU6, STM32G471MCT6, STM32G471MET3, STM32G471MET6, STM32G471MEY6TR, STM32G471QCT6, STM32G471QET3, STM32G471RCT6, STM32G471RET3, STM32G471RET6, STM32G471VCH6, STM32G471VCI6, STM32G471VCT6, STM32G471VEH3, STM32G471VEH6, STM32G471VEI3, STM32G471VEI6, STM32G471VET3, STM32G471VET6, STM32G474CCT6, STM32H503CBT6, STM32H503CBU6, STM32H503EBY6TR, STM32H503KBU6, STM32H503RBT6, STM32H562AGI6, STM32H562AII6, STM32H562IGK6, STM32H562IGT6, STM32H562IIK6, STM32H562IIT6, STM32H562RGT6, STM32H562RGV6, STM32H562RIT6, STM32H562RIV6, STM32H562VGT6, STM32H562VIT6, STM32H562ZGT6, STM32H562ZIT6, STM32H563AGI6, STM32H563AII3Q, STM32H563AII6, STM32H563IGK6, STM32H563IGT6, STM32H563IIK3Q, STM32H563IIK6, STM32H563IIT3Q, STM32H563IIT6, STM32H563MIY3QTR, STM32H563RGT6, STM32H563RGV6, STM32H563RIT6, STM32H563RIV6, STM32H563VGT6, STM32H563VIT3Q, STM32H563VIT6, STM32H563ZGT6, STM32H563ZIT3Q, STM32H563ZIT6, STM32H573AII3Q, STM32H573AII6, STM32H573I-DK, STM32H573IIK3Q, STM32H573IIK6, STM32H573IIT3Q, STM32H573IIT6, STM32H573MIY3QTR, STM32H573RIT6, STM32H573RIV6, STM32H573VIT3Q, STM32H573VIT6, STM32H573ZIT3Q, STM32H573ZIT6, STM32L4R5QGI6STR, STM32MP131AAE3, STM32MP131AAF3, STM32MP131AAG3, STM32MP131CAE3, STM32MP131CAF3, STM32MP131CAG3, STM32MP131DAE7, STM32MP131DAF7, STM32MP131DAG7, STM32MP131FAE7, STM32MP131FAF7, STM32MP131FAG7, STM32MP133AAE3, STM32MP133AAF3, STM32MP133AAG3, STM32MP133CAE3, STM32MP133CAF3, STM32MP133CAG3, STM32MP133DAE7, STM32MP133DAF7, STM32MP133DAG7, STM32MP133FAE7, STM32MP133FAF7, STM32MP133FAG7, STM32MP135AAE3, STM32MP135AAF3, STM32MP135AAG3, STM32MP135CAE3, STM32MP135CAF3, STM32MP135CAG3, STM32MP135DAE7, STM32MP135DAF7, STM32MP135DAG7, STM32MP135F-DK, STM32MP135FAE7, STM32MP135FAF7, STM32MP135FAF7T, STM32MP135FAF7U, STM32MP135FAG7, STM32U535CBT6, STM32U535CBT6Q, STM32U535CBU6, STM32U535CBU6Q, STM32U535CCT6, STM32U535CCT6Q, STM32U535CCU6, STM32U535CCU6Q, STM32U535CET6, STM32U535CET6Q, STM32U535CEU6, STM32U535CEU6Q, STM32U535JEY6QTR, STM32U535NCY6QTR, STM32U535NEY6QTR, STM32U535RBI6, STM32U535RBI6Q, STM32U535RBT6, STM32U535RBT6Q, STM32U535RCI6, STM32U535RCI6Q, STM32U535RCT6, STM32U535RCT6Q, STM32U535REI6, STM32U535REI6Q, STM32U535RET6, STM32U535RET6Q, STM32U535VCI6, STM32U535VCI6Q, STM32U535VCT6, STM32U535VCT6Q, STM32U535VEI6, STM32U535VEI6Q, STM32U535VET6, STM32U535VET6Q, STM32U545CET6, STM32U545CET6Q, STM32U545CEU6, STM32U545CEU6Q, STM32U545JEY6QTR, STM32U545NEY6QTR, STM32U545REI6, STM32U545REI6Q, STM32U545RET6, STM32U545RET6Q, STM32U545VEI6, STM32U545VEI6Q, STM32U545VET6, STM32U545VET6Q, STM32U595AIH6, STM32U595AIH6Q, STM32U595AJH6, STM32U595AJH6Q, STM32U595QII6, STM32U595QII6Q, STM32U595QJI6, STM32U595QJI6Q, STM32U595RIT6, STM32U595RIT6Q, STM32U595RJT6, STM32U595RJT6Q, STM32U595VIT6, STM32U595VIT6Q, STM32U595VJT6, STM32U595VJT6Q, STM32U595ZIT6, STM32U595ZIT6Q, STM32U595ZIY6QTR, STM32U595ZJT6, STM32U595ZJT6Q, STM32U595ZJY6QTR, STM32U599BJY6QTR, STM32U599NIH6Q, STM32U599NJH6Q, STM32U599VIT6Q, STM32U599VJT6, STM32U599VJT6Q, STM32U599ZIT6Q, STM32U599ZIY6QTR, STM32U599ZJT6Q, STM32U599ZJY6QTR, STM32U5A5AJH6, STM32U5A5AJH6Q, STM32U5A5QJI6, STM32U5A5QJI6Q, STM32U5A5RJT6, STM32U5A5RJT6Q, STM32U5A5VJT6, STM32U5A5VJT6Q, STM32U5A5ZJT6, STM32U5A5ZJT6Q, STM32U5A5ZJY6QTR, STM32U5A9BJY6QTR, STM32U5A9J-DK, STM32U5A9NJH6Q, STM32U5A9VJT6Q, STM32U5A9ZJT6Q, STM32U5A9ZJY6QTR, STM32U5F7VIT6, STM32U5F7VIT6Q, STM32U5F7VJT6, STM32U5F7VJT6Q, STM32U5F9BJY6QTR, STM32U5F9NJH6Q, STM32U5F9VIT6Q, STM32U5F9VJT6Q, STM32U5F9ZIJ6QTR, STM32U5F9ZIT6Q, STM32U5F9ZJJ6QTR, STM32U5F9ZJT6Q, STM32U5G7VJT6, STM32U5G7VJT6Q, STM32U5G9BJY6QTR, STM32U5G9J-DK1, STM32U5G9J-DK2, STM32U5G9NJH6Q, STM32U5G9VJT6Q, STM32U5G9ZJJ6QTR, STM32U5G9ZJT6Q, STM32WB1MMCH6, STM32WBA52CEU6, STM32WBA52CEU6T, STM32WBA52CGU6, STM32WBA52CGU6T, STM32WBA52KEU6, STM32WBA52KEU6T, STM32WBA52KGU6, STM32WBA52KGU6T, STM32WL5MOCH6, STM32WL5MOCH6TR]
2023-09-26 09:50:29,113 [INFO] BoardInfo:880 - No configuration file found for board P-NUCLEO-WB55
2023-09-26 09:50:29,114 [INFO] DbBoards:157 - Kit is not supported: P-NUCLEO-WB55
2023-09-26 09:50:29,125 [INFO] BoardInfo:880 - No configuration file found for board STEVAL-BFA001V1B
2023-09-26 09:50:29,126 [INFO] DbBoards:157 - Kit is not supported: STEVAL-BFA001V1B
2023-09-26 09:50:29,128 [INFO] BoardInfo:880 - No configuration file found for board STEVAL-BFA001V2B
2023-09-26 09:50:29,129 [INFO] DbBoards:157 - Kit is not supported: STEVAL-BFA001V2B
2023-09-26 09:50:29,485 [INFO] DbBoards:161 - Found 190 boards, 187 are supported
2023-09-26 09:50:29,488 [INFO] ApiDb:423 - Load user favorites file C:\Users\irsha/.stm32cubeide/favorites.boards.txt: 0 item(s)
2023-09-26 09:50:29,488 [INFO] ApiDb:427 - User favorites Boards=[]
2023-09-26 09:50:29,488 [INFO] DbBoards:190 - Set 0 / 0 favorites Boards
2023-09-26 09:50:29,497 [INFO] ApiDb:668 - CubeFinder database Data Model version=2.1
2023-09-26 09:50:29,497 [INFO] ApiDb:669 - CubeFinder database Configuration version=3.0.37
2023-09-26 09:50:29,497 [INFO] ApiDb:670 - CubeFinder database generation date=2023-08-09 (1691586011)
2023-09-26 09:50:29,498 [INFO] ApiDb:671 - CubeFinder database FW Pack versions=[FP-ATR-ASTRA1_V2.0.0, FP-SNS-FLIGHT1_V5.0.1, FP-SNS-FLIGHT1_V5.0.2, FP-SNS-MOTENV1_V4.3.1, FP-SNS-MOTENV1_V4.3.2, STM32Cube_FW_C0_V1.1.0, STM32Cube_FW_F4_V1.27.1, STM32Cube_FW_F7_V1.17.0, STM32Cube_FW_G0_V1.6.1, STM32Cube_FW_G4_V1.5.1, STM32Cube_FW_H5_V0.5.1, STM32Cube_FW_H5_V1.1.0, STM32Cube_FW_H7_V1.11.0, STM32Cube_FW_L0_V1.12.2, STM32Cube_FW_L5_V1.5.0, STM32Cube_FW_U5_V1.3.0, STM32Cube_FW_U5_V1.3.0RC4, STM32Cube_FW_WBA_V1.0.0RC1, STM32Cube_FW_WBA_V1.1.0, STM32Cube_FW_WBA_V1.1.0RC1, STM32Cube_FW_WB_V1.15.0RC1, STM32Cube_FW_WB_V1.16.0, STM32Cube_FW_WB_V1.16.0RC2, STM32Cube_FW_WB_V1.17.0, STM32Cube_FW_WL_V1.3.0, X-CUBE-ALGOBUILD_V1.3.0, X-CUBE-ALS_V1.0.1, X-CUBE-AZRTOS-F4_V1.1.0, X-CUBE-AZRTOS-F7_V1.1.0, X-CUBE-AZRTOS-G0_V1.1.0, X-CUBE-AZRTOS-G4_V2.0.0, X-CUBE-AZRTOS-H7_V3.1.0, X-CUBE-AZRTOS-L4_V1.0.0, X-CUBE-AZRTOS-L4_V2.0.0, X-CUBE-AZRTOS-L5_V1.1.0, X-CUBE-AZRTOS-WB_V1.1.0, X-CUBE-AZRTOS-WL_V2.0.0, X-CUBE-BLE1_V7.0.0, X-CUBE-BLE2_V3.3.0, X-CUBE-BLEMGR_V2.0.0, X-CUBE-EEPRMA1_V4.1.0, X-CUBE-FREERTOS_V1.1.0, X-CUBE-GNSS1_V6.0.0, X-CUBE-MEMS1_V9.1.0, X-CUBE-MEMS1_V9.4.0, X-CUBE-MEMS1_V9.6.0, X-CUBE-NFC4_V3.0.0, X-CUBE-NFC7_V1.0.0, X-CUBE-SFXS2LP1_V4.0.0, X-CUBE-SUBG2_V5.0.0, X-CUBE-TOF1_V3.3.1]
2023-09-26 09:50:31,424 [INFO] DbExamplesSqlite:395 - Ignored 27 examples not supported by CubeIDE
2023-09-26 09:50:31,425 [INFO] DbExamplesSqlite:396 - Found 7231 examples active
2023-09-26 09:50:31,425 [INFO] DbExamplesSqlite:397 - Found 677 examples obsolete
2023-09-26 09:50:31,425 [INFO] DbExamplesSqlite:398 - Found 0 examples under development
2023-09-26 09:50:31,426 [INFO] DbExamplesSqlite:399 - Found 74 examples not building
2023-09-26 09:50:31,429 [INFO] DbExamples:125 - Found 7278 examples
2023-09-26 09:50:31,460 [INFO] DbExamples:222 - Found 92 boards with related examples
2023-09-26 09:50:31,462 [INFO] DbExamples:235 - Found 78 MCUs with related examples
2023-09-26 09:50:31,500 [INFO] ApiDb:414 - User favorites file not found: C:\Users\irsha/.stm32cubeide/favorites.examples.txt
2023-09-26 09:50:31,501 [INFO] DbExamples:250 - Set 0 / 0 favorites Examples
2023-09-26 09:50:32,668 [INFO] McuFinderGlobals:76 - Set McuFinderConnectedMode to true
2023-09-26 09:50:32,681 [INFO] MultiScanPanel:200 - Auto-refresh data requested => check proxy status ongoing
2023-09-26 09:50:32,694 [INFO] FinderPluginLoader:95 - Searching for filters in installed packs
2023-09-26 09:50:36,342 [INFO] LoadUrlFilesThread:185 - End of LoadServerUrlFiles without Thread
2023-09-26 09:50:36,391 [INFO] DetailPanel:341 - Set advertising image to C:/Users/irsha/STM32Cube/Repository/\en.prom-stm32h5-mcu-finder.jpg
2023-09-26 09:50:44,858 [INFO] MultiScanPanel:200 - Auto-refresh data requested => check proxy status ongoing
2023-09-26 09:50:45,731 [INFO] LoadUrlFilesThread:185 - End of LoadServerUrlFiles without Thread
2023-09-26 09:50:45,731 [INFO] DetailPanel:341 - Set advertising image to C:/Users/irsha/STM32Cube/Repository/\en.prom-stm32h5-mcu-finder.jpg
2023-09-26 09:50:45,844 [INFO] DbBoards:634 - Loading board mini-images...
2023-09-26 09:50:50,605 [ERROR] DbBoards:651 - Image file not found for board STM32U5G9J-DK1: C:\Users\irsha\.stmcufinder\plugins\mcufinder//mcu//boards_images/STM32U5G9J-DK1.jpg
2023-09-26 09:50:50,606 [ERROR] DbBoards:651 - Image file not found for board STM32U5G9J-DK2: C:\Users\irsha\.stmcufinder\plugins\mcufinder//mcu//boards_images/STM32U5G9J-DK2.jpg
2023-09-26 09:50:50,645 [INFO] DbBoards:657 - Loaded 188 board mini-images
2023-09-26 09:51:10,042 [INFO] ServerAccessManage:473 - Download File DB2196.pdf
2023-09-26 09:51:10,330 [INFO] LoadUrlFilesThread:156 - End of LoadUrlFiles Thread
2023-09-26 09:51:11,081 [INFO] BoardAction:139 - Datasheet
2023-09-26 09:53:32,760 [INFO] BoardAction:75 - Docs & Resources
2023-09-26 09:53:57,963 [INFO] ServerAccessManage:473 - Download File UM1724.pdf
2023-09-26 09:53:58,915 [INFO] LoadUrlFilesThread:156 - End of LoadUrlFiles Thread
2023-09-26 09:54:55,476 [INFO] ServerAccessManage:473 - Download File 19167.pdf
2023-09-26 09:54:55,953 [INFO] LoadUrlFilesThread:156 - End of LoadUrlFiles Thread
2023-09-26 09:57:54,015 [INFO] McuFinderGlobals:76 - Set McuFinderConnectedMode to true
2023-09-26 09:57:54,324 [INFO] ApiDb:448 - Save user favorites file C:\Users\irsha/.stm32cubeide/favorites.mcus.txt: 0 item(s)
2023-09-26 09:57:54,325 [INFO] ApiDb:452 - User favorites MCUs=[]
2023-09-26 09:57:54,327 [INFO] ApiDb:448 - Save user favorites file C:\Users\irsha/.stm32cubeide/favorites.boards.txt: 0 item(s)
2023-09-26 09:57:54,327 [INFO] ApiDb:452 - User favorites Boards=[]
