2023-07-27 06:42:46,553 [INFO] UtilMem:75 - End SaveConfig() Used Memory: 272330056 Bytes (681574400)
2023-07-27 06:42:50,068 [INFO] UtilMem:75 - End SaveConfig() Used Memory: 299326432 Bytes (681574400)
2023-07-27 06:42:51,211 [INFO] UtilMem:75 - End SaveConfig() Used Memory: 357788992 Bytes (681574400)
2023-07-27 06:42:54,390 [INFO] BlockDiagram:2759 - set Specific Code input for plugin: SPI
2023-07-27 06:42:54,390 [INFO] BlockDiagram:2759 - set Specific Code input for plugin: RCC
2023-07-27 06:42:54,390 [INFO] BlockDiagram:2759 - set Specific Code input for plugin: NVIC
2023-07-27 06:42:54,391 [INFO] BlockDiagram:2759 - set Specific Code input for plugin: GPIO
2023-07-27 06:42:54,392 [INFO] CodeGenerator:799 - code generatio: config db path: C:\ST\STM32CubeIDE_1.13.0\STM32CubeIDE\plugins\com.st.stm32cube.common.mx_6.9.0.202307051724\\db\
2023-07-27 06:42:55,417 [INFO] CodeEngine:255 - oldGeneratedFile, C:\Users\irsha\STM32CubeIDE\workspace_1.13.0\stm32_sd_card_spi\MXTmpFiles\license.tmp_save
2023-07-27 06:42:55,669 [INFO] CodeEngine:279 - Generated code: C:\Users\irsha\STM32CubeIDE\workspace_1.13.0\stm32_sd_card_spi\MXTmpFiles\license.tmp
2023-07-27 06:42:55,978 [INFO] CodeEngine:255 - oldGeneratedFile, C:\Users\irsha\STM32CubeIDE\workspace_1.13.0\stm32_sd_card_spi\MXTmpFiles\gpio.tmp_save
2023-07-27 06:42:56,158 [INFO] CodeEngine:279 - Generated code: C:\Users\irsha\STM32CubeIDE\workspace_1.13.0\stm32_sd_card_spi\MXTmpFiles\gpio.tmp
2023-07-27 06:42:56,820 [INFO] CodeEngine:255 - oldGeneratedFile, C:\Users\irsha\STM32CubeIDE\workspace_1.13.0\stm32_sd_card_spi\Core\Src\stm32l4xx_it.c_save
2023-07-27 06:42:57,416 [INFO] CodeEngine:279 - Generated code: C:\Users\irsha\STM32CubeIDE\workspace_1.13.0\stm32_sd_card_spi\Core\Src\stm32l4xx_it.c
2023-07-27 06:42:57,457 [INFO] CodeEngine:255 - oldGeneratedFile, C:\Users\irsha\STM32CubeIDE\workspace_1.13.0\stm32_sd_card_spi\Core\Inc\stm32l4xx_it.h_save
2023-07-27 06:42:57,616 [INFO] CodeEngine:279 - Generated code: C:\Users\irsha\STM32CubeIDE\workspace_1.13.0\stm32_sd_card_spi\Core\Inc\stm32l4xx_it.h
2023-07-27 06:42:57,920 [INFO] CodeEngine:255 - oldGeneratedFile, C:\Users\irsha\STM32CubeIDE\workspace_1.13.0\stm32_sd_card_spi\Core\Src\stm32l4xx_hal_msp.c_save
2023-07-27 06:42:58,882 [INFO] CodeEngine:279 - Generated code: C:\Users\irsha\STM32CubeIDE\workspace_1.13.0\stm32_sd_card_spi\Core\Src\stm32l4xx_hal_msp.c
2023-07-27 06:42:58,932 [INFO] CodeEngine:255 - oldGeneratedFile, C:\Users\irsha\STM32CubeIDE\workspace_1.13.0\stm32_sd_card_spi\MXTmpFiles\system.tmp_save
2023-07-27 06:42:59,428 [INFO] CodeEngine:279 - Generated code: C:\Users\irsha\STM32CubeIDE\workspace_1.13.0\stm32_sd_card_spi\MXTmpFiles\system.tmp
2023-07-27 06:42:59,524 [INFO] CodeEngine:311 - oldGeneratedFile, C:\Users\irsha\STM32CubeIDE\workspace_1.13.0\stm32_sd_card_spi\Core\Inc\stm32l4xx_hal_conf.h_save
2023-07-27 06:43:01,143 [INFO] CodeEngine:335 - Generated code: C:\Users\irsha\STM32CubeIDE\workspace_1.13.0\stm32_sd_card_spi\Core\Inc\stm32l4xx_hal_conf.h
2023-07-27 06:43:01,367 [INFO] CodeEngine:255 - oldGeneratedFile, C:\Users\irsha\STM32CubeIDE\workspace_1.13.0\stm32_sd_card_spi\Core\Inc\main.h_save
2023-07-27 06:43:01,671 [INFO] CodeEngine:279 - Generated code: C:\Users\irsha\STM32CubeIDE\workspace_1.13.0\stm32_sd_card_spi\Core\Inc\main.h
2023-07-27 06:43:01,725 [INFO] CodeEngine:255 - oldGeneratedFile, C:\Users\irsha\STM32CubeIDE\workspace_1.13.0\stm32_sd_card_spi\Core\Src\main.c_save
2023-07-27 06:43:02,110 [INFO] CodeEngine:279 - Generated code: C:\Users\irsha\STM32CubeIDE\workspace_1.13.0\stm32_sd_card_spi\Core\Src\main.c
2023-07-27 06:43:05,154 [INFO] ProjectBuilder:3064 - Time for Copy HAL[1] : 1381mS.
2023-07-27 06:43:05,160 [INFO] ProjectBuilder:4404 - Project Generator version: 4.1.0
2023-07-27 06:43:05,699 [INFO] ConfigFileManager:1457 - The Die is : DIE415
2023-07-27 06:43:13,739 [INFO] ProjectBuilder:4626 - Time for Generating toolchain IDE Files: 8579mS.
2023-07-27 06:43:13,740 [INFO] ProjectBuilder:2935 - Time for Copy CMSIS : 1mS.
2023-07-27 06:43:13,744 [INFO] ProjectBuilder:2935 - Time for Copy CMSIS : 0mS.
